<?xml version="1.0" encoding="utf-8"?>
<CoverageSession xmlns:xsd="http://www.w3.org/2001/XMLSchema" xmlns:xsi="http://www.w3.org/2001/XMLSchema-instance" Version="4.7.922.0">
  <Summary numSequencePoints="1933" visitedSequencePoints="871" numBranchPoints="524" visitedBranchPoints="214" sequenceCoverage="45.06" branchCoverage="40.84" maxCyclomaticComplexity="7" minCyclomaticComplexity="1" maxCrapScore="56" minCrapScore="1" visitedClasses="21" numClasses="42" visitedMethods="144" numMethods="298" />
  <Modules>
    <Module hash="F8-64-87-6E-BF-3F-BF-91-F4-B5-8A-BE-A8-BE-9D-4B-DA-34-B2-E2">
      <Summary numSequencePoints="190" visitedSequencePoints="190" numBranchPoints="28" visitedBranchPoints="28" sequenceCoverage="100" branchCoverage="100" maxCyclomaticComplexity="1" minCyclomaticComplexity="1" maxCrapScore="2" minCrapScore="1" visitedClasses="7" numClasses="7" visitedMethods="28" numMethods="28" />
      <ModulePath>D:\C#\NTUT_WP_PowerPoint\Power PointTests\bin\Debug\fine-code-coverage\build-output\Power PointTests.dll</ModulePath>
      <ModuleTime>2024-01-06T05:43:56.0885029Z</ModuleTime>
      <ModuleName>Power PointTests</ModuleName>
      <Files>
        <File uid="1" fullPath="D:\C#\NTUT_WP_PowerPoint\Power PointTests\FormTests.cs" />
        <File uid="2" fullPath="D:\C#\NTUT_WP_PowerPoint\Power PointTests\Components\DoubleBufferedPanelTests.cs" />
        <File uid="3" fullPath="D:\C#\NTUT_WP_PowerPoint\Power PointTests\Shape\CircleTests.cs" />
        <File uid="4" fullPath="D:\C#\NTUT_WP_PowerPoint\Power PointTests\Shape\LineTests.cs" />
        <File uid="5" fullPath="D:\C#\NTUT_WP_PowerPoint\Power PointTests\Shape\RectangleTests.cs" />
        <File uid="6" fullPath="D:\C#\NTUT_WP_PowerPoint\Power PointTests\Shape\ShapesTests.cs" />
        <File uid="7" fullPath="D:\C#\NTUT_WP_PowerPoint\Power PointTests\Shape\ShapeTests.cs" />
      </Files>
      <Classes>
        <Class>
          <Summary numSequencePoints="29" visitedSequencePoints="29" numBranchPoints="9" visitedBranchPoints="9" sequenceCoverage="100" branchCoverage="100" maxCyclomaticComplexity="1" minCyclomaticComplexity="1" maxCrapScore="2" minCrapScore="1" visitedClasses="1" numClasses="1" visitedMethods="9" numMethods="9" />
          <FullName>Power_Point.FormTests</FullName>
          <Methods>
            <Method visited="true" cyclomaticComplexity="1" nPathComplexity="0" sequenceCoverage="100" branchCoverage="100" crapScore="1" isConstructor="false" isStatic="false" isGetter="false" isSetter="false">
              <Summary numSequencePoints="4" visitedSequencePoints="4" numBranchPoints="1" visitedBranchPoints="1" sequenceCoverage="100" branchCoverage="100" maxCyclomaticComplexity="1" minCyclomaticComplexity="1" maxCrapScore="1" minCrapScore="1" visitedClasses="0" numClasses="0" visitedMethods="1" numMethods="1" />
              <MetadataToken>100663297</MetadataToken>
              <Name>System.Void Power_Point.FormTests::FormTestInitialize()</Name>
              <FileRef uid="1" />
              <SequencePoints>
                <SequencePoint vc="8" uspid="1" ordinal="0" offset="0" sl="18" sc="9" el="18" ec="10" bec="0" bev="0" fileid="1" />
                <SequencePoint vc="8" uspid="2" ordinal="1" offset="1" sl="19" sc="13" el="19" ec="70" bec="0" bev="0" fileid="1" />
                <SequencePoint vc="8" uspid="3" ordinal="2" offset="22" sl="20" sc="13" el="20" ec="26" bec="0" bev="0" fileid="1" />
                <SequencePoint vc="8" uspid="4" ordinal="3" offset="34" sl="21" sc="9" el="21" ec="10" bec="0" bev="0" fileid="1" />
              </SequencePoints>
              <BranchPoints />
              <MethodPoint xsi:type="SequencePoint" vc="8" uspid="1" ordinal="0" offset="0" sl="18" sc="9" el="18" ec="10" bec="0" bev="0" fileid="1" />
            </Method>
            <Method visited="true" cyclomaticComplexity="1" nPathComplexity="0" sequenceCoverage="100" branchCoverage="100" crapScore="1" isConstructor="false" isStatic="false" isGetter="false" isSetter="false">
              <Summary numSequencePoints="3" visitedSequencePoints="3" numBranchPoints="1" visitedBranchPoints="1" sequenceCoverage="100" branchCoverage="100" maxCyclomaticComplexity="1" minCyclomaticComplexity="1" maxCrapScore="1" minCrapScore="1" visitedClasses="0" numClasses="0" visitedMethods="1" numMethods="1" />
              <MetadataToken>100663298</MetadataToken>
              <Name>System.Void Power_Point.FormTests::FormTest()</Name>
              <FileRef uid="1" />
              <SequencePoints>
                <SequencePoint vc="1" uspid="5" ordinal="0" offset="0" sl="25" sc="9" el="25" ec="10" bec="0" bev="0" fileid="1" />
                <SequencePoint vc="1" uspid="6" ordinal="1" offset="1" sl="26" sc="13" el="26" ec="27" bec="0" bev="0" fileid="1" />
                <SequencePoint vc="1" uspid="7" ordinal="2" offset="13" sl="27" sc="9" el="27" ec="10" bec="0" bev="0" fileid="1" />
              </SequencePoints>
              <BranchPoints />
              <MethodPoint xsi:type="SequencePoint" vc="1" uspid="5" ordinal="0" offset="0" sl="25" sc="9" el="25" ec="10" bec="0" bev="0" fileid="1" />
            </Method>
            <Method visited="true" cyclomaticComplexity="1" nPathComplexity="0" sequenceCoverage="100" branchCoverage="100" crapScore="1" isConstructor="false" isStatic="false" isGetter="false" isSetter="false">
              <Summary numSequencePoints="3" visitedSequencePoints="3" numBranchPoints="1" visitedBranchPoints="1" sequenceCoverage="100" branchCoverage="100" maxCyclomaticComplexity="1" minCyclomaticComplexity="1" maxCrapScore="1" minCrapScore="1" visitedClasses="0" numClasses="0" visitedMethods="1" numMethods="1" />
              <MetadataToken>100663299</MetadataToken>
              <Name>System.Void Power_Point.FormTests::ClickAddShapeButtonTest()</Name>
              <FileRef uid="1" />
              <SequencePoints>
                <SequencePoint vc="1" uspid="8" ordinal="0" offset="0" sl="31" sc="9" el="31" ec="10" bec="0" bev="0" fileid="1" />
                <SequencePoint vc="1" uspid="9" ordinal="1" offset="1" sl="32" sc="13" el="32" ec="27" bec="0" bev="0" fileid="1" />
                <SequencePoint vc="1" uspid="10" ordinal="2" offset="13" sl="33" sc="9" el="33" ec="10" bec="0" bev="0" fileid="1" />
              </SequencePoints>
              <BranchPoints />
              <MethodPoint xsi:type="SequencePoint" vc="1" uspid="8" ordinal="0" offset="0" sl="31" sc="9" el="31" ec="10" bec="0" bev="0" fileid="1" />
            </Method>
            <Method visited="true" cyclomaticComplexity="1" nPathComplexity="0" sequenceCoverage="100" branchCoverage="100" crapScore="1" isConstructor="false" isStatic="false" isGetter="false" isSetter="false">
              <Summary numSequencePoints="3" visitedSequencePoints="3" numBranchPoints="1" visitedBranchPoints="1" sequenceCoverage="100" branchCoverage="100" maxCyclomaticComplexity="1" minCyclomaticComplexity="1" maxCrapScore="1" minCrapScore="1" visitedClasses="0" numClasses="0" visitedMethods="1" numMethods="1" />
              <MetadataToken>100663300</MetadataToken>
              <Name>System.Void Power_Point.FormTests::HandleCanvasPointerPressedTest()</Name>
              <FileRef uid="1" />
              <SequencePoints>
                <SequencePoint vc="1" uspid="11" ordinal="0" offset="0" sl="37" sc="9" el="37" ec="10" bec="0" bev="0" fileid="1" />
                <SequencePoint vc="1" uspid="12" ordinal="1" offset="1" sl="38" sc="13" el="38" ec="27" bec="0" bev="0" fileid="1" />
                <SequencePoint vc="1" uspid="13" ordinal="2" offset="13" sl="39" sc="9" el="39" ec="10" bec="0" bev="0" fileid="1" />
              </SequencePoints>
              <BranchPoints />
              <MethodPoint xsi:type="SequencePoint" vc="1" uspid="11" ordinal="0" offset="0" sl="37" sc="9" el="37" ec="10" bec="0" bev="0" fileid="1" />
            </Method>
            <Method visited="true" cyclomaticComplexity="1" nPathComplexity="0" sequenceCoverage="100" branchCoverage="100" crapScore="1" isConstructor="false" isStatic="false" isGetter="false" isSetter="false">
              <Summary numSequencePoints="3" visitedSequencePoints="3" numBranchPoints="1" visitedBranchPoints="1" sequenceCoverage="100" branchCoverage="100" maxCyclomaticComplexity="1" minCyclomaticComplexity="1" maxCrapScore="1" minCrapScore="1" visitedClasses="0" numClasses="0" visitedMethods="1" numMethods="1" />
              <MetadataToken>100663301</MetadataToken>
              <Name>System.Void Power_Point.FormTests::HandleCanvasPointerReleasedTest()</Name>
              <FileRef uid="1" />
              <SequencePoints>
                <SequencePoint vc="1" uspid="14" ordinal="0" offset="0" sl="43" sc="9" el="43" ec="10" bec="0" bev="0" fileid="1" />
                <SequencePoint vc="1" uspid="15" ordinal="1" offset="1" sl="44" sc="13" el="44" ec="27" bec="0" bev="0" fileid="1" />
                <SequencePoint vc="1" uspid="16" ordinal="2" offset="13" sl="45" sc="9" el="45" ec="10" bec="0" bev="0" fileid="1" />
              </SequencePoints>
              <BranchPoints />
              <MethodPoint xsi:type="SequencePoint" vc="1" uspid="14" ordinal="0" offset="0" sl="43" sc="9" el="43" ec="10" bec="0" bev="0" fileid="1" />
            </Method>
            <Method visited="true" cyclomaticComplexity="1" nPathComplexity="0" sequenceCoverage="100" branchCoverage="100" crapScore="1" isConstructor="false" isStatic="false" isGetter="false" isSetter="false">
              <Summary numSequencePoints="3" visitedSequencePoints="3" numBranchPoints="1" visitedBranchPoints="1" sequenceCoverage="100" branchCoverage="100" maxCyclomaticComplexity="1" minCyclomaticComplexity="1" maxCrapScore="1" minCrapScore="1" visitedClasses="0" numClasses="0" visitedMethods="1" numMethods="1" />
              <MetadataToken>100663302</MetadataToken>
              <Name>System.Void Power_Point.FormTests::HandleCanvasPointerMovedTest()</Name>
              <FileRef uid="1" />
              <SequencePoints>
                <SequencePoint vc="1" uspid="17" ordinal="0" offset="0" sl="49" sc="9" el="49" ec="10" bec="0" bev="0" fileid="1" />
                <SequencePoint vc="1" uspid="18" ordinal="1" offset="1" sl="50" sc="13" el="50" ec="27" bec="0" bev="0" fileid="1" />
                <SequencePoint vc="1" uspid="19" ordinal="2" offset="13" sl="51" sc="9" el="51" ec="10" bec="0" bev="0" fileid="1" />
              </SequencePoints>
              <BranchPoints />
              <MethodPoint xsi:type="SequencePoint" vc="1" uspid="17" ordinal="0" offset="0" sl="49" sc="9" el="49" ec="10" bec="0" bev="0" fileid="1" />
            </Method>
            <Method visited="true" cyclomaticComplexity="1" nPathComplexity="0" sequenceCoverage="100" branchCoverage="100" crapScore="1" isConstructor="false" isStatic="false" isGetter="false" isSetter="false">
              <Summary numSequencePoints="3" visitedSequencePoints="3" numBranchPoints="1" visitedBranchPoints="1" sequenceCoverage="100" branchCoverage="100" maxCyclomaticComplexity="1" minCyclomaticComplexity="1" maxCrapScore="1" minCrapScore="1" visitedClasses="0" numClasses="0" visitedMethods="1" numMethods="1" />
              <MetadataToken>100663303</MetadataToken>
              <Name>System.Void Power_Point.FormTests::HandleCanvasPaintTest()</Name>
              <FileRef uid="1" />
              <SequencePoints>
                <SequencePoint vc="1" uspid="20" ordinal="0" offset="0" sl="55" sc="9" el="55" ec="10" bec="0" bev="0" fileid="1" />
                <SequencePoint vc="1" uspid="21" ordinal="1" offset="1" sl="56" sc="13" el="56" ec="27" bec="0" bev="0" fileid="1" />
                <SequencePoint vc="1" uspid="22" ordinal="2" offset="13" sl="57" sc="9" el="57" ec="10" bec="0" bev="0" fileid="1" />
              </SequencePoints>
              <BranchPoints />
              <MethodPoint xsi:type="SequencePoint" vc="1" uspid="20" ordinal="0" offset="0" sl="55" sc="9" el="55" ec="10" bec="0" bev="0" fileid="1" />
            </Method>
            <Method visited="true" cyclomaticComplexity="1" nPathComplexity="0" sequenceCoverage="100" branchCoverage="100" crapScore="1" isConstructor="false" isStatic="false" isGetter="false" isSetter="false">
              <Summary numSequencePoints="3" visitedSequencePoints="3" numBranchPoints="1" visitedBranchPoints="1" sequenceCoverage="100" branchCoverage="100" maxCyclomaticComplexity="1" minCyclomaticComplexity="1" maxCrapScore="1" minCrapScore="1" visitedClasses="0" numClasses="0" visitedMethods="1" numMethods="1" />
              <MetadataToken>100663304</MetadataToken>
              <Name>System.Void Power_Point.FormTests::HandlePagePaintTest()</Name>
              <FileRef uid="1" />
              <SequencePoints>
                <SequencePoint vc="1" uspid="23" ordinal="0" offset="0" sl="61" sc="9" el="61" ec="10" bec="0" bev="0" fileid="1" />
                <SequencePoint vc="1" uspid="24" ordinal="1" offset="1" sl="62" sc="13" el="62" ec="27" bec="0" bev="0" fileid="1" />
                <SequencePoint vc="1" uspid="25" ordinal="2" offset="13" sl="63" sc="9" el="63" ec="10" bec="0" bev="0" fileid="1" />
              </SequencePoints>
              <BranchPoints />
              <MethodPoint xsi:type="SequencePoint" vc="1" uspid="23" ordinal="0" offset="0" sl="61" sc="9" el="61" ec="10" bec="0" bev="0" fileid="1" />
            </Method>
            <Method visited="true" cyclomaticComplexity="1" nPathComplexity="0" sequenceCoverage="100" branchCoverage="100" crapScore="1" isConstructor="false" isStatic="false" isGetter="false" isSetter="false">
              <Summary numSequencePoints="4" visitedSequencePoints="4" numBranchPoints="1" visitedBranchPoints="1" sequenceCoverage="100" branchCoverage="100" maxCyclomaticComplexity="1" minCyclomaticComplexity="1" maxCrapScore="1" minCrapScore="1" visitedClasses="0" numClasses="0" visitedMethods="1" numMethods="1" />
              <MetadataToken>100663305</MetadataToken>
              <Name>System.Void Power_Point.FormTests::ClickCircleButtonTests()</Name>
              <FileRef uid="1" />
              <SequencePoints>
                <SequencePoint vc="1" uspid="26" ordinal="0" offset="0" sl="67" sc="9" el="67" ec="10" bec="0" bev="0" fileid="1" />
                <SequencePoint vc="1" uspid="27" ordinal="1" offset="1" sl="68" sc="13" el="68" ec="49" bec="0" bev="0" fileid="1" />
                <SequencePoint vc="1" uspid="28" ordinal="2" offset="15" sl="69" sc="13" el="69" ec="27" bec="0" bev="0" fileid="1" />
                <SequencePoint vc="1" uspid="29" ordinal="3" offset="27" sl="70" sc="9" el="70" ec="10" bec="0" bev="0" fileid="1" />
              </SequencePoints>
              <BranchPoints />
              <MethodPoint xsi:type="SequencePoint" vc="1" uspid="26" ordinal="0" offset="0" sl="67" sc="9" el="67" ec="10" bec="0" bev="0" fileid="1" />
            </Method>
            <Method visited="false" cyclomaticComplexity="1" nPathComplexity="0" sequenceCoverage="0" branchCoverage="0" crapScore="2" isConstructor="true" isStatic="false" isGetter="false" isSetter="false">
              <Summary numSequencePoints="0" visitedSequencePoints="0" numBranchPoints="0" visitedBranchPoints="0" sequenceCoverage="0" branchCoverage="0" maxCyclomaticComplexity="1" minCyclomaticComplexity="1" maxCrapScore="2" minCrapScore="2" visitedClasses="0" numClasses="0" visitedMethods="0" numMethods="0" />
              <MetadataToken>100663306</MetadataToken>
              <Name>System.Void Power_Point.FormTests::.ctor()</Name>
              <SequencePoints />
              <BranchPoints />
              <MethodPoint vc="0" uspid="30" ordinal="0" offset="0" />
            </Method>
          </Methods>
        </Class>
        <Class>
          <Summary numSequencePoints="4" visitedSequencePoints="4" numBranchPoints="1" visitedBranchPoints="1" sequenceCoverage="100" branchCoverage="100" maxCyclomaticComplexity="1" minCyclomaticComplexity="1" maxCrapScore="2" minCrapScore="1" visitedClasses="1" numClasses="1" visitedMethods="1" numMethods="1" />
          <FullName>Power_Point.Tests.DoubleBufferedPanelTests</FullName>
          <Methods>
            <Method visited="true" cyclomaticComplexity="1" nPathComplexity="0" sequenceCoverage="100" branchCoverage="100" crapScore="1" isConstructor="false" isStatic="false" isGetter="false" isSetter="false">
              <Summary numSequencePoints="4" visitedSequencePoints="4" numBranchPoints="1" visitedBranchPoints="1" sequenceCoverage="100" branchCoverage="100" maxCyclomaticComplexity="1" minCyclomaticComplexity="1" maxCrapScore="1" minCrapScore="1" visitedClasses="0" numClasses="0" visitedMethods="1" numMethods="1" />
              <MetadataToken>100663307</MetadataToken>
              <Name>System.Void Power_Point.Tests.DoubleBufferedPanelTests::DoubleBufferedPanelTest()</Name>
              <FileRef uid="2" />
              <SequencePoints>
                <SequencePoint vc="1" uspid="31" ordinal="0" offset="0" sl="17" sc="9" el="17" ec="10" bec="0" bev="0" fileid="2" />
                <SequencePoint vc="1" uspid="32" ordinal="1" offset="1" sl="18" sc="13" el="18" ec="81" bec="0" bev="0" fileid="2" />
                <SequencePoint vc="1" uspid="33" ordinal="2" offset="7" sl="20" sc="13" el="20" ec="87" bec="0" bev="0" fileid="2" />
                <SequencePoint vc="1" uspid="34" ordinal="3" offset="24" sl="21" sc="9" el="21" ec="10" bec="0" bev="0" fileid="2" />
              </SequencePoints>
              <BranchPoints />
              <MethodPoint xsi:type="SequencePoint" vc="1" uspid="31" ordinal="0" offset="0" sl="17" sc="9" el="17" ec="10" bec="0" bev="0" fileid="2" />
            </Method>
            <Method visited="false" cyclomaticComplexity="1" nPathComplexity="0" sequenceCoverage="0" branchCoverage="0" crapScore="2" isConstructor="true" isStatic="false" isGetter="false" isSetter="false">
              <Summary numSequencePoints="0" visitedSequencePoints="0" numBranchPoints="0" visitedBranchPoints="0" sequenceCoverage="0" branchCoverage="0" maxCyclomaticComplexity="1" minCyclomaticComplexity="1" maxCrapScore="2" minCrapScore="2" visitedClasses="0" numClasses="0" visitedMethods="0" numMethods="0" />
              <MetadataToken>100663308</MetadataToken>
              <Name>System.Void Power_Point.Tests.DoubleBufferedPanelTests::.ctor()</Name>
              <SequencePoints />
              <BranchPoints />
              <MethodPoint vc="0" uspid="35" ordinal="0" offset="0" />
            </Method>
          </Methods>
        </Class>
        <Class>
          <Summary numSequencePoints="15" visitedSequencePoints="15" numBranchPoints="2" visitedBranchPoints="2" sequenceCoverage="100" branchCoverage="100" maxCyclomaticComplexity="1" minCyclomaticComplexity="1" maxCrapScore="2" minCrapScore="1" visitedClasses="1" numClasses="1" visitedMethods="2" numMethods="2" />
          <FullName>Power_Point.Tests.CircleTests</FullName>
          <Methods>
            <Method visited="true" cyclomaticComplexity="1" nPathComplexity="0" sequenceCoverage="100" branchCoverage="100" crapScore="1" isConstructor="false" isStatic="false" isGetter="false" isSetter="false">
              <Summary numSequencePoints="8" visitedSequencePoints="8" numBranchPoints="1" visitedBranchPoints="1" sequenceCoverage="100" branchCoverage="100" maxCyclomaticComplexity="1" minCyclomaticComplexity="1" maxCrapScore="1" minCrapScore="1" visitedClasses="0" numClasses="0" visitedMethods="1" numMethods="1" />
              <MetadataToken>100663309</MetadataToken>
              <Name>System.Void Power_Point.Tests.CircleTests::CircleTest()</Name>
              <FileRef uid="3" />
              <SequencePoints>
                <SequencePoint vc="1" uspid="36" ordinal="0" offset="0" sl="17" sc="9" el="17" ec="10" bec="0" bev="0" fileid="3" />
                <SequencePoint vc="1" uspid="37" ordinal="1" offset="1" sl="18" sc="13" el="18" ec="58" bec="0" bev="0" fileid="3" />
                <SequencePoint vc="1" uspid="38" ordinal="2" offset="21" sl="19" sc="13" el="19" ec="49" bec="0" bev="0" fileid="3" />
                <SequencePoint vc="1" uspid="39" ordinal="3" offset="35" sl="20" sc="13" el="20" ec="49" bec="0" bev="0" fileid="3" />
                <SequencePoint vc="1" uspid="40" ordinal="4" offset="49" sl="21" sc="13" el="21" ec="50" bec="0" bev="0" fileid="3" />
                <SequencePoint vc="1" uspid="41" ordinal="5" offset="66" sl="22" sc="13" el="22" ec="50" bec="0" bev="0" fileid="3" />
                <SequencePoint vc="1" uspid="42" ordinal="6" offset="83" sl="23" sc="13" el="23" ec="62" bec="0" bev="0" fileid="3" />
                <SequencePoint vc="1" uspid="43" ordinal="7" offset="100" sl="24" sc="9" el="24" ec="10" bec="0" bev="0" fileid="3" />
              </SequencePoints>
              <BranchPoints />
              <MethodPoint xsi:type="SequencePoint" vc="1" uspid="36" ordinal="0" offset="0" sl="17" sc="9" el="17" ec="10" bec="0" bev="0" fileid="3" />
            </Method>
            <Method visited="true" cyclomaticComplexity="1" nPathComplexity="0" sequenceCoverage="100" branchCoverage="100" crapScore="1" isConstructor="false" isStatic="false" isGetter="false" isSetter="false">
              <Summary numSequencePoints="7" visitedSequencePoints="7" numBranchPoints="1" visitedBranchPoints="1" sequenceCoverage="100" branchCoverage="100" maxCyclomaticComplexity="1" minCyclomaticComplexity="1" maxCrapScore="1" minCrapScore="1" visitedClasses="0" numClasses="0" visitedMethods="1" numMethods="1" />
              <MetadataToken>100663310</MetadataToken>
              <Name>System.Void Power_Point.Tests.CircleTests::DrawTest()</Name>
              <FileRef uid="3" />
              <SequencePoints>
                <SequencePoint vc="1" uspid="44" ordinal="0" offset="0" sl="29" sc="9" el="29" ec="10" bec="0" bev="0" fileid="3" />
                <SequencePoint vc="1" uspid="45" ordinal="1" offset="1" sl="30" sc="13" el="30" ec="58" bec="0" bev="0" fileid="3" />
                <SequencePoint vc="1" uspid="46" ordinal="2" offset="21" sl="31" sc="13" el="31" ec="85" bec="0" bev="0" fileid="3" />
                <SequencePoint vc="1" uspid="47" ordinal="3" offset="28" sl="33" sc="13" el="33" ec="49" bec="0" bev="0" fileid="3" />
                <SequencePoint vc="1" uspid="48" ordinal="4" offset="45" sl="35" sc="13" el="35" ec="38" bec="0" bev="0" fileid="3" />
                <SequencePoint vc="1" uspid="49" ordinal="5" offset="53" sl="37" sc="13" el="37" ec="49" bec="0" bev="0" fileid="3" />
                <SequencePoint vc="1" uspid="50" ordinal="6" offset="70" sl="38" sc="9" el="38" ec="10" bec="0" bev="0" fileid="3" />
              </SequencePoints>
              <BranchPoints />
              <MethodPoint xsi:type="SequencePoint" vc="1" uspid="44" ordinal="0" offset="0" sl="29" sc="9" el="29" ec="10" bec="0" bev="0" fileid="3" />
            </Method>
            <Method visited="false" cyclomaticComplexity="1" nPathComplexity="0" sequenceCoverage="0" branchCoverage="0" crapScore="2" isConstructor="true" isStatic="false" isGetter="false" isSetter="false">
              <Summary numSequencePoints="0" visitedSequencePoints="0" numBranchPoints="0" visitedBranchPoints="0" sequenceCoverage="0" branchCoverage="0" maxCyclomaticComplexity="1" minCyclomaticComplexity="1" maxCrapScore="2" minCrapScore="2" visitedClasses="0" numClasses="0" visitedMethods="0" numMethods="0" />
              <MetadataToken>100663311</MetadataToken>
              <Name>System.Void Power_Point.Tests.CircleTests::.ctor()</Name>
              <SequencePoints />
              <BranchPoints />
              <MethodPoint vc="0" uspid="51" ordinal="0" offset="0" />
            </Method>
          </Methods>
        </Class>
        <Class>
          <Summary numSequencePoints="15" visitedSequencePoints="15" numBranchPoints="2" visitedBranchPoints="2" sequenceCoverage="100" branchCoverage="100" maxCyclomaticComplexity="1" minCyclomaticComplexity="1" maxCrapScore="2" minCrapScore="1" visitedClasses="1" numClasses="1" visitedMethods="2" numMethods="2" />
          <FullName>Power_Point.Tests.LineTests</FullName>
          <Methods>
            <Method visited="true" cyclomaticComplexity="1" nPathComplexity="0" sequenceCoverage="100" branchCoverage="100" crapScore="1" isConstructor="false" isStatic="false" isGetter="false" isSetter="false">
              <Summary numSequencePoints="8" visitedSequencePoints="8" numBranchPoints="1" visitedBranchPoints="1" sequenceCoverage="100" branchCoverage="100" maxCyclomaticComplexity="1" minCyclomaticComplexity="1" maxCrapScore="1" minCrapScore="1" visitedClasses="0" numClasses="0" visitedMethods="1" numMethods="1" />
              <MetadataToken>100663312</MetadataToken>
              <Name>System.Void Power_Point.Tests.LineTests::LineTest()</Name>
              <FileRef uid="4" />
              <SequencePoints>
                <SequencePoint vc="1" uspid="52" ordinal="0" offset="0" sl="17" sc="9" el="17" ec="10" bec="0" bev="0" fileid="4" />
                <SequencePoint vc="1" uspid="53" ordinal="1" offset="1" sl="18" sc="13" el="18" ec="52" bec="0" bev="0" fileid="4" />
                <SequencePoint vc="1" uspid="54" ordinal="2" offset="21" sl="19" sc="13" el="19" ec="47" bec="0" bev="0" fileid="4" />
                <SequencePoint vc="1" uspid="55" ordinal="3" offset="35" sl="20" sc="13" el="20" ec="47" bec="0" bev="0" fileid="4" />
                <SequencePoint vc="1" uspid="56" ordinal="4" offset="49" sl="21" sc="13" el="21" ec="48" bec="0" bev="0" fileid="4" />
                <SequencePoint vc="1" uspid="57" ordinal="5" offset="66" sl="22" sc="13" el="22" ec="48" bec="0" bev="0" fileid="4" />
                <SequencePoint vc="1" uspid="58" ordinal="6" offset="83" sl="23" sc="13" el="23" ec="58" bec="0" bev="0" fileid="4" />
                <SequencePoint vc="1" uspid="59" ordinal="7" offset="100" sl="24" sc="9" el="24" ec="10" bec="0" bev="0" fileid="4" />
              </SequencePoints>
              <BranchPoints />
              <MethodPoint xsi:type="SequencePoint" vc="1" uspid="52" ordinal="0" offset="0" sl="17" sc="9" el="17" ec="10" bec="0" bev="0" fileid="4" />
            </Method>
            <Method visited="true" cyclomaticComplexity="1" nPathComplexity="0" sequenceCoverage="100" branchCoverage="100" crapScore="1" isConstructor="false" isStatic="false" isGetter="false" isSetter="false">
              <Summary numSequencePoints="7" visitedSequencePoints="7" numBranchPoints="1" visitedBranchPoints="1" sequenceCoverage="100" branchCoverage="100" maxCyclomaticComplexity="1" minCyclomaticComplexity="1" maxCrapScore="1" minCrapScore="1" visitedClasses="0" numClasses="0" visitedMethods="1" numMethods="1" />
              <MetadataToken>100663313</MetadataToken>
              <Name>System.Void Power_Point.Tests.LineTests::DrawTest()</Name>
              <FileRef uid="4" />
              <SequencePoints>
                <SequencePoint vc="1" uspid="60" ordinal="0" offset="0" sl="29" sc="9" el="29" ec="10" bec="0" bev="0" fileid="4" />
                <SequencePoint vc="1" uspid="61" ordinal="1" offset="1" sl="30" sc="13" el="30" ec="52" bec="0" bev="0" fileid="4" />
                <SequencePoint vc="1" uspid="62" ordinal="2" offset="21" sl="31" sc="13" el="31" ec="85" bec="0" bev="0" fileid="4" />
                <SequencePoint vc="1" uspid="63" ordinal="3" offset="28" sl="33" sc="13" el="33" ec="47" bec="0" bev="0" fileid="4" />
                <SequencePoint vc="1" uspid="64" ordinal="4" offset="45" sl="35" sc="13" el="35" ec="36" bec="0" bev="0" fileid="4" />
                <SequencePoint vc="1" uspid="65" ordinal="5" offset="53" sl="37" sc="13" el="37" ec="47" bec="0" bev="0" fileid="4" />
                <SequencePoint vc="1" uspid="66" ordinal="6" offset="70" sl="38" sc="9" el="38" ec="10" bec="0" bev="0" fileid="4" />
              </SequencePoints>
              <BranchPoints />
              <MethodPoint xsi:type="SequencePoint" vc="1" uspid="60" ordinal="0" offset="0" sl="29" sc="9" el="29" ec="10" bec="0" bev="0" fileid="4" />
            </Method>
            <Method visited="false" cyclomaticComplexity="1" nPathComplexity="0" sequenceCoverage="0" branchCoverage="0" crapScore="2" isConstructor="true" isStatic="false" isGetter="false" isSetter="false">
              <Summary numSequencePoints="0" visitedSequencePoints="0" numBranchPoints="0" visitedBranchPoints="0" sequenceCoverage="0" branchCoverage="0" maxCyclomaticComplexity="1" minCyclomaticComplexity="1" maxCrapScore="2" minCrapScore="2" visitedClasses="0" numClasses="0" visitedMethods="0" numMethods="0" />
              <MetadataToken>100663314</MetadataToken>
              <Name>System.Void Power_Point.Tests.LineTests::.ctor()</Name>
              <SequencePoints />
              <BranchPoints />
              <MethodPoint vc="0" uspid="67" ordinal="0" offset="0" />
            </Method>
          </Methods>
        </Class>
        <Class>
          <Summary numSequencePoints="15" visitedSequencePoints="15" numBranchPoints="2" visitedBranchPoints="2" sequenceCoverage="100" branchCoverage="100" maxCyclomaticComplexity="1" minCyclomaticComplexity="1" maxCrapScore="2" minCrapScore="1" visitedClasses="1" numClasses="1" visitedMethods="2" numMethods="2" />
          <FullName>Power_Point.Tests.RectangleTests</FullName>
          <Methods>
            <Method visited="true" cyclomaticComplexity="1" nPathComplexity="0" sequenceCoverage="100" branchCoverage="100" crapScore="1" isConstructor="false" isStatic="false" isGetter="false" isSetter="false">
              <Summary numSequencePoints="8" visitedSequencePoints="8" numBranchPoints="1" visitedBranchPoints="1" sequenceCoverage="100" branchCoverage="100" maxCyclomaticComplexity="1" minCyclomaticComplexity="1" maxCrapScore="1" minCrapScore="1" visitedClasses="0" numClasses="0" visitedMethods="1" numMethods="1" />
              <MetadataToken>100663315</MetadataToken>
              <Name>System.Void Power_Point.Tests.RectangleTests::RectangleTest()</Name>
              <FileRef uid="5" />
              <SequencePoints>
                <SequencePoint vc="1" uspid="68" ordinal="0" offset="0" sl="17" sc="9" el="17" ec="10" bec="0" bev="0" fileid="5" />
                <SequencePoint vc="1" uspid="69" ordinal="1" offset="1" sl="18" sc="13" el="18" ec="67" bec="0" bev="0" fileid="5" />
                <SequencePoint vc="1" uspid="70" ordinal="2" offset="21" sl="19" sc="13" el="19" ec="52" bec="0" bev="0" fileid="5" />
                <SequencePoint vc="1" uspid="71" ordinal="3" offset="35" sl="20" sc="13" el="20" ec="52" bec="0" bev="0" fileid="5" />
                <SequencePoint vc="1" uspid="72" ordinal="4" offset="49" sl="21" sc="13" el="21" ec="53" bec="0" bev="0" fileid="5" />
                <SequencePoint vc="1" uspid="73" ordinal="5" offset="66" sl="22" sc="13" el="22" ec="53" bec="0" bev="0" fileid="5" />
                <SequencePoint vc="1" uspid="74" ordinal="6" offset="83" sl="23" sc="13" el="23" ec="68" bec="0" bev="0" fileid="5" />
                <SequencePoint vc="1" uspid="75" ordinal="7" offset="100" sl="24" sc="9" el="24" ec="10" bec="0" bev="0" fileid="5" />
              </SequencePoints>
              <BranchPoints />
              <MethodPoint xsi:type="SequencePoint" vc="1" uspid="68" ordinal="0" offset="0" sl="17" sc="9" el="17" ec="10" bec="0" bev="0" fileid="5" />
            </Method>
            <Method visited="true" cyclomaticComplexity="1" nPathComplexity="0" sequenceCoverage="100" branchCoverage="100" crapScore="1" isConstructor="false" isStatic="false" isGetter="false" isSetter="false">
              <Summary numSequencePoints="7" visitedSequencePoints="7" numBranchPoints="1" visitedBranchPoints="1" sequenceCoverage="100" branchCoverage="100" maxCyclomaticComplexity="1" minCyclomaticComplexity="1" maxCrapScore="1" minCrapScore="1" visitedClasses="0" numClasses="0" visitedMethods="1" numMethods="1" />
              <MetadataToken>100663316</MetadataToken>
              <Name>System.Void Power_Point.Tests.RectangleTests::DrawTest()</Name>
              <FileRef uid="5" />
              <SequencePoints>
                <SequencePoint vc="1" uspid="76" ordinal="0" offset="0" sl="29" sc="9" el="29" ec="10" bec="0" bev="0" fileid="5" />
                <SequencePoint vc="1" uspid="77" ordinal="1" offset="1" sl="30" sc="13" el="30" ec="67" bec="0" bev="0" fileid="5" />
                <SequencePoint vc="1" uspid="78" ordinal="2" offset="21" sl="31" sc="13" el="31" ec="85" bec="0" bev="0" fileid="5" />
                <SequencePoint vc="1" uspid="79" ordinal="3" offset="28" sl="33" sc="13" el="33" ec="52" bec="0" bev="0" fileid="5" />
                <SequencePoint vc="1" uspid="80" ordinal="4" offset="45" sl="35" sc="13" el="35" ec="41" bec="0" bev="0" fileid="5" />
                <SequencePoint vc="1" uspid="81" ordinal="5" offset="53" sl="37" sc="13" el="37" ec="52" bec="0" bev="0" fileid="5" />
                <SequencePoint vc="1" uspid="82" ordinal="6" offset="70" sl="38" sc="9" el="38" ec="10" bec="0" bev="0" fileid="5" />
              </SequencePoints>
              <BranchPoints />
              <MethodPoint xsi:type="SequencePoint" vc="1" uspid="76" ordinal="0" offset="0" sl="29" sc="9" el="29" ec="10" bec="0" bev="0" fileid="5" />
            </Method>
            <Method visited="false" cyclomaticComplexity="1" nPathComplexity="0" sequenceCoverage="0" branchCoverage="0" crapScore="2" isConstructor="true" isStatic="false" isGetter="false" isSetter="false">
              <Summary numSequencePoints="0" visitedSequencePoints="0" numBranchPoints="0" visitedBranchPoints="0" sequenceCoverage="0" branchCoverage="0" maxCyclomaticComplexity="1" minCyclomaticComplexity="1" maxCrapScore="2" minCrapScore="2" visitedClasses="0" numClasses="0" visitedMethods="0" numMethods="0" />
              <MetadataToken>100663317</MetadataToken>
              <Name>System.Void Power_Point.Tests.RectangleTests::.ctor()</Name>
              <SequencePoints />
              <BranchPoints />
              <MethodPoint vc="0" uspid="83" ordinal="0" offset="0" />
            </Method>
          </Methods>
        </Class>
        <Class>
          <Summary numSequencePoints="85" visitedSequencePoints="85" numBranchPoints="9" visitedBranchPoints="9" sequenceCoverage="100" branchCoverage="100" maxCyclomaticComplexity="1" minCyclomaticComplexity="1" maxCrapScore="2" minCrapScore="1" visitedClasses="1" numClasses="1" visitedMethods="9" numMethods="9" />
          <FullName>Power_Point.Tests.ShapesTests</FullName>
          <Methods>
            <Method visited="true" cyclomaticComplexity="1" nPathComplexity="0" sequenceCoverage="100" branchCoverage="100" crapScore="1" isConstructor="false" isStatic="false" isGetter="false" isSetter="false">
              <Summary numSequencePoints="4" visitedSequencePoints="4" numBranchPoints="1" visitedBranchPoints="1" sequenceCoverage="100" branchCoverage="100" maxCyclomaticComplexity="1" minCyclomaticComplexity="1" maxCrapScore="1" minCrapScore="1" visitedClasses="0" numClasses="0" visitedMethods="1" numMethods="1" />
              <MetadataToken>100663318</MetadataToken>
              <Name>System.Void Power_Point.Tests.ShapesTests::ShapesTest()</Name>
              <FileRef uid="6" />
              <SequencePoints>
                <SequencePoint vc="1" uspid="84" ordinal="0" offset="0" sl="17" sc="9" el="17" ec="10" bec="0" bev="0" fileid="6" />
                <SequencePoint vc="1" uspid="85" ordinal="1" offset="1" sl="18" sc="13" el="18" ec="42" bec="0" bev="0" fileid="6" />
                <SequencePoint vc="1" uspid="86" ordinal="2" offset="7" sl="19" sc="13" el="19" ec="59" bec="0" bev="0" fileid="6" />
                <SequencePoint vc="1" uspid="87" ordinal="3" offset="25" sl="20" sc="9" el="20" ec="10" bec="0" bev="0" fileid="6" />
              </SequencePoints>
              <BranchPoints />
              <MethodPoint xsi:type="SequencePoint" vc="1" uspid="84" ordinal="0" offset="0" sl="17" sc="9" el="17" ec="10" bec="0" bev="0" fileid="6" />
            </Method>
            <Method visited="true" cyclomaticComplexity="1" nPathComplexity="0" sequenceCoverage="100" branchCoverage="100" crapScore="1" isConstructor="false" isStatic="false" isGetter="false" isSetter="false">
              <Summary numSequencePoints="6" visitedSequencePoints="6" numBranchPoints="1" visitedBranchPoints="1" sequenceCoverage="100" branchCoverage="100" maxCyclomaticComplexity="1" minCyclomaticComplexity="1" maxCrapScore="1" minCrapScore="1" visitedClasses="0" numClasses="0" visitedMethods="1" numMethods="1" />
              <MetadataToken>100663319</MetadataToken>
              <Name>System.Void Power_Point.Tests.ShapesTests::AddShapeTest()</Name>
              <FileRef uid="6" />
              <SequencePoints>
                <SequencePoint vc="1" uspid="88" ordinal="0" offset="0" sl="25" sc="9" el="25" ec="10" bec="0" bev="0" fileid="6" />
                <SequencePoint vc="1" uspid="89" ordinal="1" offset="1" sl="26" sc="13" el="26" ec="42" bec="0" bev="0" fileid="6" />
                <SequencePoint vc="1" uspid="90" ordinal="2" offset="7" sl="27" sc="13" el="27" ec="50" bec="0" bev="0" fileid="6" />
                <SequencePoint vc="1" uspid="91" ordinal="3" offset="17" sl="29" sc="13" el="29" ec="36" bec="0" bev="0" fileid="6" />
                <SequencePoint vc="1" uspid="92" ordinal="4" offset="25" sl="31" sc="13" el="31" ec="59" bec="0" bev="0" fileid="6" />
                <SequencePoint vc="1" uspid="93" ordinal="5" offset="43" sl="32" sc="9" el="32" ec="10" bec="0" bev="0" fileid="6" />
              </SequencePoints>
              <BranchPoints />
              <MethodPoint xsi:type="SequencePoint" vc="1" uspid="88" ordinal="0" offset="0" sl="25" sc="9" el="25" ec="10" bec="0" bev="0" fileid="6" />
            </Method>
            <Method visited="true" cyclomaticComplexity="1" nPathComplexity="0" sequenceCoverage="100" branchCoverage="100" crapScore="1" isConstructor="false" isStatic="false" isGetter="false" isSetter="false">
              <Summary numSequencePoints="10" visitedSequencePoints="10" numBranchPoints="1" visitedBranchPoints="1" sequenceCoverage="100" branchCoverage="100" maxCyclomaticComplexity="1" minCyclomaticComplexity="1" maxCrapScore="1" minCrapScore="1" visitedClasses="0" numClasses="0" visitedMethods="1" numMethods="1" />
              <MetadataToken>100663320</MetadataToken>
              <Name>System.Void Power_Point.Tests.ShapesTests::DeleteShapeTest()</Name>
              <FileRef uid="6" />
              <SequencePoints>
                <SequencePoint vc="1" uspid="94" ordinal="0" offset="0" sl="37" sc="9" el="37" ec="10" bec="0" bev="0" fileid="6" />
                <SequencePoint vc="1" uspid="95" ordinal="1" offset="1" sl="38" sc="13" el="38" ec="42" bec="0" bev="0" fileid="6" />
                <SequencePoint vc="1" uspid="96" ordinal="2" offset="7" sl="39" sc="13" el="39" ec="50" bec="0" bev="0" fileid="6" />
                <SequencePoint vc="1" uspid="97" ordinal="3" offset="17" sl="41" sc="13" el="41" ec="36" bec="0" bev="0" fileid="6" />
                <SequencePoint vc="1" uspid="98" ordinal="4" offset="25" sl="43" sc="13" el="43" ec="59" bec="0" bev="0" fileid="6" />
                <SequencePoint vc="1" uspid="99" ordinal="5" offset="43" sl="45" sc="13" el="45" ec="36" bec="0" bev="0" fileid="6" />
                <SequencePoint vc="1" uspid="100" ordinal="6" offset="51" sl="47" sc="13" el="47" ec="59" bec="0" bev="0" fileid="6" />
                <SequencePoint vc="1" uspid="101" ordinal="7" offset="69" sl="49" sc="13" el="49" ec="35" bec="0" bev="0" fileid="6" />
                <SequencePoint vc="1" uspid="102" ordinal="8" offset="77" sl="51" sc="13" el="51" ec="59" bec="0" bev="0" fileid="6" />
                <SequencePoint vc="1" uspid="103" ordinal="9" offset="95" sl="52" sc="9" el="52" ec="10" bec="0" bev="0" fileid="6" />
              </SequencePoints>
              <BranchPoints />
              <MethodPoint xsi:type="SequencePoint" vc="1" uspid="94" ordinal="0" offset="0" sl="37" sc="9" el="37" ec="10" bec="0" bev="0" fileid="6" />
            </Method>
            <Method visited="true" cyclomaticComplexity="1" nPathComplexity="0" sequenceCoverage="100" branchCoverage="100" crapScore="1" isConstructor="false" isStatic="false" isGetter="false" isSetter="false">
              <Summary numSequencePoints="11" visitedSequencePoints="11" numBranchPoints="1" visitedBranchPoints="1" sequenceCoverage="100" branchCoverage="100" maxCyclomaticComplexity="1" minCyclomaticComplexity="1" maxCrapScore="1" minCrapScore="1" visitedClasses="0" numClasses="0" visitedMethods="1" numMethods="1" />
              <MetadataToken>100663321</MetadataToken>
              <Name>System.Void Power_Point.Tests.ShapesTests::InsertShapeTest()</Name>
              <FileRef uid="6" />
              <SequencePoints>
                <SequencePoint vc="1" uspid="104" ordinal="0" offset="0" sl="57" sc="9" el="57" ec="10" bec="0" bev="0" fileid="6" />
                <SequencePoint vc="1" uspid="105" ordinal="1" offset="1" sl="58" sc="13" el="58" ec="42" bec="0" bev="0" fileid="6" />
                <SequencePoint vc="1" uspid="106" ordinal="2" offset="7" sl="59" sc="13" el="59" ec="53" bec="0" bev="0" fileid="6" />
                <SequencePoint vc="1" uspid="107" ordinal="3" offset="23" sl="60" sc="13" el="60" ec="56" bec="0" bev="0" fileid="6" />
                <SequencePoint vc="1" uspid="108" ordinal="4" offset="39" sl="62" sc="13" el="62" ec="64" bec="0" bev="0" fileid="6" />
                <SequencePoint vc="1" uspid="109" ordinal="5" offset="63" sl="63" sc="13" el="63" ec="56" bec="0" bev="0" fileid="6" />
                <SequencePoint vc="1" uspid="110" ordinal="6" offset="76" sl="65" sc="13" el="65" ec="54" bec="0" bev="0" fileid="6" />
                <SequencePoint vc="1" uspid="111" ordinal="7" offset="90" sl="66" sc="13" el="66" ec="54" bec="0" bev="0" fileid="6" />
                <SequencePoint vc="1" uspid="112" ordinal="8" offset="104" sl="67" sc="13" el="67" ec="54" bec="0" bev="0" fileid="6" />
                <SequencePoint vc="1" uspid="113" ordinal="9" offset="118" sl="68" sc="13" el="68" ec="55" bec="0" bev="0" fileid="6" />
                <SequencePoint vc="1" uspid="114" ordinal="10" offset="135" sl="69" sc="9" el="69" ec="10" bec="0" bev="0" fileid="6" />
              </SequencePoints>
              <BranchPoints />
              <MethodPoint xsi:type="SequencePoint" vc="1" uspid="104" ordinal="0" offset="0" sl="57" sc="9" el="57" ec="10" bec="0" bev="0" fileid="6" />
            </Method>
            <Method visited="true" cyclomaticComplexity="1" nPathComplexity="0" sequenceCoverage="100" branchCoverage="100" crapScore="1" isConstructor="false" isStatic="false" isGetter="false" isSetter="false">
              <Summary numSequencePoints="11" visitedSequencePoints="11" numBranchPoints="1" visitedBranchPoints="1" sequenceCoverage="100" branchCoverage="100" maxCyclomaticComplexity="1" minCyclomaticComplexity="1" maxCrapScore="1" minCrapScore="1" visitedClasses="0" numClasses="0" visitedMethods="1" numMethods="1" />
              <MetadataToken>100663322</MetadataToken>
              <Name>System.Void Power_Point.Tests.ShapesTests::PopShapeTest()</Name>
              <FileRef uid="6" />
              <SequencePoints>
                <SequencePoint vc="1" uspid="115" ordinal="0" offset="0" sl="74" sc="9" el="74" ec="10" bec="0" bev="0" fileid="6" />
                <SequencePoint vc="1" uspid="116" ordinal="1" offset="1" sl="75" sc="13" el="75" ec="42" bec="0" bev="0" fileid="6" />
                <SequencePoint vc="1" uspid="117" ordinal="2" offset="7" sl="76" sc="13" el="76" ec="58" bec="0" bev="0" fileid="6" />
                <SequencePoint vc="1" uspid="118" ordinal="3" offset="30" sl="77" sc="13" el="77" ec="56" bec="0" bev="0" fileid="6" />
                <SequencePoint vc="1" uspid="119" ordinal="4" offset="46" sl="79" sc="13" el="79" ec="31" bec="0" bev="0" fileid="6" />
                <SequencePoint vc="1" uspid="120" ordinal="5" offset="53" sl="80" sc="13" el="80" ec="56" bec="0" bev="0" fileid="6" />
                <SequencePoint vc="1" uspid="121" ordinal="6" offset="66" sl="82" sc="13" el="82" ec="54" bec="0" bev="0" fileid="6" />
                <SequencePoint vc="1" uspid="122" ordinal="7" offset="80" sl="83" sc="13" el="83" ec="54" bec="0" bev="0" fileid="6" />
                <SequencePoint vc="1" uspid="123" ordinal="8" offset="94" sl="84" sc="13" el="84" ec="54" bec="0" bev="0" fileid="6" />
                <SequencePoint vc="1" uspid="124" ordinal="9" offset="108" sl="85" sc="13" el="85" ec="55" bec="0" bev="0" fileid="6" />
                <SequencePoint vc="1" uspid="125" ordinal="10" offset="125" sl="86" sc="9" el="86" ec="10" bec="0" bev="0" fileid="6" />
              </SequencePoints>
              <BranchPoints />
              <MethodPoint xsi:type="SequencePoint" vc="1" uspid="115" ordinal="0" offset="0" sl="74" sc="9" el="74" ec="10" bec="0" bev="0" fileid="6" />
            </Method>
            <Method visited="true" cyclomaticComplexity="1" nPathComplexity="0" sequenceCoverage="100" branchCoverage="100" crapScore="1" isConstructor="false" isStatic="false" isGetter="false" isSetter="false">
              <Summary numSequencePoints="11" visitedSequencePoints="11" numBranchPoints="1" visitedBranchPoints="1" sequenceCoverage="100" branchCoverage="100" maxCyclomaticComplexity="1" minCyclomaticComplexity="1" maxCrapScore="1" minCrapScore="1" visitedClasses="0" numClasses="0" visitedMethods="1" numMethods="1" />
              <MetadataToken>100663323</MetadataToken>
              <Name>System.Void Power_Point.Tests.ShapesTests::MoveShapeTest()</Name>
              <FileRef uid="6" />
              <SequencePoints>
                <SequencePoint vc="1" uspid="126" ordinal="0" offset="0" sl="91" sc="9" el="91" ec="10" bec="0" bev="0" fileid="6" />
                <SequencePoint vc="1" uspid="127" ordinal="1" offset="1" sl="92" sc="13" el="92" ec="55" bec="0" bev="0" fileid="6" />
                <SequencePoint vc="1" uspid="128" ordinal="2" offset="18" sl="93" sc="13" el="93" ec="37" bec="0" bev="0" fileid="6" />
                <SequencePoint vc="1" uspid="129" ordinal="3" offset="26" sl="94" sc="13" el="94" ec="42" bec="0" bev="0" fileid="6" />
                <SequencePoint vc="1" uspid="130" ordinal="4" offset="32" sl="95" sc="13" el="95" ec="36" bec="0" bev="0" fileid="6" />
                <SequencePoint vc="1" uspid="131" ordinal="5" offset="40" sl="97" sc="13" el="97" ec="42" bec="0" bev="0" fileid="6" />
                <SequencePoint vc="1" uspid="132" ordinal="6" offset="55" sl="99" sc="13" el="99" ec="48" bec="0" bev="0" fileid="6" />
                <SequencePoint vc="1" uspid="133" ordinal="7" offset="69" sl="100" sc="13" el="100" ec="49" bec="0" bev="0" fileid="6" />
                <SequencePoint vc="1" uspid="134" ordinal="8" offset="86" sl="101" sc="13" el="101" ec="48" bec="0" bev="0" fileid="6" />
                <SequencePoint vc="1" uspid="135" ordinal="9" offset="100" sl="102" sc="13" el="102" ec="49" bec="0" bev="0" fileid="6" />
                <SequencePoint vc="1" uspid="136" ordinal="10" offset="117" sl="103" sc="9" el="103" ec="10" bec="0" bev="0" fileid="6" />
              </SequencePoints>
              <BranchPoints />
              <MethodPoint xsi:type="SequencePoint" vc="1" uspid="126" ordinal="0" offset="0" sl="91" sc="9" el="91" ec="10" bec="0" bev="0" fileid="6" />
            </Method>
            <Method visited="true" cyclomaticComplexity="1" nPathComplexity="0" sequenceCoverage="100" branchCoverage="100" crapScore="1" isConstructor="false" isStatic="false" isGetter="false" isSetter="false">
              <Summary numSequencePoints="8" visitedSequencePoints="8" numBranchPoints="1" visitedBranchPoints="1" sequenceCoverage="100" branchCoverage="100" maxCyclomaticComplexity="1" minCyclomaticComplexity="1" maxCrapScore="1" minCrapScore="1" visitedClasses="0" numClasses="0" visitedMethods="1" numMethods="1" />
              <MetadataToken>100663324</MetadataToken>
              <Name>System.Void Power_Point.Tests.ShapesTests::DrawTest()</Name>
              <FileRef uid="6" />
              <SequencePoints>
                <SequencePoint vc="1" uspid="137" ordinal="0" offset="0" sl="108" sc="9" el="108" ec="10" bec="0" bev="0" fileid="6" />
                <SequencePoint vc="1" uspid="138" ordinal="1" offset="1" sl="109" sc="13" el="109" ec="42" bec="0" bev="0" fileid="6" />
                <SequencePoint vc="1" uspid="139" ordinal="2" offset="7" sl="110" sc="13" el="110" ec="59" bec="0" bev="0" fileid="6" />
                <SequencePoint vc="1" uspid="140" ordinal="3" offset="33" sl="111" sc="13" el="111" ec="59" bec="0" bev="0" fileid="6" />
                <SequencePoint vc="1" uspid="141" ordinal="4" offset="59" sl="112" sc="13" el="112" ec="59" bec="0" bev="0" fileid="6" />
                <SequencePoint vc="1" uspid="142" ordinal="5" offset="85" sl="113" sc="13" el="113" ec="74" bec="0" bev="0" fileid="6" />
                <SequencePoint vc="1" uspid="143" ordinal="6" offset="92" sl="115" sc="13" el="115" ec="38" bec="0" bev="0" fileid="6" />
                <SequencePoint vc="1" uspid="144" ordinal="7" offset="109" sl="116" sc="9" el="116" ec="10" bec="0" bev="0" fileid="6" />
              </SequencePoints>
              <BranchPoints />
              <MethodPoint xsi:type="SequencePoint" vc="1" uspid="137" ordinal="0" offset="0" sl="108" sc="9" el="108" ec="10" bec="0" bev="0" fileid="6" />
            </Method>
            <Method visited="true" cyclomaticComplexity="1" nPathComplexity="0" sequenceCoverage="100" branchCoverage="100" crapScore="1" isConstructor="false" isStatic="false" isGetter="false" isSetter="false">
              <Summary numSequencePoints="11" visitedSequencePoints="11" numBranchPoints="1" visitedBranchPoints="1" sequenceCoverage="100" branchCoverage="100" maxCyclomaticComplexity="1" minCyclomaticComplexity="1" maxCrapScore="1" minCrapScore="1" visitedClasses="0" numClasses="0" visitedMethods="1" numMethods="1" />
              <MetadataToken>100663325</MetadataToken>
              <Name>System.Void Power_Point.Tests.ShapesTests::CheckPointPressInShapesTest()</Name>
              <FileRef uid="6" />
              <SequencePoints>
                <SequencePoint vc="1" uspid="145" ordinal="0" offset="0" sl="121" sc="9" el="121" ec="10" bec="0" bev="0" fileid="6" />
                <SequencePoint vc="1" uspid="146" ordinal="1" offset="1" sl="122" sc="13" el="122" ec="42" bec="0" bev="0" fileid="6" />
                <SequencePoint vc="1" uspid="147" ordinal="2" offset="7" sl="123" sc="13" el="123" ec="56" bec="0" bev="0" fileid="6" />
                <SequencePoint vc="1" uspid="148" ordinal="3" offset="27" sl="124" sc="13" el="124" ec="36" bec="0" bev="0" fileid="6" />
                <SequencePoint vc="1" uspid="149" ordinal="4" offset="35" sl="126" sc="13" el="126" ec="52" bec="0" bev="0" fileid="6" />
                <SequencePoint vc="1" uspid="150" ordinal="5" offset="60" sl="128" sc="13" el="128" ec="60" bec="0" bev="0" fileid="6" />
                <SequencePoint vc="1" uspid="151" ordinal="6" offset="73" sl="130" sc="13" el="130" ec="53" bec="0" bev="0" fileid="6" />
                <SequencePoint vc="1" uspid="152" ordinal="7" offset="98" sl="132" sc="13" el="132" ec="59" bec="0" bev="0" fileid="6" />
                <SequencePoint vc="1" uspid="153" ordinal="8" offset="111" sl="134" sc="13" el="134" ec="54" bec="0" bev="0" fileid="6" />
                <SequencePoint vc="1" uspid="154" ordinal="9" offset="136" sl="136" sc="13" el="136" ec="60" bec="0" bev="0" fileid="6" />
                <SequencePoint vc="1" uspid="155" ordinal="10" offset="149" sl="137" sc="9" el="137" ec="10" bec="0" bev="0" fileid="6" />
              </SequencePoints>
              <BranchPoints />
              <MethodPoint xsi:type="SequencePoint" vc="1" uspid="145" ordinal="0" offset="0" sl="121" sc="9" el="121" ec="10" bec="0" bev="0" fileid="6" />
            </Method>
            <Method visited="true" cyclomaticComplexity="1" nPathComplexity="0" sequenceCoverage="100" branchCoverage="100" crapScore="1" isConstructor="false" isStatic="false" isGetter="false" isSetter="false">
              <Summary numSequencePoints="13" visitedSequencePoints="13" numBranchPoints="1" visitedBranchPoints="1" sequenceCoverage="100" branchCoverage="100" maxCyclomaticComplexity="1" minCyclomaticComplexity="1" maxCrapScore="1" minCrapScore="1" visitedClasses="0" numClasses="0" visitedMethods="1" numMethods="1" />
              <MetadataToken>100663326</MetadataToken>
              <Name>System.Void Power_Point.Tests.ShapesTests::CheckPointEnterSelectedShapeCornerTest()</Name>
              <FileRef uid="6" />
              <SequencePoints>
                <SequencePoint vc="1" uspid="156" ordinal="0" offset="0" sl="142" sc="9" el="142" ec="10" bec="0" bev="0" fileid="6" />
                <SequencePoint vc="1" uspid="157" ordinal="1" offset="1" sl="143" sc="13" el="143" ec="42" bec="0" bev="0" fileid="6" />
                <SequencePoint vc="1" uspid="158" ordinal="2" offset="7" sl="144" sc="13" el="144" ec="57" bec="0" bev="0" fileid="6" />
                <SequencePoint vc="1" uspid="159" ordinal="3" offset="27" sl="145" sc="13" el="145" ec="38" bec="0" bev="0" fileid="6" />
                <SequencePoint vc="1" uspid="160" ordinal="4" offset="35" sl="147" sc="13" el="147" ec="37" bec="0" bev="0" fileid="6" />
                <SequencePoint vc="1" uspid="161" ordinal="5" offset="43" sl="149" sc="13" el="149" ec="79" bec="0" bev="0" fileid="6" />
                <SequencePoint vc="1" uspid="162" ordinal="6" offset="73" sl="150" sc="13" el="150" ec="80" bec="0" bev="0" fileid="6" />
                <SequencePoint vc="1" uspid="163" ordinal="7" offset="103" sl="151" sc="13" el="151" ec="80" bec="0" bev="0" fileid="6" />
                <SequencePoint vc="1" uspid="164" ordinal="8" offset="133" sl="152" sc="13" el="152" ec="80" bec="0" bev="0" fileid="6" />
                <SequencePoint vc="1" uspid="165" ordinal="9" offset="163" sl="153" sc="13" el="153" ec="80" bec="0" bev="0" fileid="6" />
                <SequencePoint vc="1" uspid="166" ordinal="10" offset="193" sl="154" sc="13" el="154" ec="78" bec="0" bev="0" fileid="6" />
                <SequencePoint vc="1" uspid="167" ordinal="11" offset="223" sl="155" sc="13" el="155" ec="80" bec="0" bev="0" fileid="6" />
                <SequencePoint vc="1" uspid="168" ordinal="12" offset="253" sl="156" sc="9" el="156" ec="10" bec="0" bev="0" fileid="6" />
              </SequencePoints>
              <BranchPoints />
              <MethodPoint xsi:type="SequencePoint" vc="1" uspid="156" ordinal="0" offset="0" sl="142" sc="9" el="142" ec="10" bec="0" bev="0" fileid="6" />
            </Method>
            <Method visited="false" cyclomaticComplexity="1" nPathComplexity="0" sequenceCoverage="0" branchCoverage="0" crapScore="2" isConstructor="true" isStatic="false" isGetter="false" isSetter="false">
              <Summary numSequencePoints="0" visitedSequencePoints="0" numBranchPoints="0" visitedBranchPoints="0" sequenceCoverage="0" branchCoverage="0" maxCyclomaticComplexity="1" minCyclomaticComplexity="1" maxCrapScore="2" minCrapScore="2" visitedClasses="0" numClasses="0" visitedMethods="0" numMethods="0" />
              <MetadataToken>100663327</MetadataToken>
              <Name>System.Void Power_Point.Tests.ShapesTests::.ctor()</Name>
              <SequencePoints />
              <BranchPoints />
              <MethodPoint vc="0" uspid="169" ordinal="0" offset="0" />
            </Method>
          </Methods>
        </Class>
        <Class>
          <Summary numSequencePoints="27" visitedSequencePoints="27" numBranchPoints="3" visitedBranchPoints="3" sequenceCoverage="100" branchCoverage="100" maxCyclomaticComplexity="1" minCyclomaticComplexity="1" maxCrapScore="2" minCrapScore="1" visitedClasses="1" numClasses="1" visitedMethods="3" numMethods="3" />
          <FullName>Power_Point.Tests.ShapeTests</FullName>
          <Methods>
            <Method visited="true" cyclomaticComplexity="1" nPathComplexity="0" sequenceCoverage="100" branchCoverage="100" crapScore="1" isConstructor="false" isStatic="false" isGetter="false" isSetter="false">
              <Summary numSequencePoints="14" visitedSequencePoints="14" numBranchPoints="1" visitedBranchPoints="1" sequenceCoverage="100" branchCoverage="100" maxCyclomaticComplexity="1" minCyclomaticComplexity="1" maxCrapScore="1" minCrapScore="1" visitedClasses="0" numClasses="0" visitedMethods="1" numMethods="1" />
              <MetadataToken>100663328</MetadataToken>
              <Name>System.Void Power_Point.Tests.ShapeTests::ShapeTest()</Name>
              <FileRef uid="7" />
              <SequencePoints>
                <SequencePoint vc="1" uspid="170" ordinal="0" offset="0" sl="17" sc="9" el="17" ec="10" bec="0" bev="0" fileid="7" />
                <SequencePoint vc="1" uspid="171" ordinal="1" offset="1" sl="18" sc="13" el="18" ec="55" bec="0" bev="0" fileid="7" />
                <SequencePoint vc="1" uspid="172" ordinal="2" offset="21" sl="19" sc="13" el="19" ec="32" bec="0" bev="0" fileid="7" />
                <SequencePoint vc="1" uspid="173" ordinal="3" offset="30" sl="20" sc="13" el="20" ec="48" bec="0" bev="0" fileid="7" />
                <SequencePoint vc="1" uspid="174" ordinal="4" offset="44" sl="21" sc="13" el="21" ec="48" bec="0" bev="0" fileid="7" />
                <SequencePoint vc="1" uspid="175" ordinal="5" offset="58" sl="22" sc="13" el="22" ec="49" bec="0" bev="0" fileid="7" />
                <SequencePoint vc="1" uspid="176" ordinal="6" offset="75" sl="23" sc="13" el="23" ec="49" bec="0" bev="0" fileid="7" />
                <SequencePoint vc="1" uspid="177" ordinal="7" offset="92" sl="24" sc="13" el="24" ec="53" bec="0" bev="0" fileid="7" />
                <SequencePoint vc="1" uspid="178" ordinal="8" offset="106" sl="25" sc="13" el="25" ec="53" bec="0" bev="0" fileid="7" />
                <SequencePoint vc="1" uspid="179" ordinal="9" offset="120" sl="26" sc="13" el="26" ec="54" bec="0" bev="0" fileid="7" />
                <SequencePoint vc="1" uspid="180" ordinal="10" offset="137" sl="27" sc="13" el="27" ec="54" bec="0" bev="0" fileid="7" />
                <SequencePoint vc="1" uspid="181" ordinal="11" offset="154" sl="28" sc="13" el="28" ec="60" bec="0" bev="0" fileid="7" />
                <SequencePoint vc="1" uspid="182" ordinal="12" offset="171" sl="29" sc="13" el="30" ec="85" bec="0" bev="0" fileid="7" />
                <SequencePoint vc="1" uspid="183" ordinal="13" offset="188" sl="31" sc="9" el="31" ec="10" bec="0" bev="0" fileid="7" />
              </SequencePoints>
              <BranchPoints />
              <MethodPoint xsi:type="SequencePoint" vc="1" uspid="170" ordinal="0" offset="0" sl="17" sc="9" el="17" ec="10" bec="0" bev="0" fileid="7" />
            </Method>
            <Method visited="true" cyclomaticComplexity="1" nPathComplexity="0" sequenceCoverage="100" branchCoverage="100" crapScore="1" isConstructor="false" isStatic="false" isGetter="false" isSetter="false">
              <Summary numSequencePoints="5" visitedSequencePoints="5" numBranchPoints="1" visitedBranchPoints="1" sequenceCoverage="100" branchCoverage="100" maxCyclomaticComplexity="1" minCyclomaticComplexity="1" maxCrapScore="1" minCrapScore="1" visitedClasses="0" numClasses="0" visitedMethods="1" numMethods="1" />
              <MetadataToken>100663329</MetadataToken>
              <Name>System.Void Power_Point.Tests.ShapeTests::DrawTest()</Name>
              <FileRef uid="7" />
              <SequencePoints>
                <SequencePoint vc="1" uspid="184" ordinal="0" offset="0" sl="36" sc="9" el="36" ec="10" bec="0" bev="0" fileid="7" />
                <SequencePoint vc="1" uspid="185" ordinal="1" offset="1" sl="37" sc="13" el="37" ec="55" bec="0" bev="0" fileid="7" />
                <SequencePoint vc="1" uspid="186" ordinal="2" offset="21" sl="38" sc="13" el="38" ec="74" bec="0" bev="0" fileid="7" />
                <SequencePoint vc="1" uspid="187" ordinal="3" offset="28" sl="40" sc="13" el="40" ec="37" bec="0" bev="0" fileid="7" />
                <SequencePoint vc="1" uspid="188" ordinal="4" offset="45" sl="41" sc="9" el="41" ec="10" bec="0" bev="0" fileid="7" />
              </SequencePoints>
              <BranchPoints />
              <MethodPoint xsi:type="SequencePoint" vc="1" uspid="184" ordinal="0" offset="0" sl="36" sc="9" el="36" ec="10" bec="0" bev="0" fileid="7" />
            </Method>
            <Method visited="true" cyclomaticComplexity="1" nPathComplexity="0" sequenceCoverage="100" branchCoverage="100" crapScore="1" isConstructor="false" isStatic="false" isGetter="false" isSetter="false">
              <Summary numSequencePoints="8" visitedSequencePoints="8" numBranchPoints="1" visitedBranchPoints="1" sequenceCoverage="100" branchCoverage="100" maxCyclomaticComplexity="1" minCyclomaticComplexity="1" maxCrapScore="1" minCrapScore="1" visitedClasses="0" numClasses="0" visitedMethods="1" numMethods="1" />
              <MetadataToken>100663330</MetadataToken>
              <Name>System.Void Power_Point.Tests.ShapeTests::MoveTest()</Name>
              <FileRef uid="7" />
              <SequencePoints>
                <SequencePoint vc="1" uspid="189" ordinal="0" offset="0" sl="46" sc="9" el="46" ec="10" bec="0" bev="0" fileid="7" />
                <SequencePoint vc="1" uspid="190" ordinal="1" offset="1" sl="47" sc="13" el="47" ec="56" bec="0" bev="0" fileid="7" />
                <SequencePoint vc="1" uspid="191" ordinal="2" offset="21" sl="49" sc="13" el="49" ec="33" bec="0" bev="0" fileid="7" />
                <SequencePoint vc="1" uspid="192" ordinal="3" offset="35" sl="51" sc="13" el="51" ec="48" bec="0" bev="0" fileid="7" />
                <SequencePoint vc="1" uspid="193" ordinal="4" offset="49" sl="52" sc="13" el="52" ec="49" bec="0" bev="0" fileid="7" />
                <SequencePoint vc="1" uspid="194" ordinal="5" offset="66" sl="53" sc="13" el="53" ec="49" bec="0" bev="0" fileid="7" />
                <SequencePoint vc="1" uspid="195" ordinal="6" offset="83" sl="54" sc="13" el="54" ec="49" bec="0" bev="0" fileid="7" />
                <SequencePoint vc="1" uspid="196" ordinal="7" offset="100" sl="55" sc="9" el="55" ec="10" bec="0" bev="0" fileid="7" />
              </SequencePoints>
              <BranchPoints />
              <MethodPoint xsi:type="SequencePoint" vc="1" uspid="189" ordinal="0" offset="0" sl="46" sc="9" el="46" ec="10" bec="0" bev="0" fileid="7" />
            </Method>
            <Method visited="false" cyclomaticComplexity="1" nPathComplexity="0" sequenceCoverage="0" branchCoverage="0" crapScore="2" isConstructor="true" isStatic="false" isGetter="false" isSetter="false">
              <Summary numSequencePoints="0" visitedSequencePoints="0" numBranchPoints="0" visitedBranchPoints="0" sequenceCoverage="0" branchCoverage="0" maxCyclomaticComplexity="1" minCyclomaticComplexity="1" maxCrapScore="2" minCrapScore="2" visitedClasses="0" numClasses="0" visitedMethods="0" numMethods="0" />
              <MetadataToken>100663331</MetadataToken>
              <Name>System.Void Power_Point.Tests.ShapeTests::.ctor()</Name>
              <SequencePoints />
              <BranchPoints />
              <MethodPoint vc="0" uspid="197" ordinal="0" offset="0" />
            </Method>
          </Methods>
        </Class>
      </Classes>
    </Module>
    <Module hash="3D-3D-01-18-83-42-51-1D-F0-7F-9E-6E-35-A2-5D-79-C2-6B-79-C0">
      <Summary numSequencePoints="1743" visitedSequencePoints="681" numBranchPoints="496" visitedBranchPoints="186" sequenceCoverage="39.07" branchCoverage="37.5" maxCyclomaticComplexity="7" minCyclomaticComplexity="1" maxCrapScore="56" minCrapScore="1" visitedClasses="14" numClasses="35" visitedMethods="116" numMethods="270" />
      <ModulePath>D:\C#\NTUT_WP_PowerPoint\Power PointTests\bin\Debug\fine-code-coverage\build-output\Power Point.exe</ModulePath>
      <ModuleTime>2024-01-06T05:40:14.359583Z</ModuleTime>
      <ModuleName>Power Point</ModuleName>
      <Files>
        <File uid="15" fullPath="D:\C#\NTUT_WP_PowerPoint\Power Point\Commands\DeleteCurrentPageCommand.cs" />
        <File uid="16" fullPath="D:\C#\NTUT_WP_PowerPoint\Power Point\Commands\DeleteSelectedCommand.cs" />
        <File uid="17" fullPath="D:\C#\NTUT_WP_PowerPoint\Power Point\EventArguments\FileDataEventArguments.cs" />
        <File uid="18" fullPath="D:\C#\NTUT_WP_PowerPoint\Power Point\ModalWindow\LoadForm.Designer.cs" />
        <File uid="19" fullPath="D:\C#\NTUT_WP_PowerPoint\Power Point\ModalWindow\LoadForm.cs" />
        <File uid="21" fullPath="D:\C#\NTUT_WP_PowerPoint\Power Point\ModalWindow\SaveForm.Designer.cs" />
        <File uid="22" fullPath="D:\C#\NTUT_WP_PowerPoint\Power Point\ModalWindow\SaveForm.cs" />
        <File uid="27" fullPath="D:\C#\NTUT_WP_PowerPoint\Power Point\ModalWindow\AddShapeForm.Designer.cs" />
        <File uid="28" fullPath="D:\C#\NTUT_WP_PowerPoint\Power Point\ModalWindow\AddShapeForm.cs" />
        <File uid="29" fullPath="D:\C#\NTUT_WP_PowerPoint\Power Point\Commands\AddCommand.cs" />
        <File uid="30" fullPath="D:\C#\NTUT_WP_PowerPoint\Power Point\Commands\CommandManager.cs" />
        <File uid="31" fullPath="D:\C#\NTUT_WP_PowerPoint\Power Point\Commands\DeleteCommand.cs" />
        <File uid="32" fullPath="D:\C#\NTUT_WP_PowerPoint\Power Point\Commands\DrawCommand.cs" />
        <File uid="33" fullPath="D:\C#\NTUT_WP_PowerPoint\Power Point\Commands\InsertPageCommand.cs" />
        <File uid="34" fullPath="D:\C#\NTUT_WP_PowerPoint\Power Point\Commands\MoveCommand.cs" />
        <File uid="35" fullPath="D:\C#\NTUT_WP_PowerPoint\Power Point\Commands\ScaleCommand.cs" />
        <File uid="36" fullPath="D:\C#\NTUT_WP_PowerPoint\Power Point\Components\DoubleBufferPanel.cs" />
        <File uid="37" fullPath="D:\C#\NTUT_WP_PowerPoint\Power Point\GoogleDriveService.cs" />
        <File uid="38" fullPath="D:\C#\NTUT_WP_PowerPoint\Power Point\Page\Pages.cs" />
        <File uid="39" fullPath="D:\C#\NTUT_WP_PowerPoint\Power Point\EventArguments\ShapeEventArguments.cs" />
        <File uid="40" fullPath="D:\C#\NTUT_WP_PowerPoint\Power Point\State\DrawingState.cs" />
        <File uid="41" fullPath="D:\C#\NTUT_WP_PowerPoint\Power Point\Shape\Circle.cs" />
        <File uid="42" fullPath="D:\C#\NTUT_WP_PowerPoint\Power Point\Factory.cs" />
        <File uid="43" fullPath="D:\C#\NTUT_WP_PowerPoint\Power Point\Adapeter\FormGraphicsAdapter.cs" />
        <File uid="44" fullPath="D:\C#\NTUT_WP_PowerPoint\Power Point\Shape\Line.cs" />
        <File uid="45" fullPath="D:\C#\NTUT_WP_PowerPoint\Power Point\Model\Model.cs" />
        <File uid="46" fullPath="D:\C#\NTUT_WP_PowerPoint\Power Point\Form.Designer.cs" />
        <File uid="47" fullPath="D:\C#\NTUT_WP_PowerPoint\Power Point\Form.cs" />
        <File uid="48" fullPath="D:\C#\NTUT_WP_PowerPoint\Power Point\Model\FormPresentationModel.cs" />
        <File uid="49" fullPath="D:\C#\NTUT_WP_PowerPoint\Power Point\Program.cs" />
        <File uid="50" fullPath="D:\C#\NTUT_WP_PowerPoint\Power Point\Shape\Rectangle.cs" />
        <File uid="51" fullPath="D:\C#\NTUT_WP_PowerPoint\Power Point\Shape\Shape.cs" />
        <File uid="52" fullPath="D:\C#\NTUT_WP_PowerPoint\Power Point\Page\Shapes.cs" />
        <File uid="53" fullPath="D:\C#\NTUT_WP_PowerPoint\Power Point\State\PointState.cs" />
      </Files>
      <Classes>
        <Class>
          <Summary numSequencePoints="12" visitedSequencePoints="0" numBranchPoints="3" visitedBranchPoints="0" sequenceCoverage="0" branchCoverage="0" maxCyclomaticComplexity="1" minCyclomaticComplexity="1" maxCrapScore="2" minCrapScore="2" visitedClasses="0" numClasses="1" visitedMethods="0" numMethods="3" />
          <FullName>Power_Point.DeletePageCommand</FullName>
          <Methods>
            <Method visited="false" cyclomaticComplexity="1" nPathComplexity="0" sequenceCoverage="0" branchCoverage="0" crapScore="2" isConstructor="true" isStatic="false" isGetter="false" isSetter="false">
              <Summary numSequencePoints="6" visitedSequencePoints="0" numBranchPoints="1" visitedBranchPoints="0" sequenceCoverage="0" branchCoverage="0" maxCyclomaticComplexity="1" minCyclomaticComplexity="1" maxCrapScore="2" minCrapScore="2" visitedClasses="0" numClasses="0" visitedMethods="0" numMethods="1" />
              <MetadataToken>100663297</MetadataToken>
              <Name>System.Void Power_Point.DeletePageCommand::.ctor(Power_Point.Pages)</Name>
              <FileRef uid="15" />
              <SequencePoints>
                <SequencePoint vc="0" uspid="198" ordinal="0" offset="0" sl="15" sc="9" el="15" ec="46" bec="0" bev="0" fileid="15" />
                <SequencePoint vc="0" uspid="199" ordinal="1" offset="7" sl="16" sc="9" el="16" ec="10" bec="0" bev="0" fileid="15" />
                <SequencePoint vc="0" uspid="200" ordinal="2" offset="8" sl="17" sc="13" el="17" ec="28" bec="0" bev="0" fileid="15" />
                <SequencePoint vc="0" uspid="201" ordinal="3" offset="15" sl="18" sc="13" el="18" ec="65" bec="0" bev="0" fileid="15" />
                <SequencePoint vc="0" uspid="202" ordinal="4" offset="38" sl="19" sc="13" el="19" ec="45" bec="0" bev="0" fileid="15" />
                <SequencePoint vc="0" uspid="203" ordinal="5" offset="50" sl="20" sc="9" el="20" ec="10" bec="0" bev="0" fileid="15" />
              </SequencePoints>
              <BranchPoints />
              <MethodPoint xsi:type="SequencePoint" vc="0" uspid="198" ordinal="0" offset="0" sl="15" sc="9" el="15" ec="46" bec="0" bev="0" fileid="15" />
            </Method>
            <Method visited="false" cyclomaticComplexity="1" nPathComplexity="0" sequenceCoverage="0" branchCoverage="0" crapScore="2" isConstructor="false" isStatic="false" isGetter="false" isSetter="false">
              <Summary numSequencePoints="3" visitedSequencePoints="0" numBranchPoints="1" visitedBranchPoints="0" sequenceCoverage="0" branchCoverage="0" maxCyclomaticComplexity="1" minCyclomaticComplexity="1" maxCrapScore="2" minCrapScore="2" visitedClasses="0" numClasses="0" visitedMethods="0" numMethods="1" />
              <MetadataToken>100663298</MetadataToken>
              <Name>System.Void Power_Point.DeletePageCommand::Execute()</Name>
              <FileRef uid="15" />
              <SequencePoints>
                <SequencePoint vc="0" uspid="204" ordinal="0" offset="0" sl="24" sc="9" el="24" ec="10" bec="0" bev="0" fileid="15" />
                <SequencePoint vc="0" uspid="205" ordinal="1" offset="1" sl="25" sc="13" el="25" ec="39" bec="0" bev="0" fileid="15" />
                <SequencePoint vc="0" uspid="206" ordinal="2" offset="19" sl="26" sc="9" el="26" ec="10" bec="0" bev="0" fileid="15" />
              </SequencePoints>
              <BranchPoints />
              <MethodPoint xsi:type="SequencePoint" vc="0" uspid="204" ordinal="0" offset="0" sl="24" sc="9" el="24" ec="10" bec="0" bev="0" fileid="15" />
            </Method>
            <Method visited="false" cyclomaticComplexity="1" nPathComplexity="0" sequenceCoverage="0" branchCoverage="0" crapScore="2" isConstructor="false" isStatic="false" isGetter="false" isSetter="false">
              <Summary numSequencePoints="3" visitedSequencePoints="0" numBranchPoints="1" visitedBranchPoints="0" sequenceCoverage="0" branchCoverage="0" maxCyclomaticComplexity="1" minCyclomaticComplexity="1" maxCrapScore="2" minCrapScore="2" visitedClasses="0" numClasses="0" visitedMethods="0" numMethods="1" />
              <MetadataToken>100663299</MetadataToken>
              <Name>System.Void Power_Point.DeletePageCommand::ReverseExecute()</Name>
              <FileRef uid="15" />
              <SequencePoints>
                <SequencePoint vc="0" uspid="207" ordinal="0" offset="0" sl="30" sc="9" el="30" ec="10" bec="0" bev="0" fileid="15" />
                <SequencePoint vc="0" uspid="208" ordinal="1" offset="1" sl="31" sc="13" el="31" ec="48" bec="0" bev="0" fileid="15" />
                <SequencePoint vc="0" uspid="209" ordinal="2" offset="25" sl="32" sc="9" el="32" ec="10" bec="0" bev="0" fileid="15" />
              </SequencePoints>
              <BranchPoints />
              <MethodPoint xsi:type="SequencePoint" vc="0" uspid="207" ordinal="0" offset="0" sl="30" sc="9" el="30" ec="10" bec="0" bev="0" fileid="15" />
            </Method>
          </Methods>
        </Class>
        <Class>
          <Summary numSequencePoints="12" visitedSequencePoints="0" numBranchPoints="3" visitedBranchPoints="0" sequenceCoverage="0" branchCoverage="0" maxCyclomaticComplexity="1" minCyclomaticComplexity="1" maxCrapScore="2" minCrapScore="2" visitedClasses="0" numClasses="1" visitedMethods="0" numMethods="3" />
          <FullName>Power_Point.DeleteSelectedCommand</FullName>
          <Methods>
            <Method visited="false" cyclomaticComplexity="1" nPathComplexity="0" sequenceCoverage="0" branchCoverage="0" crapScore="2" isConstructor="true" isStatic="false" isGetter="false" isSetter="false">
              <Summary numSequencePoints="6" visitedSequencePoints="0" numBranchPoints="1" visitedBranchPoints="0" sequenceCoverage="0" branchCoverage="0" maxCyclomaticComplexity="1" minCyclomaticComplexity="1" maxCrapScore="2" minCrapScore="2" visitedClasses="0" numClasses="0" visitedMethods="0" numMethods="1" />
              <MetadataToken>100663300</MetadataToken>
              <Name>System.Void Power_Point.DeleteSelectedCommand::.ctor(Power_Point.Shapes)</Name>
              <FileRef uid="16" />
              <SequencePoints>
                <SequencePoint vc="0" uspid="210" ordinal="0" offset="0" sl="15" sc="9" el="15" ec="52" bec="0" bev="0" fileid="16" />
                <SequencePoint vc="0" uspid="211" ordinal="1" offset="7" sl="16" sc="9" el="16" ec="10" bec="0" bev="0" fileid="16" />
                <SequencePoint vc="0" uspid="212" ordinal="2" offset="8" sl="17" sc="13" el="17" ec="30" bec="0" bev="0" fileid="16" />
                <SequencePoint vc="0" uspid="213" ordinal="3" offset="15" sl="18" sc="13" el="18" ec="48" bec="0" bev="0" fileid="16" />
                <SequencePoint vc="0" uspid="214" ordinal="4" offset="27" sl="19" sc="13" el="19" ec="51" bec="0" bev="0" fileid="16" />
                <SequencePoint vc="0" uspid="215" ordinal="5" offset="55" sl="20" sc="9" el="20" ec="10" bec="0" bev="0" fileid="16" />
              </SequencePoints>
              <BranchPoints />
              <MethodPoint xsi:type="SequencePoint" vc="0" uspid="210" ordinal="0" offset="0" sl="15" sc="9" el="15" ec="52" bec="0" bev="0" fileid="16" />
            </Method>
            <Method visited="false" cyclomaticComplexity="1" nPathComplexity="0" sequenceCoverage="0" branchCoverage="0" crapScore="2" isConstructor="false" isStatic="false" isGetter="false" isSetter="false">
              <Summary numSequencePoints="3" visitedSequencePoints="0" numBranchPoints="1" visitedBranchPoints="0" sequenceCoverage="0" branchCoverage="0" maxCyclomaticComplexity="1" minCyclomaticComplexity="1" maxCrapScore="2" minCrapScore="2" visitedClasses="0" numClasses="0" visitedMethods="0" numMethods="1" />
              <MetadataToken>100663301</MetadataToken>
              <Name>System.Void Power_Point.DeleteSelectedCommand::Execute()</Name>
              <FileRef uid="16" />
              <SequencePoints>
                <SequencePoint vc="0" uspid="216" ordinal="0" offset="0" sl="24" sc="9" el="24" ec="10" bec="0" bev="0" fileid="16" />
                <SequencePoint vc="0" uspid="217" ordinal="1" offset="1" sl="25" sc="13" el="25" ec="41" bec="0" bev="0" fileid="16" />
                <SequencePoint vc="0" uspid="218" ordinal="2" offset="19" sl="26" sc="9" el="26" ec="10" bec="0" bev="0" fileid="16" />
              </SequencePoints>
              <BranchPoints />
              <MethodPoint xsi:type="SequencePoint" vc="0" uspid="216" ordinal="0" offset="0" sl="24" sc="9" el="24" ec="10" bec="0" bev="0" fileid="16" />
            </Method>
            <Method visited="false" cyclomaticComplexity="1" nPathComplexity="0" sequenceCoverage="0" branchCoverage="0" crapScore="2" isConstructor="false" isStatic="false" isGetter="false" isSetter="false">
              <Summary numSequencePoints="3" visitedSequencePoints="0" numBranchPoints="1" visitedBranchPoints="0" sequenceCoverage="0" branchCoverage="0" maxCyclomaticComplexity="1" minCyclomaticComplexity="1" maxCrapScore="2" minCrapScore="2" visitedClasses="0" numClasses="0" visitedMethods="0" numMethods="1" />
              <MetadataToken>100663302</MetadataToken>
              <Name>System.Void Power_Point.DeleteSelectedCommand::ReverseExecute()</Name>
              <FileRef uid="16" />
              <SequencePoints>
                <SequencePoint vc="0" uspid="219" ordinal="0" offset="0" sl="30" sc="9" el="30" ec="10" bec="0" bev="0" fileid="16" />
                <SequencePoint vc="0" uspid="220" ordinal="1" offset="1" sl="31" sc="13" el="31" ec="49" bec="0" bev="0" fileid="16" />
                <SequencePoint vc="0" uspid="221" ordinal="2" offset="25" sl="32" sc="9" el="32" ec="10" bec="0" bev="0" fileid="16" />
              </SequencePoints>
              <BranchPoints />
              <MethodPoint xsi:type="SequencePoint" vc="0" uspid="219" ordinal="0" offset="0" sl="30" sc="9" el="30" ec="10" bec="0" bev="0" fileid="16" />
            </Method>
          </Methods>
        </Class>
        <Class>
          <Summary numSequencePoints="5" visitedSequencePoints="0" numBranchPoints="2" visitedBranchPoints="0" sequenceCoverage="0" branchCoverage="0" maxCyclomaticComplexity="1" minCyclomaticComplexity="1" maxCrapScore="2" minCrapScore="2" visitedClasses="0" numClasses="1" visitedMethods="0" numMethods="2" />
          <FullName>Power_Point.FileDataEventArguments</FullName>
          <Methods>
            <Method visited="false" cyclomaticComplexity="1" nPathComplexity="0" sequenceCoverage="0" branchCoverage="0" crapScore="2" isConstructor="false" isStatic="false" isGetter="true" isSetter="false">
              <Summary numSequencePoints="1" visitedSequencePoints="0" numBranchPoints="1" visitedBranchPoints="0" sequenceCoverage="0" branchCoverage="0" maxCyclomaticComplexity="1" minCyclomaticComplexity="1" maxCrapScore="2" minCrapScore="2" visitedClasses="0" numClasses="0" visitedMethods="0" numMethods="1" />
              <MetadataToken>100663303</MetadataToken>
              <Name>System.Collections.Generic.List`1&lt;System.Collections.Generic.List`1&lt;Power_Point.Shape&gt;&gt; Power_Point.FileDataEventArguments::get_FileData()</Name>
              <FileRef uid="17" />
              <SequencePoints>
[...]
              <Summary numSequencePoints="7" visitedSequencePoints="7" numBranchPoints="1" visitedBranchPoints="1" sequenceCoverage="100" branchCoverage="100" maxCyclomaticComplexity="1" minCyclomaticComplexity="1" maxCrapScore="1" minCrapScore="1" visitedClasses="0" numClasses="0" visitedMethods="1" numMethods="1" />
              <MetadataToken>100663574</MetadataToken>
              <Name>System.Void Power_Point.PointState::.ctor(Power_Point.Model,Power_Point.Shapes)</Name>
              <FileRef uid="53" />
              <SequencePoints>
                <SequencePoint vc="16" uspid="2112" ordinal="0" offset="0" sl="13" sc="9" el="13" ec="41" bec="0" bev="0" fileid="53" />
                <SequencePoint vc="16" uspid="2113" ordinal="1" offset="7" sl="14" sc="9" el="14" ec="41" bec="0" bev="0" fileid="53" />
                <SequencePoint vc="16" uspid="2114" ordinal="2" offset="14" sl="22" sc="9" el="22" ec="54" bec="0" bev="0" fileid="53" />
                <SequencePoint vc="16" uspid="2115" ordinal="3" offset="21" sl="23" sc="9" el="23" ec="10" bec="0" bev="0" fileid="53" />
                <SequencePoint vc="16" uspid="2116" ordinal="4" offset="22" sl="24" sc="13" el="24" ec="28" bec="0" bev="0" fileid="53" />
                <SequencePoint vc="16" uspid="2117" ordinal="5" offset="29" sl="25" sc="13" el="25" ec="30" bec="0" bev="0" fileid="53" />
                <SequencePoint vc="16" uspid="2118" ordinal="6" offset="36" sl="26" sc="9" el="26" ec="10" bec="0" bev="0" fileid="53" />
              </SequencePoints>
              <BranchPoints />
              <MethodPoint xsi:type="SequencePoint" vc="16" uspid="2112" ordinal="0" offset="0" sl="13" sc="9" el="13" ec="41" bec="0" bev="0" fileid="53" />
            </Method>
            <Method visited="false" cyclomaticComplexity="2" nPathComplexity="2" sequenceCoverage="0" branchCoverage="0" crapScore="6" isConstructor="false" isStatic="false" isGetter="false" isSetter="false">
              <Summary numSequencePoints="9" visitedSequencePoints="0" numBranchPoints="3" visitedBranchPoints="0" sequenceCoverage="0" branchCoverage="0" maxCyclomaticComplexity="2" minCyclomaticComplexity="2" maxCrapScore="6" minCrapScore="6" visitedClasses="0" numClasses="0" visitedMethods="0" numMethods="1" />
              <MetadataToken>100663575</MetadataToken>
              <Name>System.Void Power_Point.PointState::HandleMouseMove(System.Double,System.Double)</Name>
              <FileRef uid="53" />
              <SequencePoints>
                <SequencePoint vc="0" uspid="2119" ordinal="0" offset="0" sl="30" sc="9" el="30" ec="10" bec="0" bev="0" fileid="53" />
                <SequencePoint vc="0" uspid="2120" ordinal="1" offset="1" sl="31" sc="13" el="31" ec="28" bec="2" bev="0" fileid="53" />
                <SequencePoint vc="0" uspid="2121" ordinal="2" offset="11" sl="32" sc="13" el="32" ec="14" bec="0" bev="0" fileid="53" />
                <SequencePoint vc="0" uspid="2122" ordinal="3" offset="12" sl="33" sc="17" el="33" ec="43" bec="0" bev="0" fileid="53" />
                <SequencePoint vc="0" uspid="2123" ordinal="4" offset="21" sl="34" sc="13" el="34" ec="14" bec="0" bev="0" fileid="53" />
                <SequencePoint vc="0" uspid="2124" ordinal="5" offset="24" sl="36" sc="13" el="36" ec="14" bec="0" bev="0" fileid="53" />
                <SequencePoint vc="0" uspid="2125" ordinal="6" offset="25" sl="37" sc="17" el="37" ec="89" bec="0" bev="0" fileid="53" />
                <SequencePoint vc="0" uspid="2126" ordinal="7" offset="44" sl="38" sc="13" el="38" ec="14" bec="0" bev="0" fileid="53" />
                <SequencePoint vc="0" uspid="2127" ordinal="8" offset="45" sl="39" sc="9" el="39" ec="10" bec="0" bev="0" fileid="53" />
              </SequencePoints>
              <BranchPoints>
                <BranchPoint vc="0" uspid="2128" ordinal="0" offset="9" sl="31" path="0" offsetend="11" fileid="53" />
                <BranchPoint vc="0" uspid="2129" ordinal="1" offset="9" sl="31" path="1" offsetend="24" fileid="53" />
              </BranchPoints>
              <MethodPoint xsi:type="SequencePoint" vc="0" uspid="2119" ordinal="0" offset="0" sl="30" sc="9" el="30" ec="10" bec="0" bev="0" fileid="53" />
            </Method>
            <Method visited="false" cyclomaticComplexity="2" nPathComplexity="2" sequenceCoverage="0" branchCoverage="0" crapScore="6" isConstructor="false" isStatic="false" isGetter="false" isSetter="false">
              <Summary numSequencePoints="10" visitedSequencePoints="0" numBranchPoints="3" visitedBranchPoints="0" sequenceCoverage="0" branchCoverage="0" maxCyclomaticComplexity="2" minCyclomaticComplexity="2" maxCrapScore="6" minCrapScore="6" visitedClasses="0" numClasses="0" visitedMethods="0" numMethods="1" />
              <MetadataToken>100663576</MetadataToken>
              <Name>System.Void Power_Point.PointState::HandleMouseDown(System.Double,System.Double)</Name>
              <FileRef uid="53" />
              <SequencePoints>
                <SequencePoint vc="0" uspid="2130" ordinal="0" offset="0" sl="43" sc="9" el="43" ec="10" bec="0" bev="0" fileid="53" />
                <SequencePoint vc="0" uspid="2131" ordinal="1" offset="1" sl="44" sc="13" el="44" ec="28" bec="2" bev="0" fileid="53" />
                <SequencePoint vc="0" uspid="2132" ordinal="2" offset="11" sl="45" sc="13" el="45" ec="14" bec="0" bev="0" fileid="53" />
                <SequencePoint vc="0" uspid="2133" ordinal="3" offset="12" sl="46" sc="17" el="46" ec="61" bec="0" bev="0" fileid="53" />
                <SequencePoint vc="0" uspid="2134" ordinal="4" offset="21" sl="47" sc="17" el="47" ec="35" bec="0" bev="0" fileid="53" />
                <SequencePoint vc="0" uspid="2135" ordinal="5" offset="28" sl="48" sc="13" el="48" ec="14" bec="0" bev="0" fileid="53" />
                <SequencePoint vc="0" uspid="2136" ordinal="6" offset="31" sl="50" sc="13" el="50" ec="14" bec="0" bev="0" fileid="53" />
                <SequencePoint vc="0" uspid="2137" ordinal="7" offset="32" sl="51" sc="17" el="51" ec="57" bec="0" bev="0" fileid="53" />
                <SequencePoint vc="0" uspid="2138" ordinal="8" offset="41" sl="52" sc="13" el="52" ec="14" bec="0" bev="0" fileid="53" />
                <SequencePoint vc="0" uspid="2139" ordinal="9" offset="42" sl="53" sc="9" el="53" ec="10" bec="0" bev="0" fileid="53" />
              </SequencePoints>
              <BranchPoints>
                <BranchPoint vc="0" uspid="2140" ordinal="0" offset="9" sl="44" path="0" offsetend="11" fileid="53" />
                <BranchPoint vc="0" uspid="2141" ordinal="1" offset="9" sl="44" path="1" offsetend="31" fileid="53" />
              </BranchPoints>
              <MethodPoint xsi:type="SequencePoint" vc="0" uspid="2130" ordinal="0" offset="0" sl="43" sc="9" el="43" ec="10" bec="0" bev="0" fileid="53" />
            </Method>
            <Method visited="false" cyclomaticComplexity="3" nPathComplexity="4" sequenceCoverage="0" branchCoverage="0" crapScore="12" isConstructor="false" isStatic="false" isGetter="false" isSetter="false">
              <Summary numSequencePoints="15" visitedSequencePoints="0" numBranchPoints="5" visitedBranchPoints="0" sequenceCoverage="0" branchCoverage="0" maxCyclomaticComplexity="3" minCyclomaticComplexity="3" maxCrapScore="12" minCrapScore="12" visitedClasses="0" numClasses="0" visitedMethods="0" numMethods="1" />
              <MetadataToken>100663577</MetadataToken>
              <Name>System.Void Power_Point.PointState::HandleMouseUp(System.Double,System.Double)</Name>
              <FileRef uid="53" />
              <SequencePoints>
                <SequencePoint vc="0" uspid="2142" ordinal="0" offset="0" sl="57" sc="9" el="57" ec="10" bec="0" bev="0" fileid="53" />
                <SequencePoint vc="0" uspid="2143" ordinal="1" offset="1" sl="58" sc="13" el="58" ec="45" bec="0" bev="0" fileid="53" />
                <SequencePoint vc="0" uspid="2144" ordinal="2" offset="10" sl="59" sc="13" el="59" ec="28" bec="2" bev="0" fileid="53" />
                <SequencePoint vc="0" uspid="2145" ordinal="3" offset="20" sl="60" sc="13" el="60" ec="14" bec="0" bev="0" fileid="53" />
                <SequencePoint vc="0" uspid="2146" ordinal="4" offset="21" sl="61" sc="17" el="61" ec="67" bec="0" bev="0" fileid="53" />
                <SequencePoint vc="0" uspid="2147" ordinal="5" offset="44" sl="62" sc="17" el="62" ec="32" bec="2" bev="0" fileid="53" />
                <SequencePoint vc="0" uspid="2148" ordinal="6" offset="54" sl="63" sc="17" el="63" ec="18" bec="0" bev="0" fileid="53" />
                <SequencePoint vc="0" uspid="2149" ordinal="7" offset="55" sl="64" sc="21" el="64" ec="117" bec="0" bev="0" fileid="53" />
                <SequencePoint vc="0" uspid="2150" ordinal="8" offset="91" sl="65" sc="17" el="65" ec="18" bec="0" bev="0" fileid="53" />
                <SequencePoint vc="0" uspid="2151" ordinal="9" offset="94" sl="67" sc="17" el="67" ec="18" bec="0" bev="0" fileid="53" />
                <SequencePoint vc="0" uspid="2152" ordinal="10" offset="95" sl="68" sc="21" el="68" ec="116" bec="0" bev="0" fileid="53" />
                <SequencePoint vc="0" uspid="2153" ordinal="11" offset="131" sl="69" sc="17" el="69" ec="18" bec="0" bev="0" fileid="53" />
                <SequencePoint vc="0" uspid="2154" ordinal="12" offset="132" sl="70" sc="13" el="70" ec="14" bec="0" bev="0" fileid="53" />
                <SequencePoint vc="0" uspid="2155" ordinal="13" offset="133" sl="71" sc="13" el="71" ec="32" bec="0" bev="0" fileid="53" />
                <SequencePoint vc="0" uspid="2156" ordinal="14" offset="140" sl="72" sc="9" el="72" ec="10" bec="0" bev="0" fileid="53" />
              </SequencePoints>
              <BranchPoints>
                <BranchPoint vc="0" uspid="2157" ordinal="0" offset="18" sl="59" path="0" offsetend="20" fileid="53" />
                <BranchPoint vc="0" uspid="2158" ordinal="1" offset="18" sl="59" path="1" offsetend="133" fileid="53" />
                <BranchPoint vc="0" uspid="2159" ordinal="2" offset="52" sl="62" path="0" offsetend="54" fileid="53" />
                <BranchPoint vc="0" uspid="2160" ordinal="3" offset="52" sl="62" path="1" offsetend="94" fileid="53" />
              </BranchPoints>
              <MethodPoint xsi:type="SequencePoint" vc="0" uspid="2142" ordinal="0" offset="0" sl="57" sc="9" el="57" ec="10" bec="0" bev="0" fileid="53" />
            </Method>
            <Method visited="false" cyclomaticComplexity="1" nPathComplexity="0" sequenceCoverage="0" branchCoverage="0" crapScore="2" isConstructor="false" isStatic="false" isGetter="false" isSetter="false">
              <Summary numSequencePoints="8" visitedSequencePoints="0" numBranchPoints="1" visitedBranchPoints="0" sequenceCoverage="0" branchCoverage="0" maxCyclomaticComplexity="1" minCyclomaticComplexity="1" maxCrapScore="2" minCrapScore="2" visitedClasses="0" numClasses="0" visitedMethods="0" numMethods="1" />
              <MetadataToken>100663578</MetadataToken>
              <Name>System.Void Power_Point.PointState::RecordSelectedShapePosition(System.Double,System.Double)</Name>
              <FileRef uid="53" />
              <SequencePoints>
                <SequencePoint vc="0" uspid="2161" ordinal="0" offset="0" sl="76" sc="9" el="76" ec="10" bec="0" bev="0" fileid="53" />
                <SequencePoint vc="0" uspid="2162" ordinal="1" offset="1" sl="77" sc="13" el="77" ec="41" bec="0" bev="0" fileid="53" />
                <SequencePoint vc="0" uspid="2163" ordinal="2" offset="9" sl="78" sc="13" el="78" ec="41" bec="0" bev="0" fileid="53" />
                <SequencePoint vc="0" uspid="2164" ordinal="3" offset="17" sl="79" sc="13" el="79" ec="79" bec="0" bev="0" fileid="53" />
                <SequencePoint vc="0" uspid="2165" ordinal="4" offset="50" sl="80" sc="13" el="80" ec="79" bec="0" bev="0" fileid="53" />
                <SequencePoint vc="0" uspid="2166" ordinal="5" offset="83" sl="81" sc="13" el="81" ec="79" bec="0" bev="0" fileid="53" />
                <SequencePoint vc="0" uspid="2167" ordinal="6" offset="116" sl="82" sc="13" el="82" ec="79" bec="0" bev="0" fileid="53" />
                <SequencePoint vc="0" uspid="2168" ordinal="7" offset="149" sl="84" sc="9" el="84" ec="10" bec="0" bev="0" fileid="53" />
              </SequencePoints>
              <BranchPoints />
              <MethodPoint xsi:type="SequencePoint" vc="0" uspid="2161" ordinal="0" offset="0" sl="76" sc="9" el="76" ec="10" bec="0" bev="0" fileid="53" />
            </Method>
            <Method visited="false" cyclomaticComplexity="2" nPathComplexity="2" sequenceCoverage="0" branchCoverage="0" crapScore="6" isConstructor="false" isStatic="false" isGetter="false" isSetter="false">
              <Summary numSequencePoints="14" visitedSequencePoints="0" numBranchPoints="3" visitedBranchPoints="0" sequenceCoverage="0" branchCoverage="0" maxCyclomaticComplexity="2" minCyclomaticComplexity="2" maxCrapScore="6" minCrapScore="6" visitedClasses="0" numClasses="0" visitedMethods="0" numMethods="1" />
              <MetadataToken>100663579</MetadataToken>
              <Name>System.Void Power_Point.PointState::MoveMouse(System.Double,System.Double)</Name>
              <FileRef uid="53" />
              <SequencePoints>
                <SequencePoint vc="0" uspid="2169" ordinal="0" offset="0" sl="88" sc="9" el="88" ec="10" bec="0" bev="0" fileid="53" />
                <SequencePoint vc="0" uspid="2170" ordinal="1" offset="1" sl="89" sc="13" el="89" ec="28" bec="2" bev="0" fileid="53" />
                <SequencePoint vc="0" uspid="2171" ordinal="2" offset="11" sl="90" sc="13" el="90" ec="14" bec="0" bev="0" fileid="53" />
                <SequencePoint vc="0" uspid="2172" ordinal="3" offset="12" sl="91" sc="17" el="91" ec="85" bec="0" bev="0" fileid="53" />
                <SequencePoint vc="0" uspid="2173" ordinal="4" offset="44" sl="92" sc="13" el="92" ec="14" bec="0" bev="0" fileid="53" />
                <SequencePoint vc="0" uspid="2174" ordinal="5" offset="50" sl="94" sc="13" el="94" ec="14" bec="0" bev="0" fileid="53" />
                <SequencePoint vc="0" uspid="2175" ordinal="6" offset="51" sl="95" sc="17" el="95" ec="59" bec="0" bev="0" fileid="53" />
                <SequencePoint vc="0" uspid="2176" ordinal="7" offset="62" sl="96" sc="17" el="96" ec="60" bec="0" bev="0" fileid="53" />
                <SequencePoint vc="0" uspid="2177" ordinal="8" offset="73" sl="97" sc="17" el="97" ec="91" bec="0" bev="0" fileid="53" />
                <SequencePoint vc="0" uspid="2178" ordinal="9" offset="109" sl="98" sc="17" el="98" ec="92" bec="0" bev="0" fileid="53" />
                <SequencePoint vc="0" uspid="2179" ordinal="10" offset="145" sl="100" sc="17" el="100" ec="91" bec="0" bev="0" fileid="53" />
                <SequencePoint vc="0" uspid="2180" ordinal="11" offset="181" sl="101" sc="17" el="101" ec="92" bec="0" bev="0" fileid="53" />
                <SequencePoint vc="0" uspid="2181" ordinal="12" offset="217" sl="102" sc="13" el="102" ec="14" bec="0" bev="0" fileid="53" />
                <SequencePoint vc="0" uspid="2182" ordinal="13" offset="218" sl="103" sc="9" el="103" ec="10" bec="0" bev="0" fileid="53" />
              </SequencePoints>
              <BranchPoints>
                <BranchPoint vc="0" uspid="2183" ordinal="0" offset="9" sl="89" path="0" offsetend="11" fileid="53" />
                <BranchPoint vc="0" uspid="2184" ordinal="1" offset="9" sl="89" path="1" offsetend="50" fileid="53" />
              </BranchPoints>
              <MethodPoint xsi:type="SequencePoint" vc="0" uspid="2169" ordinal="0" offset="0" sl="88" sc="9" el="88" ec="10" bec="0" bev="0" fileid="53" />
            </Method>
            <Method visited="false" cyclomaticComplexity="2" nPathComplexity="2" sequenceCoverage="0" branchCoverage="0" crapScore="6" isConstructor="false" isStatic="false" isGetter="false" isSetter="false">
              <Summary numSequencePoints="10" visitedSequencePoints="0" numBranchPoints="3" visitedBranchPoints="0" sequenceCoverage="0" branchCoverage="0" maxCyclomaticComplexity="2" minCyclomaticComplexity="2" maxCrapScore="6" minCrapScore="6" visitedClasses="0" numClasses="0" visitedMethods="0" numMethods="1" />
              <MetadataToken>100663580</MetadataToken>
              <Name>System.Void Power_Point.PointState::CheckPointPressInShapes(System.Double,System.Double)</Name>
              <FileRef uid="53" />
              <SequencePoints>
                <SequencePoint vc="0" uspid="2185" ordinal="0" offset="0" sl="107" sc="9" el="107" ec="10" bec="0" bev="0" fileid="53" />
                <SequencePoint vc="0" uspid="2186" ordinal="1" offset="1" sl="108" sc="13" el="108" ec="61" bec="0" bev="0" fileid="53" />
                <SequencePoint vc="0" uspid="2187" ordinal="2" offset="15" sl="109" sc="13" el="109" ec="37" bec="2" bev="0" fileid="53" />
                <SequencePoint vc="0" uspid="2188" ordinal="3" offset="31" sl="110" sc="13" el="110" ec="14" bec="0" bev="0" fileid="53" />
                <SequencePoint vc="0" uspid="2189" ordinal="4" offset="32" sl="111" sc="17" el="111" ec="45" bec="0" bev="0" fileid="53" />
                <SequencePoint vc="0" uspid="2190" ordinal="5" offset="40" sl="112" sc="17" el="112" ec="45" bec="0" bev="0" fileid="53" />
                <SequencePoint vc="0" uspid="2191" ordinal="6" offset="48" sl="113" sc="17" el="113" ec="35" bec="0" bev="0" fileid="53" />
                <SequencePoint vc="0" uspid="2192" ordinal="7" offset="55" sl="114" sc="17" el="114" ec="61" bec="0" bev="0" fileid="53" />
                <SequencePoint vc="0" uspid="2193" ordinal="8" offset="64" sl="115" sc="13" el="115" ec="14" bec="0" bev="0" fileid="53" />
                <SequencePoint vc="0" uspid="2194" ordinal="9" offset="65" sl="116" sc="9" el="116" ec="10" bec="0" bev="0" fileid="53" />
              </SequencePoints>
              <BranchPoints>
                <BranchPoint vc="0" uspid="2195" ordinal="0" offset="29" sl="109" path="0" offsetend="31" fileid="53" />
                <BranchPoint vc="0" uspid="2196" ordinal="1" offset="29" sl="109" path="1" offsetend="65" fileid="53" />
              </BranchPoints>
              <MethodPoint xsi:type="SequencePoint" vc="0" uspid="2185" ordinal="0" offset="0" sl="107" sc="9" el="107" ec="10" bec="0" bev="0" fileid="53" />
            </Method>
          </Methods>
        </Class>
        <Class>
          <Summary numSequencePoints="0" visitedSequencePoints="0" numBranchPoints="0" visitedBranchPoints="0" sequenceCoverage="0" branchCoverage="0" maxCyclomaticComplexity="1" minCyclomaticComplexity="1" maxCrapScore="2" minCrapScore="2" visitedClasses="0" numClasses="0" visitedMethods="0" numMethods="0" />
          <FullName>Power_Point.Symbol</FullName>
          <Methods>
            <Method visited="false" cyclomaticComplexity="1" nPathComplexity="0" sequenceCoverage="0" branchCoverage="0" crapScore="2" isConstructor="true" isStatic="false" isGetter="false" isSetter="false">
              <Summary numSequencePoints="0" visitedSequencePoints="0" numBranchPoints="0" visitedBranchPoints="0" sequenceCoverage="0" branchCoverage="0" maxCyclomaticComplexity="1" minCyclomaticComplexity="1" maxCrapScore="2" minCrapScore="2" visitedClasses="0" numClasses="0" visitedMethods="0" numMethods="0" />
              <MetadataToken>100663583</MetadataToken>
              <Name>System.Void Power_Point.Symbol::.ctor()</Name>
              <SequencePoints />
              <BranchPoints />
              <MethodPoint vc="0" uspid="2197" ordinal="0" offset="0" />
            </Method>
          </Methods>
        </Class>
      </Classes>
    </Module>
  </Modules>
</CoverageSession>