<?xml version="1.0" encoding="utf-8"?>
<CoverageSession xmlns:xsd="http://www.w3.org/2001/XMLSchema" xmlns:xsi="http://www.w3.org/2001/XMLSchema-instance" Version="4.7.922.0">
  <Summary numSequencePoints="235" visitedSequencePoints="78" numBranchPoints="56" visitedBranchPoints="22" sequenceCoverage="33.19" branchCoverage="39.29" maxCyclomaticComplexity="7" minCyclomaticComplexity="1" maxCrapScore="56" minCrapScore="1" visitedClasses="2" numClasses="2" visitedMethods="21" numMethods="30" />
  <Modules>
    <Module hash="AC-BB-A4-F8-AE-10-5E-2A-36-A5-19-58-F3-E6-AA-E8-46-09-EE-63">
      <Summary numSequencePoints="235" visitedSequencePoints="78" numBranchPoints="56" visitedBranchPoints="22" sequenceCoverage="33.19" branchCoverage="39.29" maxCyclomaticComplexity="7" minCyclomaticComplexity="1" maxCrapScore="56" minCrapScore="1" visitedClasses="2" numClasses="2" visitedMethods="21" numMethods="30" />
      <ModulePath>D:\C#\NTUT_WP_PowerPoint\Power PointGuiTests\bin\Debug\fine-code-coverage\build-output\Power PointGuiTests.dll</ModulePath>
      <ModuleTime>2024-01-07T13:13:56.0740826Z</ModuleTime>
      <ModuleName>Power PointGuiTests</ModuleName>
      <Files>
        <File uid="1" fullPath="D:\C#\NTUT_WP_PowerPoint\Power PointGuiTests\FormTests.cs" />
        <File uid="2" fullPath="D:\C#\NTUT_WP_PowerPoint\Power PointGuiTests\Robot.cs" />
      </Files>
      <Classes>
        <Class>
          <Summary numSequencePoints="84" visitedSequencePoints="36" numBranchPoints="10" visitedBranchPoints="10" sequenceCoverage="42.86" branchCoverage="100" maxCyclomaticComplexity="1" minCyclomaticComplexity="1" maxCrapScore="2" minCrapScore="1" visitedClasses="1" numClasses="1" visitedMethods="10" numMethods="10" />
          <FullName>Power_Point.GuiTests.FormTests</FullName>
          <Methods>
            <Method visited="true" cyclomaticComplexity="1" nPathComplexity="0" sequenceCoverage="100" branchCoverage="100" crapScore="1" isConstructor="false" isStatic="false" isGetter="false" isSetter="false">
              <Summary numSequencePoints="3" visitedSequencePoints="3" numBranchPoints="1" visitedBranchPoints="1" sequenceCoverage="100" branchCoverage="100" maxCyclomaticComplexity="1" minCyclomaticComplexity="1" maxCrapScore="1" minCrapScore="1" visitedClasses="0" numClasses="0" visitedMethods="1" numMethods="1" />
              <MetadataToken>100663297</MetadataToken>
              <Name>System.Void Power_Point.GuiTests.FormTests::FormTestInitialize()</Name>
              <FileRef uid="1" />
              <SequencePoints>
                <SequencePoint vc="8" uspid="1" ordinal="0" offset="0" sl="27" sc="9" el="27" ec="10" bec="0" bev="0" fileid="1" />
                <SequencePoint vc="8" uspid="2" ordinal="1" offset="1" sl="28" sc="13" el="28" ec="51" bec="0" bev="0" fileid="1" />
                <SequencePoint vc="8" uspid="3" ordinal="2" offset="22" sl="29" sc="9" el="29" ec="10" bec="0" bev="0" fileid="1" />
              </SequencePoints>
              <BranchPoints />
              <MethodPoint xsi:type="SequencePoint" vc="8" uspid="1" ordinal="0" offset="0" sl="27" sc="9" el="27" ec="10" bec="0" bev="0" fileid="1" />
            </Method>
            <Method visited="true" cyclomaticComplexity="1" nPathComplexity="0" sequenceCoverage="35.29" branchCoverage="100" crapScore="1.27" isConstructor="false" isStatic="false" isGetter="false" isSetter="false">
              <Summary numSequencePoints="17" visitedSequencePoints="6" numBranchPoints="1" visitedBranchPoints="1" sequenceCoverage="35.29" branchCoverage="100" maxCyclomaticComplexity="1" minCyclomaticComplexity="1" maxCrapScore="1.27" minCrapScore="1.27" visitedClasses="0" numClasses="0" visitedMethods="1" numMethods="1" />
              <MetadataToken>100663298</MetadataToken>
              <Name>System.Void Power_Point.GuiTests.FormTests::ClickDrawShapeTest()</Name>
              <FileRef uid="1" />
              <SequencePoints>
                <SequencePoint vc="1" uspid="4" ordinal="0" offset="0" sl="33" sc="9" el="33" ec="10" bec="0" bev="0" fileid="1" />
                <SequencePoint vc="1" uspid="5" ordinal="1" offset="1" sl="34" sc="13" el="34" ec="52" bec="0" bev="0" fileid="1" />
                <SequencePoint vc="1" uspid="6" ordinal="2" offset="18" sl="35" sc="13" el="35" ec="53" bec="0" bev="0" fileid="1" />
                <SequencePoint vc="1" uspid="7" ordinal="3" offset="36" sl="37" sc="13" el="37" ec="54" bec="0" bev="0" fileid="1" />
                <SequencePoint vc="1" uspid="8" ordinal="4" offset="67" sl="39" sc="13" el="39" ec="68" bec="0" bev="0" fileid="1" />
                <SequencePoint vc="1" uspid="9" ordinal="5" offset="98" sl="40" sc="13" el="40" ec="80" bec="0" bev="0" fileid="1" />
                <SequencePoint vc="0" uspid="10" ordinal="6" offset="117" sl="42" sc="13" el="42" ec="57" bec="0" bev="0" fileid="1" />
                <SequencePoint vc="0" uspid="11" ordinal="7" offset="134" sl="43" sc="13" el="43" ec="58" bec="0" bev="0" fileid="1" />
                <SequencePoint vc="0" uspid="12" ordinal="8" offset="152" sl="45" sc="13" el="45" ec="54" bec="0" bev="0" fileid="1" />
                <SequencePoint vc="0" uspid="13" ordinal="9" offset="183" sl="47" sc="13" el="47" ec="68" bec="0" bev="0" fileid="1" />
                <SequencePoint vc="0" uspid="14" ordinal="10" offset="214" sl="48" sc="13" el="48" ec="80" bec="0" bev="0" fileid="1" />
                <SequencePoint vc="0" uspid="15" ordinal="11" offset="233" sl="50" sc="13" el="50" ec="52" bec="0" bev="0" fileid="1" />
                <SequencePoint vc="0" uspid="16" ordinal="12" offset="250" sl="51" sc="13" el="51" ec="53" bec="0" bev="0" fileid="1" />
                <SequencePoint vc="0" uspid="17" ordinal="13" offset="268" sl="53" sc="13" el="53" ec="54" bec="0" bev="0" fileid="1" />
                <SequencePoint vc="0" uspid="18" ordinal="14" offset="299" sl="55" sc="13" el="55" ec="69" bec="0" bev="0" fileid="1" />
                <SequencePoint vc="0" uspid="19" ordinal="15" offset="330" sl="56" sc="13" el="56" ec="80" bec="0" bev="0" fileid="1" />
                <SequencePoint vc="0" uspid="20" ordinal="16" offset="349" sl="57" sc="9" el="57" ec="10" bec="0" bev="0" fileid="1" />
              </SequencePoints>
              <BranchPoints />
              <MethodPoint xsi:type="SequencePoint" vc="1" uspid="4" ordinal="0" offset="0" sl="33" sc="9" el="33" ec="10" bec="0" bev="0" fileid="1" />
            </Method>
            <Method visited="true" cyclomaticComplexity="1" nPathComplexity="0" sequenceCoverage="50" branchCoverage="100" crapScore="1.12" isConstructor="false" isStatic="false" isGetter="false" isSetter="false">
              <Summary numSequencePoints="8" visitedSequencePoints="4" numBranchPoints="1" visitedBranchPoints="1" sequenceCoverage="50" branchCoverage="100" maxCyclomaticComplexity="1" minCyclomaticComplexity="1" maxCrapScore="1.12" minCrapScore="1.12" visitedClasses="0" numClasses="0" visitedMethods="1" numMethods="1" />
              <MetadataToken>100663299</MetadataToken>
              <Name>System.Void Power_Point.GuiTests.FormTests::UndoAndRedoTest()</Name>
              <FileRef uid="1" />
              <SequencePoints>
                <SequencePoint vc="1" uspid="21" ordinal="0" offset="0" sl="61" sc="9" el="61" ec="10" bec="0" bev="0" fileid="1" />
                <SequencePoint vc="1" uspid="22" ordinal="1" offset="1" sl="62" sc="13" el="62" ec="54" bec="0" bev="0" fileid="1" />
                <SequencePoint vc="1" uspid="23" ordinal="2" offset="18" sl="64" sc="13" el="64" ec="54" bec="0" bev="0" fileid="1" />
                <SequencePoint vc="1" uspid="24" ordinal="3" offset="49" sl="66" sc="13" el="66" ec="52" bec="0" bev="0" fileid="1" />
                <SequencePoint vc="0" uspid="25" ordinal="4" offset="66" sl="68" sc="13" el="68" ec="52" bec="0" bev="0" fileid="1" />
                <SequencePoint vc="0" uspid="26" ordinal="5" offset="83" sl="70" sc="13" el="70" ec="69" bec="0" bev="0" fileid="1" />
                <SequencePoint vc="0" uspid="27" ordinal="6" offset="114" sl="71" sc="13" el="71" ec="80" bec="0" bev="0" fileid="1" />
                <SequencePoint vc="0" uspid="28" ordinal="7" offset="133" sl="72" sc="9" el="72" ec="10" bec="0" bev="0" fileid="1" />
              </SequencePoints>
              <BranchPoints />
              <MethodPoint xsi:type="SequencePoint" vc="1" uspid="21" ordinal="0" offset="0" sl="61" sc="9" el="61" ec="10" bec="0" bev="0" fileid="1" />
            </Method>
            <Method visited="true" cyclomaticComplexity="1" nPathComplexity="0" sequenceCoverage="33.33" branchCoverage="100" crapScore="1.30" isConstructor="false" isStatic="false" isGetter="false" isSetter="false">
              <Summary numSequencePoints="12" visitedSequencePoints="4" numBranchPoints="1" visitedBranchPoints="1" sequenceCoverage="33.33" branchCoverage="100" maxCyclomaticComplexity="1" minCyclomaticComplexity="1" maxCrapScore="1.30" minCrapScore="1.30" visitedClasses="0" numClasses="0" visitedMethods="1" numMethods="1" />
              <MetadataToken>100663300</MetadataToken>
              <Name>System.Void Power_Point.GuiTests.FormTests::DataGridViewLineTest()</Name>
              <FileRef uid="1" />
              <SequencePoints>
                <SequencePoint vc="1" uspid="29" ordinal="0" offset="0" sl="77" sc="9" el="77" ec="10" bec="0" bev="0" fileid="1" />
                <SequencePoint vc="1" uspid="30" ordinal="1" offset="1" sl="78" sc="13" el="78" ec="44" bec="0" bev="0" fileid="1" />
                <SequencePoint vc="1" uspid="31" ordinal="2" offset="18" sl="79" sc="13" el="79" ec="43" bec="0" bev="0" fileid="1" />
                <SequencePoint vc="1" uspid="32" ordinal="3" offset="35" sl="80" sc="13" el="80" ec="44" bec="0" bev="0" fileid="1" />
                <SequencePoint vc="0" uspid="33" ordinal="4" offset="52" sl="81" sc="13" el="81" ec="45" bec="0" bev="0" fileid="1" />
                <SequencePoint vc="0" uspid="34" ordinal="5" offset="69" sl="82" sc="13" el="82" ec="55" bec="0" bev="0" fileid="1" />
                <SequencePoint vc="0" uspid="35" ordinal="6" offset="91" sl="83" sc="13" el="83" ec="55" bec="0" bev="0" fileid="1" />
                <SequencePoint vc="0" uspid="36" ordinal="7" offset="113" sl="84" sc="13" el="84" ec="58" bec="0" bev="0" fileid="1" />
                <SequencePoint vc="0" uspid="37" ordinal="8" offset="135" sl="85" sc="13" el="85" ec="59" bec="0" bev="0" fileid="1" />
                <SequencePoint vc="0" uspid="38" ordinal="9" offset="157" sl="86" sc="13" el="86" ec="62" bec="0" bev="0" fileid="1" />
                <SequencePoint vc="0" uspid="39" ordinal="10" offset="174" sl="87" sc="13" el="87" ec="36" bec="0" bev="0" fileid="1" />
                <SequencePoint vc="0" uspid="40" ordinal="11" offset="191" sl="88" sc="9" el="88" ec="10" bec="0" bev="0" fileid="1" />
              </SequencePoints>
              <BranchPoints />
              <MethodPoint xsi:type="SequencePoint" vc="1" uspid="29" ordinal="0" offset="0" sl="77" sc="9" el="77" ec="10" bec="0" bev="0" fileid="1" />
            </Method>
            <Method visited="true" cyclomaticComplexity="1" nPathComplexity="0" sequenceCoverage="25" branchCoverage="100" crapScore="1.42" isConstructor="false" isStatic="false" isGetter="false" isSetter="false">
              <Summary numSequencePoints="12" visitedSequencePoints="3" numBranchPoints="1" visitedBranchPoints="1" sequenceCoverage="25" branchCoverage="100" maxCyclomaticComplexity="1" minCyclomaticComplexity="1" maxCrapScore="1.42" minCrapScore="1.42" visitedClasses="0" numClasses="0" visitedMethods="1" numMethods="1" />
              <MetadataToken>100663301</MetadataToken>
              <Name>System.Void Power_Point.GuiTests.FormTests::DataGridViewCircleTest()</Name>
              <FileRef uid="1" />
              <SequencePoints>
                <SequencePoint vc="1" uspid="41" ordinal="0" offset="0" sl="93" sc="9" el="93" ec="10" bec="0" bev="0" fileid="1" />
                <SequencePoint vc="1" uspid="42" ordinal="1" offset="1" sl="94" sc="13" el="94" ec="44" bec="0" bev="0" fileid="1" />
                <SequencePoint vc="1" uspid="43" ordinal="2" offset="18" sl="95" sc="13" el="95" ec="44" bec="0" bev="0" fileid="1" />
                <SequencePoint vc="0" uspid="44" ordinal="3" offset="35" sl="96" sc="13" el="96" ec="44" bec="0" bev="0" fileid="1" />
                <SequencePoint vc="0" uspid="45" ordinal="4" offset="52" sl="97" sc="13" el="97" ec="45" bec="0" bev="0" fileid="1" />
                <SequencePoint vc="0" uspid="46" ordinal="5" offset="69" sl="98" sc="13" el="98" ec="55" bec="0" bev="0" fileid="1" />
                <SequencePoint vc="0" uspid="47" ordinal="6" offset="91" sl="99" sc="13" el="99" ec="55" bec="0" bev="0" fileid="1" />
                <SequencePoint vc="0" uspid="48" ordinal="7" offset="113" sl="100" sc="13" el="100" ec="58" bec="0" bev="0" fileid="1" />
                <SequencePoint vc="0" uspid="49" ordinal="8" offset="135" sl="101" sc="13" el="101" ec="59" bec="0" bev="0" fileid="1" />
                <SequencePoint vc="0" uspid="50" ordinal="9" offset="157" sl="102" sc="13" el="102" ec="62" bec="0" bev="0" fileid="1" />
                <SequencePoint vc="0" uspid="51" ordinal="10" offset="174" sl="103" sc="13" el="103" ec="36" bec="0" bev="0" fileid="1" />
                <SequencePoint vc="0" uspid="52" ordinal="11" offset="191" sl="104" sc="9" el="104" ec="10" bec="0" bev="0" fileid="1" />
              </SequencePoints>
              <BranchPoints />
              <MethodPoint xsi:type="SequencePoint" vc="1" uspid="41" ordinal="0" offset="0" sl="93" sc="9" el="93" ec="10" bec="0" bev="0" fileid="1" />
            </Method>
            <Method visited="true" cyclomaticComplexity="1" nPathComplexity="0" sequenceCoverage="25" branchCoverage="100" crapScore="1.42" isConstructor="false" isStatic="false" isGetter="false" isSetter="false">
              <Summary numSequencePoints="12" visitedSequencePoints="3" numBranchPoints="1" visitedBranchPoints="1" sequenceCoverage="25" branchCoverage="100" maxCyclomaticComplexity="1" minCyclomaticComplexity="1" maxCrapScore="1.42" minCrapScore="1.42" visitedClasses="0" numClasses="0" visitedMethods="1" numMethods="1" />
              <MetadataToken>100663302</MetadataToken>
              <Name>System.Void Power_Point.GuiTests.FormTests::DataGridViewRectangleTest()</Name>
              <FileRef uid="1" />
              <SequencePoints>
                <SequencePoint vc="1" uspid="53" ordinal="0" offset="0" sl="109" sc="9" el="109" ec="10" bec="0" bev="0" fileid="1" />
                <SequencePoint vc="1" uspid="54" ordinal="1" offset="1" sl="110" sc="13" el="110" ec="44" bec="0" bev="0" fileid="1" />
                <SequencePoint vc="1" uspid="55" ordinal="2" offset="18" sl="111" sc="13" el="111" ec="44" bec="0" bev="0" fileid="1" />
                <SequencePoint vc="0" uspid="56" ordinal="3" offset="35" sl="112" sc="13" el="112" ec="44" bec="0" bev="0" fileid="1" />
                <SequencePoint vc="0" uspid="57" ordinal="4" offset="52" sl="113" sc="13" el="113" ec="45" bec="0" bev="0" fileid="1" />
                <SequencePoint vc="0" uspid="58" ordinal="5" offset="69" sl="114" sc="13" el="114" ec="55" bec="0" bev="0" fileid="1" />
                <SequencePoint vc="0" uspid="59" ordinal="6" offset="91" sl="115" sc="13" el="115" ec="55" bec="0" bev="0" fileid="1" />
                <SequencePoint vc="0" uspid="60" ordinal="7" offset="113" sl="116" sc="13" el="116" ec="58" bec="0" bev="0" fileid="1" />
                <SequencePoint vc="0" uspid="61" ordinal="8" offset="135" sl="117" sc="13" el="117" ec="59" bec="0" bev="0" fileid="1" />
                <SequencePoint vc="0" uspid="62" ordinal="9" offset="157" sl="118" sc="13" el="118" ec="62" bec="0" bev="0" fileid="1" />
                <SequencePoint vc="0" uspid="63" ordinal="10" offset="174" sl="119" sc="13" el="119" ec="36" bec="0" bev="0" fileid="1" />
                <SequencePoint vc="0" uspid="64" ordinal="11" offset="191" sl="120" sc="9" el="120" ec="10" bec="0" bev="0" fileid="1" />
              </SequencePoints>
              <BranchPoints />
              <MethodPoint xsi:type="SequencePoint" vc="1" uspid="53" ordinal="0" offset="0" sl="109" sc="9" el="109" ec="10" bec="0" bev="0" fileid="1" />
            </Method>
            <Method visited="true" cyclomaticComplexity="1" nPathComplexity="0" sequenceCoverage="50" branchCoverage="100" crapScore="1.12" isConstructor="false" isStatic="false" isGetter="false" isSetter="false">
              <Summary numSequencePoints="8" visitedSequencePoints="4" numBranchPoints="1" visitedBranchPoints="1" sequenceCoverage="50" branchCoverage="100" maxCyclomaticComplexity="1" minCyclomaticComplexity="1" maxCrapScore="1.12" minCrapScore="1.12" visitedClasses="0" numClasses="0" visitedMethods="1" numMethods="1" />
              <MetadataToken>100663303</MetadataToken>
              <Name>System.Void Power_Point.GuiTests.FormTests::MoveShapeTest()</Name>
              <FileRef uid="1" />
              <SequencePoints>
                <SequencePoint vc="1" uspid="65" ordinal="0" offset="0" sl="125" sc="9" el="125" ec="10" bec="0" bev="0" fileid="1" />
                <SequencePoint vc="1" uspid="66" ordinal="1" offset="1" sl="126" sc="13" el="126" ec="54" bec="0" bev="0" fileid="1" />
                <SequencePoint vc="1" uspid="67" ordinal="2" offset="18" sl="127" sc="13" el="127" ec="54" bec="0" bev="0" fileid="1" />
                <SequencePoint vc="1" uspid="68" ordinal="3" offset="49" sl="128" sc="13" el="128" ec="55" bec="0" bev="0" fileid="1" />
                <SequencePoint vc="0" uspid="69" ordinal="4" offset="83" sl="130" sc="13" el="130" ec="32" bec="0" bev="0" fileid="1" />
                <SequencePoint vc="0" uspid="70" ordinal="5" offset="94" sl="131" sc="13" el="131" ec="70" bec="0" bev="0" fileid="1" />
                <SequencePoint vc="0" uspid="71" ordinal="6" offset="125" sl="132" sc="13" el="132" ec="79" bec="0" bev="0" fileid="1" />
                <SequencePoint vc="0" uspid="72" ordinal="7" offset="144" sl="133" sc="9" el="133" ec="10" bec="0" bev="0" fileid="1" />
              </SequencePoints>
              <BranchPoints />
              <MethodPoint xsi:type="SequencePoint" vc="1" uspid="65" ordinal="0" offset="0" sl="125" sc="9" el="125" ec="10" bec="0" bev="0" fileid="1" />
            </Method>
            <Method visited="true" cyclomaticComplexity="1" nPathComplexity="0" sequenceCoverage="75" branchCoverage="100" crapScore="1.02" isConstructor="false" isStatic="false" isGetter="false" isSetter="false">
              <Summary numSequencePoints="4" visitedSequencePoints="3" numBranchPoints="1" visitedBranchPoints="1" sequenceCoverage="75" branchCoverage="100" maxCyclomaticComplexity="1" minCyclomaticComplexity="1" maxCrapScore="1.02" minCrapScore="1.02" visitedClasses="0" numClasses="0" visitedMethods="1" numMethods="1" />
              <MetadataToken>100663304</MetadataToken>
              <Name>System.Void Power_Point.GuiTests.FormTests::AdjustForm()</Name>
              <FileRef uid="1" />
              <SequencePoints>
                <SequencePoint vc="1" uspid="73" ordinal="0" offset="0" sl="138" sc="9" el="138" ec="10" bec="0" bev="0" fileid="1" />
                <SequencePoint vc="1" uspid="74" ordinal="1" offset="1" sl="139" sc="13" el="139" ec="56" bec="0" bev="0" fileid="1" />
                <SequencePoint vc="1" uspid="75" ordinal="2" offset="38" sl="140" sc="13" el="140" ec="51" bec="0" bev="0" fileid="1" />
                <SequencePoint vc="0" uspid="76" ordinal="3" offset="65" sl="141" sc="9" el="141" ec="10" bec="0" bev="0" fileid="1" />
              </SequencePoints>
              <BranchPoints />
              <MethodPoint xsi:type="SequencePoint" vc="1" uspid="73" ordinal="0" offset="0" sl="138" sc="9" el="138" ec="10" bec="0" bev="0" fileid="1" />
            </Method>
            <Method visited="true" cyclomaticComplexity="1" nPathComplexity="0" sequenceCoverage="80" branchCoverage="100" crapScore="1.01" isConstructor="false" isStatic="false" isGetter="false" isSetter="false">
              <Summary numSequencePoints="5" visitedSequencePoints="4" numBranchPoints="1" visitedBranchPoints="1" sequenceCoverage="80" branchCoverage="100" maxCyclomaticComplexity="1" minCyclomaticComplexity="1" maxCrapScore="1.01" minCrapScore="1.01" visitedClasses="0" numClasses="0" visitedMethods="1" numMethods="1" />
              <MetadataToken>100663305</MetadataToken>
              <Name>System.Void Power_Point.GuiTests.FormTests::AddPageAndDeletePageForm()</Name>
              <FileRef uid="1" />
              <SequencePoints>
                <SequencePoint vc="1" uspid="77" ordinal="0" offset="0" sl="146" sc="9" el="146" ec="10" bec="0" bev="0" fileid="1" />
                <SequencePoint vc="1" uspid="78" ordinal="1" offset="1" sl="147" sc="13" el="147" ec="55" bec="0" bev="0" fileid="1" />
                <SequencePoint vc="1" uspid="79" ordinal="2" offset="18" sl="148" sc="13" el="148" ec="32" bec="0" bev="0" fileid="1" />
                <SequencePoint vc="1" uspid="80" ordinal="3" offset="29" sl="150" sc="13" el="150" ec="74" bec="0" bev="0" fileid="1" />
                <SequencePoint vc="0" uspid="81" ordinal="4" offset="47" sl="151" sc="9" el="151" ec="10" bec="0" bev="0" fileid="1" />
              </SequencePoints>
              <BranchPoints />
              <MethodPoint xsi:type="SequencePoint" vc="1" uspid="77" ordinal="0" offset="0" sl="146" sc="9" el="146" ec="10" bec="0" bev="0" fileid="1" />
            </Method>
            <Method visited="true" cyclomaticComplexity="1" nPathComplexity="0" sequenceCoverage="66.67" branchCoverage="100" crapScore="1.04" isConstructor="false" isStatic="false" isGetter="false" isSetter="false">
              <Summary numSequencePoints="3" visitedSequencePoints="2" numBranchPoints="1" visitedBranchPoints="1" sequenceCoverage="66.67" branchCoverage="100" maxCyclomaticComplexity="1" minCyclomaticComplexity="1" maxCrapScore="1.04" minCrapScore="1.04" visitedClasses="0" numClasses="0" visitedMethods="1" numMethods="1" />
              <MetadataToken>100663306</MetadataToken>
              <Name>System.Void Power_Point.GuiTests.FormTests::FormTestCleanUp()</Name>
              <FileRef uid="1" />
              <SequencePoints>
                <SequencePoint vc="8" uspid="82" ordinal="0" offset="0" sl="156" sc="9" el="156" ec="10" bec="0" bev="0" fileid="1" />
                <SequencePoint vc="8" uspid="83" ordinal="1" offset="1" sl="157" sc="13" el="157" ec="30" bec="0" bev="0" fileid="1" />
                <SequencePoint vc="0" uspid="84" ordinal="2" offset="13" sl="158" sc="9" el="158" ec="10" bec="0" bev="0" fileid="1" />
              </SequencePoints>
              <BranchPoints />
              <MethodPoint xsi:type="SequencePoint" vc="8" uspid="82" ordinal="0" offset="0" sl="156" sc="9" el="156" ec="10" bec="0" bev="0" fileid="1" />
            </Method>
            <Method visited="false" cyclomaticComplexity="1" nPathComplexity="0" sequenceCoverage="0" branchCoverage="0" crapScore="2" isConstructor="true" isStatic="false" isGetter="false" isSetter="false">
              <Summary numSequencePoints="0" visitedSequencePoints="0" numBranchPoints="0" visitedBranchPoints="0" sequenceCoverage="0" branchCoverage="0" maxCyclomaticComplexity="1" minCyclomaticComplexity="1" maxCrapScore="2" minCrapScore="2" visitedClasses="0" numClasses="0" visitedMethods="0" numMethods="0" />
              <MetadataToken>100663307</MetadataToken>
              <Name>System.Void Power_Point.GuiTests.FormTests::.ctor()</Name>
              <SequencePoints />
              <BranchPoints />
              <MethodPoint vc="0" uspid="85" ordinal="0" offset="0" />
            </Method>
          </Methods>
        </Class>
        <Class>
          <Summary numSequencePoints="151" visitedSequencePoints="42" numBranchPoints="46" visitedBranchPoints="12" sequenceCoverage="27.81" branchCoverage="26.09" maxCyclomaticComplexity="7" minCyclomaticComplexity="1" maxCrapScore="56" minCrapScore="1" visitedClasses="1" numClasses="1" visitedMethods="11" numMethods="20" />
          <FullName>Power_Point.GuiTests.Robot</FullName>
          <Methods>
            <Method visited="true" cyclomaticComplexity="1" nPathComplexity="0" sequenceCoverage="100" branchCoverage="100" crapScore="1" isConstructor="true" isStatic="false" isGetter="false" isSetter="false">
              <Summary numSequencePoints="4" visitedSequencePoints="4" numBranchPoints="1" visitedBranchPoints="1" sequenceCoverage="100" branchCoverage="100" maxCyclomaticComplexity="1" minCyclomaticComplexity="1" maxCrapScore="1" minCrapScore="1" visitedClasses="0" numClasses="0" visitedMethods="1" numMethods="1" />
              <MetadataToken>100663308</MetadataToken>
              <Name>System.Void Power_Point.GuiTests.Robot::.ctor(System.String,System.String)</Name>
              <FileRef uid="2" />
              <SequencePoints>
                <SequencePoint vc="8" uspid="86" ordinal="0" offset="0" sl="27" sc="9" el="27" ec="56" bec="0" bev="0" fileid="2" />
                <SequencePoint vc="8" uspid="87" ordinal="1" offset="7" sl="28" sc="9" el="28" ec="10" bec="0" bev="0" fileid="2" />
                <SequencePoint vc="8" uspid="88" ordinal="2" offset="8" sl="29" sc="13" el="29" ec="50" bec="0" bev="0" fileid="2" />
                <SequencePoint vc="8" uspid="89" ordinal="3" offset="17" sl="30" sc="9" el="30" ec="10" bec="0" bev="0" fileid="2" />
              </SequencePoints>
              <BranchPoints />
              <MethodPoint xsi:type="SequencePoint" vc="8" uspid="86" ordinal="0" offset="0" sl="27" sc="9" el="27" ec="56" bec="0" bev="0" fileid="2" />
            </Method>
            <Method visited="true" cyclomaticComplexity="1" nPathComplexity="0" sequenceCoverage="100" branchCoverage="100" crapScore="1" isConstructor="false" isStatic="false" isGetter="false" isSetter="false">
              <Summary numSequencePoints="9" visitedSequencePoints="9" numBranchPoints="1" visitedBranchPoints="1" sequenceCoverage="100" branchCoverage="100" maxCyclomaticComplexity="1" minCyclomaticComplexity="1" maxCrapScore="1" minCrapScore="1" visitedClasses="0" numClasses="0" visitedMethods="1" numMethods="1" />
              <MetadataToken>100663309</MetadataToken>
              <Name>System.Void Power_Point.GuiTests.Robot::Initialize(System.String,System.String)</Name>
              <FileRef uid="2" />
              <SequencePoints>
                <SequencePoint vc="8" uspid="90" ordinal="0" offset="0" sl="34" sc="9" el="34" ec="10" bec="0" bev="0" fileid="2" />
                <SequencePoint vc="8" uspid="91" ordinal="1" offset="1" sl="35" sc="13" el="35" ec="26" bec="0" bev="0" fileid="2" />
                <SequencePoint vc="8" uspid="92" ordinal="2" offset="8" sl="36" sc="13" el="36" ec="47" bec="0" bev="0" fileid="2" />
                <SequencePoint vc="8" uspid="93" ordinal="3" offset="14" sl="37" sc="13" el="37" ec="67" bec="0" bev="0" fileid="2" />
                <SequencePoint vc="8" uspid="94" ordinal="4" offset="27" sl="38" sc="13" el="38" ec="72" bec="0" bev="0" fileid="2" />
                <SequencePoint vc="8" uspid="95" ordinal="5" offset="44" sl="40" sc="13" el="40" ec="95" bec="0" bev="0" fileid="2" />
                <SequencePoint vc="8" uspid="96" ordinal="6" offset="66" sl="41" sc="13" el="41" ec="80" bec="0" bev="0" fileid="2" />
                <SequencePoint vc="8" uspid="97" ordinal="7" offset="102" sl="42" sc="13" el="45" ec="15" bec="0" bev="0" fileid="2" />
                <SequencePoint vc="8" uspid="98" ordinal="8" offset="137" sl="46" sc="9" el="46" ec="10" bec="0" bev="0" fileid="2" />
              </SequencePoints>
              <BranchPoints />
              <MethodPoint xsi:type="SequencePoint" vc="8" uspid="90" ordinal="0" offset="0" sl="34" sc="9" el="34" ec="10" bec="0" bev="0" fileid="2" />
            </Method>
            <Method visited="true" cyclomaticComplexity="1" nPathComplexity="0" sequenceCoverage="40" branchCoverage="100" crapScore="1.22" isConstructor="false" isStatic="false" isGetter="false" isSetter="false">
              <Summary numSequencePoints="5" visitedSequencePoints="2" numBranchPoints="1" visitedBranchPoints="1" sequenceCoverage="40" branchCoverage="100" maxCyclomaticComplexity="1" minCyclomaticComplexity="1" maxCrapScore="1.22" minCrapScore="1.22" visitedClasses="0" numClasses="0" visitedMethods="1" numMethods="1" />
              <MetadataToken>100663310</MetadataToken>
              <Name>System.Void Power_Point.GuiTests.Robot::CleanUp()</Name>
              <FileRef uid="2" />
              <SequencePoints>
                <SequencePoint vc="8" uspid="99" ordinal="0" offset="0" sl="50" sc="9" el="50" ec="10" bec="0" bev="0" fileid="2" />
                <SequencePoint vc="8" uspid="100" ordinal="1" offset="1" sl="51" sc="13" el="51" ec="29" bec="0" bev="0" fileid="2" />
                <SequencePoint vc="0" uspid="101" ordinal="2" offset="14" sl="52" sc="13" el="52" ec="32" bec="0" bev="0" fileid="2" />
                <SequencePoint vc="0" uspid="102" ordinal="3" offset="26" sl="53" sc="13" el="53" ec="31" bec="0" bev="0" fileid="2" />
                <SequencePoint vc="0" uspid="103" ordinal="4" offset="38" sl="54" sc="9" el="54" ec="10" bec="0" bev="0" fileid="2" />
              </SequencePoints>
              <BranchPoints />
              <MethodPoint xsi:type="SequencePoint" vc="8" uspid="99" ordinal="0" offset="0" sl="50" sc="9" el="50" ec="10" bec="0" bev="0" fileid="2" />
            </Method>
            <Method visited="true" cyclomaticComplexity="4" nPathComplexity="2" sequenceCoverage="18.18" branchCoverage="66.67" crapScore="12.76" isConstructor="false" isStatic="false" isGetter="false" isSetter="false">
              <Summary numSequencePoints="22" visitedSequencePoints="4" numBranchPoints="3" visitedBranchPoints="2" sequenceCoverage="18.18" branchCoverage="66.67" maxCyclomaticComplexity="4" minCyclomaticComplexity="4" maxCrapScore="12.76" minCrapScore="12.76" visitedClasses="0" numClasses="0" visitedMethods="1" numMethods="1" />
              <MetadataToken>100663311</MetadataToken>
              <Name>System.Void Power_Point.GuiTests.Robot::SwitchTo(System.String)</Name>
              <FileRef uid="2" />
              <SequencePoints>
                <SequencePoint vc="8" uspid="104" ordinal="0" offset="0" sl="58" sc="9" el="58" ec="10" bec="0" bev="0" fileid="2" />
                <SequencePoint vc="8" uspid="105" ordinal="1" offset="1" sl="59" sc="13" el="59" ec="54" bec="2" bev="1" fileid="2" />
                <SequencePoint vc="8" uspid="106" ordinal="2" offset="17" sl="60" sc="13" el="60" ec="14" bec="0" bev="0" fileid="2" />
                <SequencePoint vc="8" uspid="107" ordinal="3" offset="18" sl="61" sc="17" el="61" ec="69" bec="0" bev="0" fileid="2" />
                <SequencePoint vc="0" uspid="108" ordinal="4" offset="47" sl="62" sc="13" el="62" ec="14" bec="0" bev="0" fileid="2" />
                <SequencePoint vc="0" uspid="109" ordinal="5" offset="50" sl="64" sc="13" el="64" ec="14" bec="0" bev="0" fileid="2" />
                <SequencePoint vc="0" uspid="110" ordinal="6" offset="51" sl="65" sc="17" el="65" ec="24" bec="0" bev="0" fileid="2" />
                <SequencePoint vc="0" uspid="111" ordinal="7" offset="52" sl="65" sc="46" el="65" ec="67" bec="0" bev="0" fileid="2" />
                <SequencePoint vc="0" uspid="112" ordinal="8" offset="71" sl="65" sc="26" el="65" ec="42" bec="0" bev="0" fileid="2" />
                <SequencePoint vc="0" uspid="113" ordinal="9" offset="78" sl="66" sc="17" el="66" ec="18" bec="0" bev="0" fileid="2" />
                <SequencePoint vc="0" uspid="114" ordinal="10" offset="79" sl="67" sc="21" el="67" ec="61" bec="0" bev="0" fileid="2" />
                <SequencePoint vc="0" uspid="115" ordinal="11" offset="97" sl="69" sc="21" el="69" ec="22" bec="0" bev="0" fileid="2" />
                <SequencePoint vc="0" uspid="116" ordinal="12" offset="98" sl="70" sc="25" el="70" ec="72" bec="0" bev="0" fileid="2" />
                <SequencePoint vc="0" uspid="117" ordinal="13" offset="111" sl="71" sc="25" el="71" ec="68" bec="0" bev="0" fileid="2" />
                <SequencePoint vc="0" uspid="118" ordinal="14" offset="125" sl="72" sc="25" el="72" ec="32" bec="0" bev="0" fileid="2" />
                <SequencePoint vc="0" uspid="119" ordinal="15" offset="127" sl="74" sc="21" el="74" ec="26" bec="0" bev="0" fileid="2" />
                <SequencePoint vc="0" uspid="120" ordinal="16" offset="128" sl="75" sc="21" el="75" ec="22" bec="0" bev="0" fileid="2" />
                <SequencePoint vc="0" uspid="121" ordinal="17" offset="129" sl="77" sc="21" el="77" ec="22" bec="0" bev="0" fileid="2" />
                <SequencePoint vc="0" uspid="122" ordinal="18" offset="132" sl="78" sc="17" el="78" ec="18" bec="0" bev="0" fileid="2" />
                <SequencePoint vc="0" uspid="123" ordinal="19" offset="133" sl="65" sc="43" el="65" ec="45" bec="0" bev="0" fileid="2" />
                <SequencePoint vc="0" uspid="124" ordinal="20" offset="154" sl="79" sc="13" el="79" ec="14" bec="0" bev="0" fileid="2" />
                <SequencePoint vc="0" uspid="125" ordinal="21" offset="155" sl="80" sc="9" el="80" ec="10" bec="0" bev="0" fileid="2" />
              </SequencePoints>
              <BranchPoints>
                <BranchPoint vc="8" uspid="126" ordinal="0" offset="15" sl="59" path="0" offsetend="17" fileid="2" />
                <BranchPoint vc="0" uspid="127" ordinal="1" offset="15" sl="59" path="1" offsetend="50" fileid="2" />
              </BranchPoints>
              <MethodPoint xsi:type="SequencePoint" vc="8" uspid="104" ordinal="0" offset="0" sl="58" sc="9" el="58" ec="10" bec="0" bev="0" fileid="2" />
            </Method>
            <Method visited="true" cyclomaticComplexity="1" nPathComplexity="0" sequenceCoverage="100" branchCoverage="100" crapScore="1" isConstructor="false" isStatic="false" isGetter="false" isSetter="false">
              <Summary numSequencePoints="3" visitedSequencePoints="3" numBranchPoints="1" visitedBranchPoints="1" sequenceCoverage="100" branchCoverage="100" maxCyclomaticComplexity="1" minCyclomaticComplexity="1" maxCrapScore="1" minCrapScore="1" visitedClasses="0" numClasses="0" visitedMethods="1" numMethods="1" />
              <MetadataToken>100663312</MetadataToken>
              <Name>System.Void Power_Point.GuiTests.Robot::Sleep(System.Double)</Name>
              <FileRef uid="2" />
              <SequencePoints>
                <SequencePoint vc="4" uspid="130" ordinal="0" offset="0" sl="84" sc="9" el="84" ec="10" bec="0" bev="0" fileid="2" />
                <SequencePoint vc="4" uspid="131" ordinal="1" offset="1" sl="85" sc="13" el="85" ec="54" bec="0" bev="0" fileid="2" />
                <SequencePoint vc="4" uspid="132" ordinal="2" offset="13" sl="86" sc="9" el="86" ec="10" bec="0" bev="0" fileid="2" />
              </SequencePoints>
              <BranchPoints />
              <MethodPoint xsi:type="SequencePoint" vc="4" uspid="130" ordinal="0" offset="0" sl="84" sc="9" el="84" ec="10" bec="0" bev="0" fileid="2" />
            </Method>
            <Method visited="true" cyclomaticComplexity="1" nPathComplexity="0" sequenceCoverage="100" branchCoverage="100" crapScore="1" isConstructor="false" isStatic="false" isGetter="false" isSetter="false">
              <Summary numSequencePoints="4" visitedSequencePoints="4" numBranchPoints="1" visitedBranchPoints="1" sequenceCoverage="100" branchCoverage="100" maxCyclomaticComplexity="1" minCyclomaticComplexity="1" maxCrapScore="1" minCrapScore="1" visitedClasses="0" numClasses="0" visitedMethods="1" numMethods="1" />
              <MetadataToken>100663313</MetadataToken>
              <Name>System.Void Power_Point.GuiTests.Robot::ClickButtonByName(System.String)</Name>
              <FileRef uid="2" />
              <SequencePoints>
                <SequencePoint vc="12" uspid="133" ordinal="0" offset="0" sl="90" sc="9" el="90" ec="10" bec="0" bev="0" fileid="2" />
                <SequencePoint vc="12" uspid="134" ordinal="1" offset="1" sl="91" sc="13" el="91" ec="53" bec="0" bev="0" fileid="2" />
                <SequencePoint vc="8" uspid="135" ordinal="2" offset="19" sl="92" sc="13" el="92" ec="32" bec="0" bev="0" fileid="2" />
                <SequencePoint vc="8" uspid="136" ordinal="3" offset="30" sl="93" sc="9" el="93" ec="10" bec="0" bev="0" fileid="2" />
              </SequencePoints>
              <BranchPoints />
              <MethodPoint xsi:type="SequencePoint" vc="12" uspid="133" ordinal="0" offset="0" sl="90" sc="9" el="90" ec="10" bec="0" bev="0" fileid="2" />
            </Method>
            <Method visited="false" cyclomaticComplexity="1" nPathComplexity="0" sequenceCoverage="0" branchCoverage="0" crapScore="2" isConstructor="false" isStatic="false" isGetter="false" isSetter="false">
              <Summary numSequencePoints="4" visitedSequencePoints="0" numBranchPoints="1" visitedBranchPoints="0" sequenceCoverage="0" branchCoverage="0" maxCyclomaticComplexity="1" minCyclomaticComplexity="1" maxCrapScore="2" minCrapScore="2" visitedClasses="0" numClasses="0" visitedMethods="0" numMethods="1" />
              <MetadataToken>100663314</MetadataToken>
              <Name>System.Void Power_Point.GuiTests.Robot::ClickButtonByAccessibilityId(System.String)</Name>
              <FileRef uid="2" />
              <SequencePoints>
                <SequencePoint vc="0" uspid="137" ordinal="0" offset="0" sl="97" sc="9" el="97" ec="10" bec="0" bev="0" fileid="2" />
                <SequencePoint vc="0" uspid="138" ordinal="1" offset="1" sl="98" sc="13" el="98" ec="64" bec="0" bev="0" fileid="2" />
                <SequencePoint vc="0" uspid="139" ordinal="2" offset="19" sl="99" sc="13" el="99" ec="32" bec="0" bev="0" fileid="2" />
                <SequencePoint vc="0" uspid="140" ordinal="3" offset="30" sl="100" sc="9" el="100" ec="10" bec="0" bev="0" fileid="2" />
              </SequencePoints>
              <BranchPoints />
              <MethodPoint xsi:type="SequencePoint" vc="0" uspid="137" ordinal="0" offset="0" sl="97" sc="9" el="97" ec="10" bec="0" bev="0" fileid="2" />
            </Method>
            <Method visited="false" cyclomaticComplexity="4" nPathComplexity="2" sequenceCoverage="0" branchCoverage="0" crapScore="20" isConstructor="false" isStatic="false" isGetter="false" isSetter="false">
              <Summary numSequencePoints="11" visitedSequencePoints="0" numBranchPoints="3" visitedBranchPoints="0" sequenceCoverage="0" branchCoverage="0" maxCyclomaticComplexity="4" minCyclomaticComplexity="4" maxCrapScore="20" minCrapScore="20" visitedClasses="0" numClasses="0" visitedMethods="0" numMethods="1" />
              <MetadataToken>100663315</MetadataToken>
              <Name>System.Void Power_Point.GuiTests.Robot::ClickTabControl(System.String)</Name>
              <FileRef uid="2" />
              <SequencePoints>
                <SequencePoint vc="0" uspid="141" ordinal="0" offset="0" sl="104" sc="9" el="104" ec="10" bec="0" bev="0" fileid="2" />
                <SequencePoint vc="0" uspid="142" ordinal="1" offset="1" sl="105" sc="13" el="105" ec="61" bec="0" bev="0" fileid="2" />
                <SequencePoint vc="0" uspid="143" ordinal="2" offset="14" sl="106" sc="13" el="106" ec="20" bec="0" bev="0" fileid="2" />
                <SequencePoint vc="0" uspid="144" ordinal="3" offset="15" sl="106" sc="37" el="106" ec="45" bec="0" bev="0" fileid="2" />
                <SequencePoint vc="0" uspid="145" ordinal="4" offset="24" sl="106" sc="22" el="106" ec="33" bec="0" bev="0" fileid="2" />
                <SequencePoint vc="0" uspid="146" ordinal="5" offset="31" sl="107" sc="13" el="107" ec="14" bec="0" bev="0" fileid="2" />
                <SequencePoint vc="0" uspid="147" ordinal="6" offset="32" sl="108" sc="17" el="108" ec="62" bec="2" bev="0" fileid="2" />
                <SequencePoint vc="0" uspid="148" ordinal="7" offset="52" sl="109" sc="21" el="109" ec="37" bec="0" bev="0" fileid="2" />
                <SequencePoint vc="0" uspid="149" ordinal="8" offset="59" sl="110" sc="13" el="110" ec="14" bec="0" bev="0" fileid="2" />
                <SequencePoint vc="0" uspid="150" ordinal="9" offset="60" sl="106" sc="34" el="106" ec="36" bec="0" bev="0" fileid="2" />
                <SequencePoint vc="0" uspid="151" ordinal="10" offset="81" sl="111" sc="9" el="111" ec="10" bec="0" bev="0" fileid="2" />
              </SequencePoints>
              <BranchPoints>
                <BranchPoint vc="0" uspid="152" ordinal="0" offset="50" sl="108" path="0" offsetend="52" fileid="2" />
                <BranchPoint vc="0" uspid="153" ordinal="1" offset="50" sl="108" path="1" offsetend="59" fileid="2" />
              </BranchPoints>
              <MethodPoint xsi:type="SequencePoint" vc="0" uspid="141" ordinal="0" offset="0" sl="104" sc="9" el="104" ec="10" bec="0" bev="0" fileid="2" />
            </Method>
            <Method visited="false" cyclomaticComplexity="1" nPathComplexity="0" sequenceCoverage="0" branchCoverage="0" crapScore="2" isConstructor="false" isStatic="false" isGetter="false" isSetter="false">
              <Summary numSequencePoints="3" visitedSequencePoints="0" numBranchPoints="1" visitedBranchPoints="0" sequenceCoverage="0" branchCoverage="0" maxCyclomaticComplexity="1" minCyclomaticComplexity="1" maxCrapScore="2" minCrapScore="2" visitedClasses="0" numClasses="0" visitedMethods="0" numMethods="1" />
              <MetadataToken>100663316</MetadataToken>
              <Name>System.Void Power_Point.GuiTests.Robot::CloseWindow()</Name>
              <FileRef uid="2" />
              <SequencePoints>
                <SequencePoint vc="0" uspid="156" ordinal="0" offset="0" sl="115" sc="9" el="115" ec="10" bec="0" bev="0" fileid="2" />
                <SequencePoint vc="0" uspid="157" ordinal="1" offset="1" sl="116" sc="13" el="116" ec="40" bec="0" bev="0" fileid="2" />
                <SequencePoint vc="0" uspid="158" ordinal="2" offset="12" sl="117" sc="9" el="117" ec="10" bec="0" bev="0" fileid="2" />
              </SequencePoints>
              <BranchPoints />
              <MethodPoint xsi:type="SequencePoint" vc="0" uspid="156" ordinal="0" offset="0" sl="115" sc="9" el="115" ec="10" bec="0" bev="0" fileid="2" />
            </Method>
            <Method visited="false" cyclomaticComplexity="1" nPathComplexity="0" sequenceCoverage="0" branchCoverage="0" crapScore="2" isConstructor="false" isStatic="false" isGetter="false" isSetter="false">
              <Summary numSequencePoints="3" visitedSequencePoints="0" numBranchPoints="1" visitedBranchPoints="0" sequenceCoverage="0" branchCoverage="0" maxCyclomaticComplexity="1" minCyclomaticComplexity="1" maxCrapScore="2" minCrapScore="2" visitedClasses="0" numClasses="0" visitedMethods="0" numMethods="1" />
              <MetadataToken>100663317</MetadataToken>
              <Name>System.Void Power_Point.GuiTests.Robot::CloseMessageBox()</Name>
              <FileRef uid="2" />
              <SequencePoints>
                <SequencePoint vc="0" uspid="159" ordinal="0" offset="0" sl="121" sc="9" el="121" ec="10" bec="0" bev="0" fileid="2" />
                <SequencePoint vc="0" uspid="160" ordinal="1" offset="1" sl="122" sc="13" el="122" ec="53" bec="0" bev="0" fileid="2" />
                <SequencePoint vc="0" uspid="161" ordinal="2" offset="23" sl="123" sc="9" el="123" ec="10" bec="0" bev="0" fileid="2" />
              </SequencePoints>
              <BranchPoints />
              <MethodPoint xsi:type="SequencePoint" vc="0" uspid="159" ordinal="0" offset="0" sl="121" sc="9" el="121" ec="10" bec="0" bev="0" fileid="2" />
            </Method>
            <Method visited="false" cyclomaticComplexity="1" nPathComplexity="0" sequenceCoverage="0" branchCoverage="0" crapScore="2" isConstructor="false" isStatic="false" isGetter="false" isSetter="false">
              <Summary numSequencePoints="4" visitedSequencePoints="0" numBranchPoints="1" visitedBranchPoints="0" sequenceCoverage="0" branchCoverage="0" maxCyclomaticComplexity="1" minCyclomaticComplexity="1" maxCrapScore="2" minCrapScore="2" visitedClasses="0" numClasses="0" visitedMethods="0" numMethods="1" />
              <MetadataToken>100663318</MetadataToken>
              <Name>System.Void Power_Point.GuiTests.Robot::ClickDataGridViewCellBy(System.String,System.Int32,System.String)</Name>
              <FileRef uid="2" />
              <SequencePoints>
                <SequencePoint vc="0" uspid="162" ordinal="0" offset="0" sl="127" sc="9" el="127" ec="10" bec="0" bev="0" fileid="2" />
                <SequencePoint vc="0" uspid="163" ordinal="1" offset="1" sl="128" sc="13" el="128" ec="75" bec="0" bev="0" fileid="2" />
                <SequencePoint vc="0" uspid="164" ordinal="2" offset="14" sl="129" sc="13" el="129" ec="79" bec="0" bev="0" fileid="2" />
                <SequencePoint vc="0" uspid="165" ordinal="3" offset="48" sl="130" sc="9" el="130" ec="10" bec="0" bev="0" fileid="2" />
              </SequencePoints>
              <BranchPoints />
              <MethodPoint xsi:type="SequencePoint" vc="0" uspid="162" ordinal="0" offset="0" sl="127" sc="9" el="127" ec="10" bec="0" bev="0" fileid="2" />
            </Method>
            <Method visited="true" cyclomaticComplexity="1" nPathComplexity="0" sequenceCoverage="100" branchCoverage="100" crapScore="1" isConstructor="false" isStatic="false" isGetter="false" isSetter="false">
              <Summary numSequencePoints="4" visitedSequencePoints="4" numBranchPoints="1" visitedBranchPoints="1" sequenceCoverage="100" branchCoverage="100" maxCyclomaticComplexity="1" minCyclomaticComplexity="1" maxCrapScore="1" minCrapScore="1" visitedClasses="0" numClasses="0" visitedMethods="1" numMethods="1" />
              <MetadataToken>100663319</MetadataToken>
              <Name>System.Void Power_Point.GuiTests.Robot::AssertEnable(System.String,System.Boolean)</Name>
              <FileRef uid="2" />
              <SequencePoints>
                <SequencePoint vc="1" uspid="166" ordinal="0" offset="0" sl="134" sc="9" el="134" ec="10" bec="0" bev="0" fileid="2" />
                <SequencePoint vc="1" uspid="167" ordinal="1" offset="1" sl="135" sc="13" el="135" ec="70" bec="0" bev="0" fileid="2" />
                <SequencePoint vc="1" uspid="168" ordinal="2" offset="14" sl="136" sc="13" el="136" ec="53" bec="0" bev="0" fileid="2" />
                <SequencePoint vc="1" uspid="169" ordinal="3" offset="27" sl="137" sc="9" el="137" ec="10" bec="0" bev="0" fileid="2" />
              </SequencePoints>
              <BranchPoints />
              <MethodPoint xsi:type="SequencePoint" vc="1" uspid="166" ordinal="0" offset="0" sl="134" sc="9" el="134" ec="10" bec="0" bev="0" fileid="2" />
            </Method>
            <Method visited="false" cyclomaticComplexity="1" nPathComplexity="0" sequenceCoverage="0" branchCoverage="0" crapScore="2" isConstructor="false" isStatic="false" isGetter="false" isSetter="false">
              <Summary numSequencePoints="4" visitedSequencePoints="0" numBranchPoints="1" visitedBranchPoints="0" sequenceCoverage="0" branchCoverage="0" maxCyclomaticComplexity="1" minCyclomaticComplexity="1" maxCrapScore="2" minCrapScore="2" visitedClasses="0" numClasses="0" visitedMethods="0" numMethods="1" />
              <MetadataToken>100663320</MetadataToken>
              <Name>System.Void Power_Point.GuiTests.Robot::AssertText(System.String,System.String)</Name>
              <FileRef uid="2" />
              <SequencePoints>
                <SequencePoint vc="0" uspid="170" ordinal="0" offset="0" sl="141" sc="9" el="141" ec="10" bec="0" bev="0" fileid="2" />
                <SequencePoint vc="0" uspid="171" ordinal="1" offset="1" sl="142" sc="13" el="142" ec="81" bec="0" bev="0" fileid="2" />
                <SequencePoint vc="0" uspid="172" ordinal="2" offset="14" sl="143" sc="13" el="143" ec="49" bec="0" bev="0" fileid="2" />
                <SequencePoint vc="0" uspid="173" ordinal="3" offset="27" sl="144" sc="9" el="144" ec="10" bec="0" bev="0" fileid="2" />
              </SequencePoints>
              <BranchPoints />
              <MethodPoint xsi:type="SequencePoint" vc="0" uspid="170" ordinal="0" offset="0" sl="141" sc="9" el="141" ec="10" bec="0" bev="0" fileid="2" />
            </Method>
            <Method visited="true" cyclomaticComplexity="2" nPathComplexity="2" sequenceCoverage="20" branchCoverage="33.33" crapScore="4.05" isConstructor="false" isStatic="false" isGetter="false" isSetter="false">
              <Summary numSequencePoints="10" visitedSequencePoints="2" numBranchPoints="3" visitedBranchPoints="1" sequenceCoverage="20" branchCoverage="33.33" maxCyclomaticComplexity="2" minCyclomaticComplexity="2" maxCrapScore="4.05" minCrapScore="4.05" visitedClasses="0" numClasses="0" visitedMethods="1" numMethods="1" />
              <MetadataToken>100663321</MetadataToken>
              <Name>System.Void Power_Point.GuiTests.Robot::AssertDataGridViewRowDataBy(System.String,System.Int32,System.String[])</Name>
              <FileRef uid="2" />
              <SequencePoints>
                <SequencePoint vc="1" uspid="174" ordinal="0" offset="0" sl="148" sc="9" el="148" ec="10" bec="0" bev="0" fileid="2" />
                <SequencePoint vc="1" uspid="175" ordinal="1" offset="1" sl="149" sc="13" el="149" ec="75" bec="0" bev="0" fileid="2" />
                <SequencePoint vc="0" uspid="176" ordinal="2" offset="14" sl="150" sc="13" el="150" ec="105" bec="0" bev="0" fileid="2" />
                <SequencePoint vc="0" uspid="177" ordinal="3" offset="47" sl="153" sc="18" el="153" ec="27" bec="0" bev="0" fileid="2" />
                <SequencePoint vc="0" uspid="178" ordinal="4" offset="51" sl="154" sc="13" el="154" ec="14" bec="0" bev="0" fileid="2" />
                <SequencePoint vc="0" uspid="179" ordinal="5" offset="52" sl="155" sc="17" el="155" ec="93" bec="0" bev="0" fileid="2" />
                <SequencePoint vc="0" uspid="180" ordinal="6" offset="96" sl="156" sc="13" el="156" ec="14" bec="0" bev="0" fileid="2" />
                <SequencePoint vc="0" uspid="181" ordinal="7" offset="97" sl="153" sc="49" el="153" ec="52" bec="0" bev="0" fileid="2" />
                <SequencePoint vc="0" uspid="182" ordinal="8" offset="101" sl="153" sc="29" el="153" ec="47" bec="2" bev="0" fileid="2" />
                <SequencePoint vc="0" uspid="183" ordinal="9" offset="114" sl="157" sc="9" el="157" ec="10" bec="0" bev="0" fileid="2" />
              </SequencePoints>
              <BranchPoints>
                <BranchPoint vc="0" uspid="184" ordinal="0" offset="112" sl="153" path="0" offsetend="114" fileid="2" />
                <BranchPoint vc="0" uspid="185" ordinal="1" offset="112" sl="153" path="1" offsetend="51" fileid="2" />
              </BranchPoints>
              <MethodPoint xsi:type="SequencePoint" vc="1" uspid="174" ordinal="0" offset="0" sl="148" sc="9" el="148" ec="10" bec="0" bev="0" fileid="2" />
            </Method>
            <Method visited="false" cyclomaticComplexity="1" nPathComplexity="0" sequenceCoverage="0" branchCoverage="0" crapScore="2" isConstructor="false" isStatic="false" isGetter="false" isSetter="false">
              <Summary numSequencePoints="9" visitedSequencePoints="0" numBranchPoints="1" visitedBranchPoints="0" sequenceCoverage="0" branchCoverage="0" maxCyclomaticComplexity="1" minCyclomaticComplexity="1" maxCrapScore="2" minCrapScore="2" visitedClasses="0" numClasses="0" visitedMethods="0" numMethods="1" />
              <MetadataToken>100663322</MetadataToken>
              <Name>System.Void Power_Point.GuiTests.Robot::InputText(System.String,System.String)</Name>
              <FileRef uid="2" />
              <SequencePoints>
                <SequencePoint vc="0" uspid="186" ordinal="0" offset="0" sl="161" sc="9" el="161" ec="10" bec="0" bev="0" fileid="2" />
                <SequencePoint vc="0" uspid="187" ordinal="1" offset="1" sl="162" sc="13" el="162" ec="81" bec="0" bev="0" fileid="2" />
                <SequencePoint vc="0" uspid="188" ordinal="2" offset="14" sl="163" sc="13" el="163" ec="37" bec="0" bev="0" fileid="2" />
                <SequencePoint vc="0" uspid="189" ordinal="3" offset="21" sl="164" sc="13" el="164" ec="29" bec="0" bev="0" fileid="2" />
                <SequencePoint vc="0" uspid="190" ordinal="4" offset="28" sl="165" sc="13" el="165" ec="31" bec="0" bev="0" fileid="2" />
                <SequencePoint vc="0" uspid="191" ordinal="5" offset="36" sl="166" sc="13" el="166" ec="96" bec="0" bev="0" fileid="2" />
                <SequencePoint vc="0" uspid="192" ordinal="6" offset="63" sl="167" sc="13" el="167" ec="31" bec="0" bev="0" fileid="2" />
                <SequencePoint vc="0" uspid="193" ordinal="7" offset="71" sl="168" sc="13" el="168" ec="66" bec="0" bev="0" fileid="2" />
                <SequencePoint vc="0" uspid="194" ordinal="8" offset="93" sl="169" sc="9" el="169" ec="10" bec="0" bev="0" fileid="2" />
              </SequencePoints>
              <BranchPoints />
              <MethodPoint xsi:type="SequencePoint" vc="0" uspid="186" ordinal="0" offset="0" sl="161" sc="9" el="161" ec="10" bec="0" bev="0" fileid="2" />
            </Method>
            <Method visited="true" cyclomaticComplexity="5" nPathComplexity="16" sequenceCoverage="11.76" branchCoverage="11.11" crapScore="22.18" isConstructor="false" isStatic="false" isGetter="false" isSetter="false">
              <Summary numSequencePoints="17" visitedSequencePoints="2" numBranchPoints="9" visitedBranchPoints="1" sequenceCoverage="11.76" branchCoverage="11.11" maxCyclomaticComplexity="5" minCyclomaticComplexity="5" maxCrapScore="22.18" minCrapScore="22.18" visitedClasses="0" numClasses="0" visitedMethods="1" numMethods="1" />
              <MetadataToken>100663323</MetadataToken>
              <Name>System.Void Power_Point.GuiTests.Robot::AssertDataGridViewRowCountBy(System.String,System.Int32)</Name>
              <FileRef uid="2" />
              <SequencePoints>
                <SequencePoint vc="1" uspid="195" ordinal="0" offset="0" sl="173" sc="9" el="173" ec="10" bec="0" bev="0" fileid="2" />
                <SequencePoint vc="1" uspid="196" ordinal="1" offset="1" sl="174" sc="13" el="174" ec="75" bec="0" bev="0" fileid="2" />
                <SequencePoint vc="0" uspid="197" ordinal="2" offset="14" sl="175" sc="13" el="175" ec="87" bec="0" bev="0" fileid="2" />
                <SequencePoint vc="0" uspid="198" ordinal="3" offset="51" sl="176" sc="13" el="176" ec="76" bec="0" bev="0" fileid="2" />
                <SequencePoint vc="0" uspid="199" ordinal="4" offset="60" sl="179" sc="13" el="179" ec="14" bec="0" bev="0" fileid="2" />
                <SequencePoint vc="0" uspid="200" ordinal="5" offset="61" sl="180" sc="17" el="180" ec="71" bec="0" bev="0" fileid="2" />
                <SequencePoint vc="0" uspid="201" ordinal="6" offset="73" sl="181" sc="13" el="181" ec="14" bec="0" bev="0" fileid="2" />
                <SequencePoint vc="0" uspid="202" ordinal="7" offset="74" sl="178" sc="13" el="178" ec="106" bec="4" bev="0" fileid="2" />
                <SequencePoint vc="0" uspid="203" ordinal="8" offset="120" sl="183" sc="13" el="183" ec="33" bec="2" bev="0" fileid="2" />
                <SequencePoint vc="0" uspid="204" ordinal="9" offset="133" sl="184" sc="13" el="184" ec="14" bec="0" bev="0" fileid="2" />
                <SequencePoint vc="0" uspid="205" ordinal="10" offset="134" sl="185" sc="17" el="185" ec="105" bec="0" bev="0" fileid="2" />
                <SequencePoint vc="0" uspid="206" ordinal="11" offset="152" sl="187" sc="17" el="187" ec="41" bec="2" bev="0" fileid="2" />
                <SequencePoint vc="0" uspid="207" ordinal="12" offset="163" sl="188" sc="17" el="188" ec="18" bec="0" bev="0" fileid="2" />
                <SequencePoint vc="0" uspid="208" ordinal="13" offset="164" sl="189" sc="21" el="189" ec="77" bec="0" bev="0" fileid="2" />
                <SequencePoint vc="0" uspid="209" ordinal="14" offset="187" sl="190" sc="17" el="190" ec="18" bec="0" bev="0" fileid="2" />
                <SequencePoint vc="0" uspid="210" ordinal="15" offset="188" sl="191" sc="13" el="191" ec="14" bec="0" bev="0" fileid="2" />
                <SequencePoint vc="0" uspid="211" ordinal="16" offset="189" sl="192" sc="9" el="192" ec="10" bec="0" bev="0" fileid="2" />
              </SequencePoints>
              <BranchPoints>
                <BranchPoint vc="0" uspid="212" ordinal="0" offset="81" sl="178" path="0" offsetend="83" fileid="2" />
                <BranchPoint vc="0" uspid="213" ordinal="1" offset="81" sl="178" path="1" offsetend="113" fileid="2" />
                <BranchPoint vc="0" uspid="214" ordinal="2" offset="118" sl="178" path="0" offsetend="120" fileid="2" />
                <BranchPoint vc="0" uspid="215" ordinal="3" offset="118" sl="178" path="1" offsetend="60" fileid="2" />
                <BranchPoint vc="0" uspid="216" ordinal="4" offset="131" sl="183" path="0" offsetend="133" fileid="2" />
                <BranchPoint vc="0" uspid="217" ordinal="5" offset="131" sl="183" path="1" offsetend="189" fileid="2" />
                <BranchPoint vc="0" uspid="218" ordinal="6" offset="161" sl="187" path="0" offsetend="163" fileid="2" />
                <BranchPoint vc="0" uspid="219" ordinal="7" offset="161" sl="187" path="1" offsetend="188" fileid="2" />
              </BranchPoints>
              <MethodPoint xsi:type="SequencePoint" vc="1" uspid="195" ordinal="0" offset="0" sl="173" sc="9" el="173" ec="10" bec="0" bev="0" fileid="2" />
            </Method>
            <Method visited="true" cyclomaticComplexity="1" nPathComplexity="0" sequenceCoverage="100" branchCoverage="100" crapScore="1" isConstructor="false" isStatic="false" isGetter="false" isSetter="false">
              <Summary numSequencePoints="6" visitedSequencePoints="6" numBranchPoints="1" visitedBranchPoints="1" sequenceCoverage="100" branchCoverage="100" maxCyclomaticComplexity="1" minCyclomaticComplexity="1" maxCrapScore="1" minCrapScore="1" visitedClasses="0" numClasses="0" visitedMethods="1" numMethods="1" />
              <MetadataToken>100663324</MetadataToken>
              <Name>System.Void Power_Point.GuiTests.Robot::Move(System.String,System.Int32,System.Int32,System.Int32,System.Int32)</Name>
              <FileRef uid="2" />
              <SequencePoints>
                <SequencePoint vc="5" uspid="220" ordinal="0" offset="0" sl="196" sc="9" el="196" ec="10" bec="0" bev="0" fileid="2" />
                <SequencePoint vc="5" uspid="221" ordinal="1" offset="1" sl="197" sc="13" el="197" ec="81" bec="0" bev="0" fileid="2" />
                <SequencePoint vc="4" uspid="222" ordinal="2" offset="14" sl="198" sc="13" el="198" ec="51" bec="0" bev="0" fileid="2" />
                <SequencePoint vc="4" uspid="223" ordinal="3" offset="26" sl="200" sc="13" el="200" ec="147" bec="0" bev="0" fileid="2" />
                <SequencePoint vc="4" uspid="224" ordinal="4" offset="64" sl="201" sc="13" el="201" ec="22" bec="0" bev="0" fileid="2" />
                <SequencePoint vc="4" uspid="225" ordinal="5" offset="80" sl="202" sc="9" el="202" ec="10" bec="0" bev="0" fileid="2" />
              </SequencePoints>
              <BranchPoints />
              <MethodPoint xsi:type="SequencePoint" vc="5" uspid="220" ordinal="0" offset="0" sl="196" sc="9" el="196" ec="10" bec="0" bev="0" fileid="2" />
            </Method>
            <Method visited="false" cyclomaticComplexity="1" nPathComplexity="0" sequenceCoverage="0" branchCoverage="0" crapScore="2" isConstructor="false" isStatic="false" isGetter="false" isSetter="false">
              <Summary numSequencePoints="6" visitedSequencePoints="0" numBranchPoints="1" visitedBranchPoints="0" sequenceCoverage="0" branchCoverage="0" maxCyclomaticComplexity="1" minCyclomaticComplexity="1" maxCrapScore="2" minCrapScore="2" visitedClasses="0" numClasses="0" visitedMethods="0" numMethods="1" />
              <MetadataToken>100663325</MetadataToken>
              <Name>System.Void Power_Point.GuiTests.Robot::ClickPosition(System.String,System.Int32,System.Int32)</Name>
              <FileRef uid="2" />
              <SequencePoints>
                <SequencePoint vc="0" uspid="226" ordinal="0" offset="0" sl="206" sc="9" el="206" ec="10" bec="0" bev="0" fileid="2" />
                <SequencePoint vc="0" uspid="227" ordinal="1" offset="1" sl="207" sc="13" el="207" ec="81" bec="0" bev="0" fileid="2" />
                <SequencePoint vc="0" uspid="228" ordinal="2" offset="14" sl="208" sc="13" el="208" ec="51" bec="0" bev="0" fileid="2" />
                <SequencePoint vc="0" uspid="229" ordinal="3" offset="26" sl="210" sc="13" el="210" ec="86" bec="0" bev="0" fileid="2" />
                <SequencePoint vc="0" uspid="230" ordinal="4" offset="46" sl="211" sc="13" el="211" ec="22" bec="0" bev="0" fileid="2" />
                <SequencePoint vc="0" uspid="231" ordinal="5" offset="62" sl="212" sc="9" el="212" ec="10" bec="0" bev="0" fileid="2" />
              </SequencePoints>
              <BranchPoints />
              <MethodPoint xsi:type="SequencePoint" vc="0" uspid="226" ordinal="0" offset="0" sl="206" sc="9" el="206" ec="10" bec="0" bev="0" fileid="2" />
            </Method>
            <Method visited="true" cyclomaticComplexity="1" nPathComplexity="0" sequenceCoverage="40" branchCoverage="100" crapScore="1.22" isConstructor="false" isStatic="false" isGetter="false" isSetter="false">
              <Summary numSequencePoints="5" visitedSequencePoints="2" numBranchPoints="1" visitedBranchPoints="1" sequenceCoverage="40" branchCoverage="100" maxCyclomaticComplexity="1" minCyclomaticComplexity="1" maxCrapScore="1.22" minCrapScore="1.22" visitedClasses="0" numClasses="0" visitedMethods="1" numMethods="1" />
              <MetadataToken>100663326</MetadataToken>
              <Name>System.Void Power_Point.GuiTests.Robot::AssertSize(System.String,System.Int32,System.Int32)</Name>
              <FileRef uid="2" />
              <SequencePoints>
                <SequencePoint vc="1" uspid="232" ordinal="0" offset="0" sl="216" sc="9" el="216" ec="10" bec="0" bev="0" fileid="2" />
                <SequencePoint vc="1" uspid="233" ordinal="1" offset="1" sl="217" sc="13" el="217" ec="81" bec="0" bev="0" fileid="2" />
                <SequencePoint vc="0" uspid="234" ordinal="2" offset="14" sl="219" sc="13" el="219" ec="56" bec="0" bev="0" fileid="2" />
                <SequencePoint vc="0" uspid="235" ordinal="3" offset="35" sl="220" sc="13" el="220" ec="58" bec="0" bev="0" fileid="2" />
                <SequencePoint vc="0" uspid="236" ordinal="4" offset="56" sl="221" sc="9" el="221" ec="10" bec="0" bev="0" fileid="2" />
              </SequencePoints>
              <BranchPoints />
              <MethodPoint xsi:type="SequencePoint" vc="1" uspid="232" ordinal="0" offset="0" sl="216" sc="9" el="216" ec="10" bec="0" bev="0" fileid="2" />
            </Method>
            <Method visited="false" cyclomaticComplexity="7" nPathComplexity="64" sequenceCoverage="0" branchCoverage="0" crapScore="56" isConstructor="false" isStatic="false" isGetter="false" isSetter="false">
              <Summary numSequencePoints="18" visitedSequencePoints="0" numBranchPoints="13" visitedBranchPoints="0" sequenceCoverage="0" branchCoverage="0" maxCyclomaticComplexity="7" minCyclomaticComplexity="7" maxCrapScore="56" minCrapScore="56" visitedClasses="0" numClasses="0" visitedMethods="0" numMethods="1" />
              <MetadataToken>100663327</MetadataToken>
              <Name>System.Boolean Power_Point.GuiTests.Robot::Compare(System.String,System.String)</Name>
              <FileRef uid="2" />
              <SequencePoints>
                <SequencePoint vc="0" uspid="237" ordinal="0" offset="0" sl="225" sc="9" el="225" ec="10" bec="0" bev="0" fileid="2" />
                <SequencePoint vc="0" uspid="238" ordinal="1" offset="1" sl="226" sc="13" el="226" ec="76" bec="0" bev="0" fileid="2" />
                <SequencePoint vc="0" uspid="239" ordinal="2" offset="7" sl="228" sc="13" el="228" ec="53" bec="0" bev="0" fileid="2" />
                <SequencePoint vc="0" uspid="240" ordinal="3" offset="15" sl="229" sc="13" el="229" ec="53" bec="0" bev="0" fileid="2" />
                <SequencePoint vc="0" uspid="241" ordinal="4" offset="23" sl="230" sc="13" el="230" ec="50" bec="4" bev="0" fileid="2" />
                <SequencePoint vc="0" uspid="242" ordinal="5" offset="47" sl="231" sc="13" el="231" ec="14" bec="0" bev="0" fileid="2" />
                <SequencePoint vc="0" uspid="243" ordinal="6" offset="48" sl="232" sc="17" el="232" ec="62" bec="0" bev="0" fileid="2" />
                <SequencePoint vc="0" uspid="244" ordinal="7" offset="72" sl="233" sc="17" el="233" ec="62" bec="0" bev="0" fileid="2" />
                <SequencePoint vc="0" uspid="245" ordinal="8" offset="96" sl="234" sc="17" el="234" ec="62" bec="0" bev="0" fileid="2" />
                <SequencePoint vc="0" uspid="246" ordinal="9" offset="120" sl="235" sc="17" el="235" ec="62" bec="0" bev="0" fileid="2" />
                <SequencePoint vc="0" uspid="247" ordinal="10" offset="144" sl="237" sc="17" el="237" ec="128" bec="2" bev="0" fileid="2" />
                <SequencePoint vc="0" uspid="248" ordinal="11" offset="208" sl="238" sc="17" el="238" ec="128" bec="2" bev="0" fileid="2" />
                <SequencePoint vc="0" uspid="249" ordinal="12" offset="272" sl="239" sc="17" el="239" ec="127" bec="2" bev="0" fileid="2" />
                <SequencePoint vc="0" uspid="250" ordinal="13" offset="336" sl="240" sc="17" el="240" ec="128" bec="2" bev="0" fileid="2" />
                <SequencePoint vc="0" uspid="251" ordinal="14" offset="400" sl="241" sc="17" el="241" ec="69" bec="0" bev="0" fileid="2" />
                <SequencePoint vc="0" uspid="252" ordinal="15" offset="415" sl="244" sc="13" el="244" ec="14" bec="0" bev="0" fileid="2" />
                <SequencePoint vc="0" uspid="253" ordinal="16" offset="416" sl="245" sc="17" el="245" ec="29" bec="0" bev="0" fileid="2" />
                <SequencePoint vc="0" uspid="254" ordinal="17" offset="421" sl="247" sc="9" el="247" ec="10" bec="0" bev="0" fileid="2" />
              </SequencePoints>
              <BranchPoints>
                <BranchPoint vc="0" uspid="255" ordinal="0" offset="29" sl="230" path="0" offsetend="31" fileid="2" />
                <BranchPoint vc="0" uspid="256" ordinal="1" offset="29" sl="230" path="1" offsetend="39" fileid="2" />
                <BranchPoint vc="0" uspid="257" ordinal="2" offset="42" sl="230" path="0" offsetend="47" fileid="2" />
                <BranchPoint vc="0" uspid="258" ordinal="3" offset="42" sl="230" path="1" offsetend="415" fileid="2" />
                <BranchPoint vc="0" uspid="259" ordinal="4" offset="170" sl="237" path="0" offsetend="172" fileid="2" />
                <BranchPoint vc="0" uspid="260" ordinal="5" offset="170" sl="237" path="1" offsetend="205" fileid="2" />
                <BranchPoint vc="0" uspid="261" ordinal="6" offset="234" sl="238" path="0" offsetend="236" fileid="2" />
                <BranchPoint vc="0" uspid="262" ordinal="7" offset="234" sl="238" path="1" offsetend="269" fileid="2" />
                <BranchPoint vc="0" uspid="263" ordinal="8" offset="298" sl="239" path="0" offsetend="300" fileid="2" />
                <BranchPoint vc="0" uspid="264" ordinal="9" offset="298" sl="239" path="1" offsetend="333" fileid="2" />
                <BranchPoint vc="0" uspid="265" ordinal="10" offset="362" sl="240" path="0" offsetend="364" fileid="2" />
                <BranchPoint vc="0" uspid="266" ordinal="11" offset="362" sl="240" path="1" offsetend="397" fileid="2" />
              </BranchPoints>
              <MethodPoint xsi:type="SequencePoint" vc="0" uspid="237" ordinal="0" offset="0" sl="225" sc="9" el="225" ec="10" bec="0" bev="0" fileid="2" />
            </Method>
          </Methods>
        </Class>
      </Classes>
    </Module>
  </Modules>
</CoverageSession>