<?xml version="1.0" encoding="utf-8"?>
<CoverageSession xmlns:xsd="http://www.w3.org/2001/XMLSchema" xmlns:xsi="http://www.w3.org/2001/XMLSchema-instance" Version="4.7.922.0">
  <Summary numSequencePoints="131" visitedSequencePoints="52" numBranchPoints="34" visitedBranchPoints="19" sequenceCoverage="39.69" branchCoverage="55.88" maxCyclomaticComplexity="5" minCyclomaticComplexity="1" maxCrapScore="20" minCrapScore="1" visitedClasses="2" numClasses="2" visitedMethods="13" numMethods="20" />
  <Modules>
    <Module hash="B4-7A-42-CE-7D-FA-9A-CB-43-56-50-16-BF-CC-04-FF-C8-51-76-30">
      <Summary numSequencePoints="131" visitedSequencePoints="52" numBranchPoints="34" visitedBranchPoints="19" sequenceCoverage="39.69" branchCoverage="55.88" maxCyclomaticComplexity="5" minCyclomaticComplexity="1" maxCrapScore="20" minCrapScore="1" visitedClasses="2" numClasses="2" visitedMethods="13" numMethods="20" />
      <ModulePath>D:\C#\NTUT_WP_PowerPoint\Power PointGuiTests\bin\Debug\fine-code-coverage\build-output\Power PointGuiTests.dll</ModulePath>
      <ModuleTime>2024-01-07T07:30:03.3751834Z</ModuleTime>
      <ModuleName>Power PointGuiTests</ModuleName>
      <Files>
        <File uid="1" fullPath="D:\C#\NTUT_WP_PowerPoint\Power PointGuiTests\FormTests.cs" />
        <File uid="2" fullPath="D:\C#\NTUT_WP_PowerPoint\Power PointGuiTests\Robot.cs" />
      </Files>
      <Classes>
        <Class>
          <Summary numSequencePoints="16" visitedSequencePoints="12" numBranchPoints="4" visitedBranchPoints="4" sequenceCoverage="75" branchCoverage="100" maxCyclomaticComplexity="1" minCyclomaticComplexity="1" maxCrapScore="2" minCrapScore="1" visitedClasses="1" numClasses="1" visitedMethods="4" numMethods="4" />
          <FullName>Power_Point.GuiTests.FormTests</FullName>
          <Methods>
            <Method visited="true" cyclomaticComplexity="1" nPathComplexity="0" sequenceCoverage="100" branchCoverage="100" crapScore="1" isConstructor="false" isStatic="false" isGetter="false" isSetter="false">
              <Summary numSequencePoints="3" visitedSequencePoints="3" numBranchPoints="1" visitedBranchPoints="1" sequenceCoverage="100" branchCoverage="100" maxCyclomaticComplexity="1" minCyclomaticComplexity="1" maxCrapScore="1" minCrapScore="1" visitedClasses="0" numClasses="0" visitedMethods="1" numMethods="1" />
              <MetadataToken>100663297</MetadataToken>
              <Name>System.Void Power_Point.GuiTests.FormTests::FormTestInitialize()</Name>
              <FileRef uid="1" />
              <SequencePoints>
                <SequencePoint vc="2" uspid="1" ordinal="0" offset="0" sl="26" sc="9" el="26" ec="10" bec="0" bev="0" fileid="1" />
                <SequencePoint vc="2" uspid="2" ordinal="1" offset="1" sl="27" sc="13" el="27" ec="51" bec="0" bev="0" fileid="1" />
                <SequencePoint vc="2" uspid="3" ordinal="2" offset="22" sl="28" sc="9" el="28" ec="10" bec="0" bev="0" fileid="1" />
              </SequencePoints>
              <BranchPoints />
              <MethodPoint xsi:type="SequencePoint" vc="2" uspid="1" ordinal="0" offset="0" sl="26" sc="9" el="26" ec="10" bec="0" bev="0" fileid="1" />
            </Method>
            <Method visited="true" cyclomaticComplexity="1" nPathComplexity="0" sequenceCoverage="66.67" branchCoverage="100" crapScore="1.04" isConstructor="false" isStatic="false" isGetter="false" isSetter="false">
              <Summary numSequencePoints="6" visitedSequencePoints="4" numBranchPoints="1" visitedBranchPoints="1" sequenceCoverage="66.67" branchCoverage="100" maxCyclomaticComplexity="1" minCyclomaticComplexity="1" maxCrapScore="1.04" minCrapScore="1.04" visitedClasses="0" numClasses="0" visitedMethods="1" numMethods="1" />
              <MetadataToken>100663298</MetadataToken>
              <Name>System.Void Power_Point.GuiTests.FormTests::ClickLineButtonTest()</Name>
              <FileRef uid="1" />
              <SequencePoints>
                <SequencePoint vc="1" uspid="4" ordinal="0" offset="0" sl="37" sc="9" el="37" ec="10" bec="0" bev="0" fileid="1" />
                <SequencePoint vc="1" uspid="5" ordinal="1" offset="1" sl="38" sc="13" el="38" ec="74" bec="0" bev="0" fileid="1" />
                <SequencePoint vc="1" uspid="6" ordinal="2" offset="19" sl="39" sc="13" el="39" ec="52" bec="0" bev="0" fileid="1" />
                <SequencePoint vc="1" uspid="7" ordinal="3" offset="36" sl="40" sc="13" el="40" ec="53" bec="0" bev="0" fileid="1" />
                <SequencePoint vc="0" uspid="8" ordinal="4" offset="54" sl="42" sc="13" el="42" ec="41" bec="0" bev="0" fileid="1" />
                <SequencePoint vc="0" uspid="9" ordinal="5" offset="78" sl="46" sc="9" el="46" ec="10" bec="0" bev="0" fileid="1" />
              </SequencePoints>
              <BranchPoints />
              <MethodPoint xsi:type="SequencePoint" vc="1" uspid="4" ordinal="0" offset="0" sl="37" sc="9" el="37" ec="10" bec="0" bev="0" fileid="1" />
            </Method>
            <Method visited="true" cyclomaticComplexity="1" nPathComplexity="0" sequenceCoverage="75" branchCoverage="100" crapScore="1.02" isConstructor="false" isStatic="false" isGetter="false" isSetter="false">
              <Summary numSequencePoints="4" visitedSequencePoints="3" numBranchPoints="1" visitedBranchPoints="1" sequenceCoverage="75" branchCoverage="100" maxCyclomaticComplexity="1" minCyclomaticComplexity="1" maxCrapScore="1.02" minCrapScore="1.02" visitedClasses="0" numClasses="0" visitedMethods="1" numMethods="1" />
              <MetadataToken>100663299</MetadataToken>
              <Name>System.Void Power_Point.GuiTests.FormTests::ClickAddShapeButtonTest()</Name>
              <FileRef uid="1" />
              <SequencePoints>
                <SequencePoint vc="1" uspid="10" ordinal="0" offset="0" sl="65" sc="9" el="65" ec="10" bec="0" bev="0" fileid="1" />
                <SequencePoint vc="1" uspid="11" ordinal="1" offset="1" sl="66" sc="13" el="66" ec="44" bec="0" bev="0" fileid="1" />
                <SequencePoint vc="1" uspid="12" ordinal="2" offset="18" sl="67" sc="13" el="67" ec="60" bec="0" bev="0" fileid="1" />
                <SequencePoint vc="0" uspid="13" ordinal="3" offset="35" sl="68" sc="9" el="68" ec="10" bec="0" bev="0" fileid="1" />
              </SequencePoints>
              <BranchPoints />
              <MethodPoint xsi:type="SequencePoint" vc="1" uspid="10" ordinal="0" offset="0" sl="65" sc="9" el="65" ec="10" bec="0" bev="0" fileid="1" />
            </Method>
            <Method visited="true" cyclomaticComplexity="1" nPathComplexity="0" sequenceCoverage="66.67" branchCoverage="100" crapScore="1.04" isConstructor="false" isStatic="false" isGetter="false" isSetter="false">
              <Summary numSequencePoints="3" visitedSequencePoints="2" numBranchPoints="1" visitedBranchPoints="1" sequenceCoverage="66.67" branchCoverage="100" maxCyclomaticComplexity="1" minCyclomaticComplexity="1" maxCrapScore="1.04" minCrapScore="1.04" visitedClasses="0" numClasses="0" visitedMethods="1" numMethods="1" />
              <MetadataToken>100663300</MetadataToken>
              <Name>System.Void Power_Point.GuiTests.FormTests::FormTestCleanUp()</Name>
              <FileRef uid="1" />
              <SequencePoints>
                <SequencePoint vc="2" uspid="14" ordinal="0" offset="0" sl="102" sc="9" el="102" ec="10" bec="0" bev="0" fileid="1" />
                <SequencePoint vc="2" uspid="15" ordinal="1" offset="1" sl="103" sc="13" el="103" ec="30" bec="0" bev="0" fileid="1" />
                <SequencePoint vc="0" uspid="16" ordinal="2" offset="13" sl="104" sc="9" el="104" ec="10" bec="0" bev="0" fileid="1" />
              </SequencePoints>
              <BranchPoints />
              <MethodPoint xsi:type="SequencePoint" vc="2" uspid="14" ordinal="0" offset="0" sl="102" sc="9" el="102" ec="10" bec="0" bev="0" fileid="1" />
            </Method>
            <Method visited="false" cyclomaticComplexity="1" nPathComplexity="0" sequenceCoverage="0" branchCoverage="0" crapScore="2" isConstructor="true" isStatic="false" isGetter="false" isSetter="false">
              <Summary numSequencePoints="0" visitedSequencePoints="0" numBranchPoints="0" visitedBranchPoints="0" sequenceCoverage="0" branchCoverage="0" maxCyclomaticComplexity="1" minCyclomaticComplexity="1" maxCrapScore="2" minCrapScore="2" visitedClasses="0" numClasses="0" visitedMethods="0" numMethods="0" />
              <MetadataToken>100663301</MetadataToken>
              <Name>System.Void Power_Point.GuiTests.FormTests::.ctor()</Name>
              <SequencePoints />
              <BranchPoints />
              <MethodPoint vc="0" uspid="17" ordinal="0" offset="0" />
            </Method>
          </Methods>
        </Class>
        <Class>
          <Summary numSequencePoints="115" visitedSequencePoints="40" numBranchPoints="30" visitedBranchPoints="15" sequenceCoverage="34.78" branchCoverage="50" maxCyclomaticComplexity="5" minCyclomaticComplexity="1" maxCrapScore="20" minCrapScore="1" visitedClasses="1" numClasses="1" visitedMethods="9" numMethods="16" />
          <FullName>Power_Point.GuiTests.Robot</FullName>
          <Methods>
            <Method visited="true" cyclomaticComplexity="1" nPathComplexity="0" sequenceCoverage="100" branchCoverage="100" crapScore="1" isConstructor="true" isStatic="false" isGetter="false" isSetter="false">
              <Summary numSequencePoints="4" visitedSequencePoints="4" numBranchPoints="1" visitedBranchPoints="1" sequenceCoverage="100" branchCoverage="100" maxCyclomaticComplexity="1" minCyclomaticComplexity="1" maxCrapScore="1" minCrapScore="1" visitedClasses="0" numClasses="0" visitedMethods="1" numMethods="1" />
              <MetadataToken>100663302</MetadataToken>
              <Name>System.Void Power_Point.GuiTests.Robot::.ctor(System.String,System.String)</Name>
              <FileRef uid="2" />
              <SequencePoints>
                <SequencePoint vc="2" uspid="18" ordinal="0" offset="0" sl="26" sc="9" el="26" ec="56" bec="0" bev="0" fileid="2" />
                <SequencePoint vc="2" uspid="19" ordinal="1" offset="7" sl="27" sc="9" el="27" ec="10" bec="0" bev="0" fileid="2" />
                <SequencePoint vc="2" uspid="20" ordinal="2" offset="8" sl="28" sc="13" el="28" ec="50" bec="0" bev="0" fileid="2" />
                <SequencePoint vc="2" uspid="21" ordinal="3" offset="17" sl="29" sc="9" el="29" ec="10" bec="0" bev="0" fileid="2" />
              </SequencePoints>
              <BranchPoints />
              <MethodPoint xsi:type="SequencePoint" vc="2" uspid="18" ordinal="0" offset="0" sl="26" sc="9" el="26" ec="56" bec="0" bev="0" fileid="2" />
            </Method>
            <Method visited="true" cyclomaticComplexity="1" nPathComplexity="0" sequenceCoverage="100" branchCoverage="100" crapScore="1" isConstructor="false" isStatic="false" isGetter="false" isSetter="false">
              <Summary numSequencePoints="9" visitedSequencePoints="9" numBranchPoints="1" visitedBranchPoints="1" sequenceCoverage="100" branchCoverage="100" maxCyclomaticComplexity="1" minCyclomaticComplexity="1" maxCrapScore="1" minCrapScore="1" visitedClasses="0" numClasses="0" visitedMethods="1" numMethods="1" />
              <MetadataToken>100663303</MetadataToken>
              <Name>System.Void Power_Point.GuiTests.Robot::Initialize(System.String,System.String)</Name>
              <FileRef uid="2" />
              <SequencePoints>
                <SequencePoint vc="2" uspid="22" ordinal="0" offset="0" sl="33" sc="9" el="33" ec="10" bec="0" bev="0" fileid="2" />
                <SequencePoint vc="2" uspid="23" ordinal="1" offset="1" sl="34" sc="13" el="34" ec="26" bec="0" bev="0" fileid="2" />
                <SequencePoint vc="2" uspid="24" ordinal="2" offset="8" sl="35" sc="13" el="35" ec="47" bec="0" bev="0" fileid="2" />
                <SequencePoint vc="2" uspid="25" ordinal="3" offset="14" sl="36" sc="13" el="36" ec="67" bec="0" bev="0" fileid="2" />
                <SequencePoint vc="2" uspid="26" ordinal="4" offset="27" sl="37" sc="13" el="37" ec="72" bec="0" bev="0" fileid="2" />
                <SequencePoint vc="2" uspid="27" ordinal="5" offset="44" sl="39" sc="13" el="39" ec="95" bec="0" bev="0" fileid="2" />
                <SequencePoint vc="2" uspid="28" ordinal="6" offset="66" sl="40" sc="13" el="40" ec="80" bec="0" bev="0" fileid="2" />
                <SequencePoint vc="2" uspid="29" ordinal="7" offset="102" sl="41" sc="13" el="44" ec="15" bec="0" bev="0" fileid="2" />
                <SequencePoint vc="2" uspid="30" ordinal="8" offset="137" sl="45" sc="9" el="45" ec="10" bec="0" bev="0" fileid="2" />
              </SequencePoints>
              <BranchPoints />
              <MethodPoint xsi:type="SequencePoint" vc="2" uspid="22" ordinal="0" offset="0" sl="33" sc="9" el="33" ec="10" bec="0" bev="0" fileid="2" />
            </Method>
            <Method visited="true" cyclomaticComplexity="1" nPathComplexity="0" sequenceCoverage="40" branchCoverage="100" crapScore="1.22" isConstructor="false" isStatic="false" isGetter="false" isSetter="false">
              <Summary numSequencePoints="5" visitedSequencePoints="2" numBranchPoints="1" visitedBranchPoints="1" sequenceCoverage="40" branchCoverage="100" maxCyclomaticComplexity="1" minCyclomaticComplexity="1" maxCrapScore="1.22" minCrapScore="1.22" visitedClasses="0" numClasses="0" visitedMethods="1" numMethods="1" />
              <MetadataToken>100663304</MetadataToken>
              <Name>System.Void Power_Point.GuiTests.Robot::CleanUp()</Name>
              <FileRef uid="2" />
              <SequencePoints>
                <SequencePoint vc="2" uspid="31" ordinal="0" offset="0" sl="49" sc="9" el="49" ec="10" bec="0" bev="0" fileid="2" />
                <SequencePoint vc="2" uspid="32" ordinal="1" offset="1" sl="50" sc="13" el="50" ec="29" bec="0" bev="0" fileid="2" />
                <SequencePoint vc="0" uspid="33" ordinal="2" offset="14" sl="51" sc="13" el="51" ec="32" bec="0" bev="0" fileid="2" />
                <SequencePoint vc="0" uspid="34" ordinal="3" offset="26" sl="52" sc="13" el="52" ec="31" bec="0" bev="0" fileid="2" />
                <SequencePoint vc="0" uspid="35" ordinal="4" offset="38" sl="53" sc="9" el="53" ec="10" bec="0" bev="0" fileid="2" />
              </SequencePoints>
              <BranchPoints />
              <MethodPoint xsi:type="SequencePoint" vc="2" uspid="31" ordinal="0" offset="0" sl="49" sc="9" el="49" ec="10" bec="0" bev="0" fileid="2" />
            </Method>
            <Method visited="true" cyclomaticComplexity="4" nPathComplexity="2" sequenceCoverage="18.18" branchCoverage="66.67" crapScore="12.76" isConstructor="false" isStatic="false" isGetter="false" isSetter="false">
              <Summary numSequencePoints="22" visitedSequencePoints="4" numBranchPoints="3" visitedBranchPoints="2" sequenceCoverage="18.18" branchCoverage="66.67" maxCyclomaticComplexity="4" minCyclomaticComplexity="4" maxCrapScore="12.76" minCrapScore="12.76" visitedClasses="0" numClasses="0" visitedMethods="1" numMethods="1" />
              <MetadataToken>100663305</MetadataToken>
              <Name>System.Void Power_Point.GuiTests.Robot::SwitchTo(System.String)</Name>
              <FileRef uid="2" />
              <SequencePoints>
                <SequencePoint vc="2" uspid="36" ordinal="0" offset="0" sl="57" sc="9" el="57" ec="10" bec="0" bev="0" fileid="2" />
                <SequencePoint vc="2" uspid="37" ordinal="1" offset="1" sl="58" sc="13" el="58" ec="54" bec="2" bev="1" fileid="2" />
                <SequencePoint vc="2" uspid="38" ordinal="2" offset="17" sl="59" sc="13" el="59" ec="14" bec="0" bev="0" fileid="2" />
                <SequencePoint vc="2" uspid="39" ordinal="3" offset="18" sl="60" sc="17" el="60" ec="69" bec="0" bev="0" fileid="2" />
                <SequencePoint vc="0" uspid="40" ordinal="4" offset="47" sl="61" sc="13" el="61" ec="14" bec="0" bev="0" fileid="2" />
                <SequencePoint vc="0" uspid="41" ordinal="5" offset="50" sl="63" sc="13" el="63" ec="14" bec="0" bev="0" fileid="2" />
                <SequencePoint vc="0" uspid="42" ordinal="6" offset="51" sl="64" sc="17" el="64" ec="24" bec="0" bev="0" fileid="2" />
                <SequencePoint vc="0" uspid="43" ordinal="7" offset="52" sl="64" sc="46" el="64" ec="67" bec="0" bev="0" fileid="2" />
                <SequencePoint vc="0" uspid="44" ordinal="8" offset="71" sl="64" sc="26" el="64" ec="42" bec="0" bev="0" fileid="2" />
                <SequencePoint vc="0" uspid="45" ordinal="9" offset="78" sl="65" sc="17" el="65" ec="18" bec="0" bev="0" fileid="2" />
                <SequencePoint vc="0" uspid="46" ordinal="10" offset="79" sl="66" sc="21" el="66" ec="61" bec="0" bev="0" fileid="2" />
                <SequencePoint vc="0" uspid="47" ordinal="11" offset="97" sl="68" sc="21" el="68" ec="22" bec="0" bev="0" fileid="2" />
                <SequencePoint vc="0" uspid="48" ordinal="12" offset="98" sl="69" sc="25" el="69" ec="72" bec="0" bev="0" fileid="2" />
                <SequencePoint vc="0" uspid="49" ordinal="13" offset="111" sl="70" sc="25" el="70" ec="68" bec="0" bev="0" fileid="2" />
                <SequencePoint vc="0" uspid="50" ordinal="14" offset="125" sl="71" sc="25" el="71" ec="32" bec="0" bev="0" fileid="2" />
                <SequencePoint vc="0" uspid="51" ordinal="15" offset="127" sl="73" sc="21" el="73" ec="26" bec="0" bev="0" fileid="2" />
                <SequencePoint vc="0" uspid="52" ordinal="16" offset="128" sl="74" sc="21" el="74" ec="22" bec="0" bev="0" fileid="2" />
                <SequencePoint vc="0" uspid="53" ordinal="17" offset="129" sl="76" sc="21" el="76" ec="22" bec="0" bev="0" fileid="2" />
                <SequencePoint vc="0" uspid="54" ordinal="18" offset="132" sl="77" sc="17" el="77" ec="18" bec="0" bev="0" fileid="2" />
                <SequencePoint vc="0" uspid="55" ordinal="19" offset="133" sl="64" sc="43" el="64" ec="45" bec="0" bev="0" fileid="2" />
                <SequencePoint vc="0" uspid="56" ordinal="20" offset="154" sl="78" sc="13" el="78" ec="14" bec="0" bev="0" fileid="2" />
                <SequencePoint vc="0" uspid="57" ordinal="21" offset="155" sl="79" sc="9" el="79" ec="10" bec="0" bev="0" fileid="2" />
              </SequencePoints>
              <BranchPoints>
                <BranchPoint vc="2" uspid="58" ordinal="0" offset="15" sl="58" path="0" offsetend="17" fileid="2" />
                <BranchPoint vc="0" uspid="59" ordinal="1" offset="15" sl="58" path="1" offsetend="50" fileid="2" />
              </BranchPoints>
              <MethodPoint xsi:type="SequencePoint" vc="2" uspid="36" ordinal="0" offset="0" sl="57" sc="9" el="57" ec="10" bec="0" bev="0" fileid="2" />
            </Method>
            <Method visited="true" cyclomaticComplexity="1" nPathComplexity="0" sequenceCoverage="100" branchCoverage="100" crapScore="1" isConstructor="false" isStatic="false" isGetter="false" isSetter="false">
              <Summary numSequencePoints="3" visitedSequencePoints="3" numBranchPoints="1" visitedBranchPoints="1" sequenceCoverage="100" branchCoverage="100" maxCyclomaticComplexity="1" minCyclomaticComplexity="1" maxCrapScore="1" minCrapScore="1" visitedClasses="0" numClasses="0" visitedMethods="1" numMethods="1" />
              <MetadataToken>100663306</MetadataToken>
              <Name>System.Void Power_Point.GuiTests.Robot::Sleep(System.Double)</Name>
              <FileRef uid="2" />
              <SequencePoints>
                <SequencePoint vc="2" uspid="62" ordinal="0" offset="0" sl="83" sc="9" el="83" ec="10" bec="0" bev="0" fileid="2" />
                <SequencePoint vc="2" uspid="63" ordinal="1" offset="1" sl="84" sc="13" el="84" ec="54" bec="0" bev="0" fileid="2" />
                <SequencePoint vc="2" uspid="64" ordinal="2" offset="13" sl="85" sc="9" el="85" ec="10" bec="0" bev="0" fileid="2" />
              </SequencePoints>
              <BranchPoints />
              <MethodPoint xsi:type="SequencePoint" vc="2" uspid="62" ordinal="0" offset="0" sl="83" sc="9" el="83" ec="10" bec="0" bev="0" fileid="2" />
            </Method>
            <Method visited="true" cyclomaticComplexity="1" nPathComplexity="0" sequenceCoverage="100" branchCoverage="100" crapScore="1" isConstructor="false" isStatic="false" isGetter="false" isSetter="false">
              <Summary numSequencePoints="4" visitedSequencePoints="4" numBranchPoints="1" visitedBranchPoints="1" sequenceCoverage="100" branchCoverage="100" maxCyclomaticComplexity="1" minCyclomaticComplexity="1" maxCrapScore="1" minCrapScore="1" visitedClasses="0" numClasses="0" visitedMethods="1" numMethods="1" />
              <MetadataToken>100663307</MetadataToken>
              <Name>System.Void Power_Point.GuiTests.Robot::ClickButtonByName(System.String)</Name>
              <FileRef uid="2" />
              <SequencePoints>
                <SequencePoint vc="2" uspid="65" ordinal="0" offset="0" sl="89" sc="9" el="89" ec="10" bec="0" bev="0" fileid="2" />
                <SequencePoint vc="2" uspid="66" ordinal="1" offset="1" sl="90" sc="13" el="90" ec="53" bec="0" bev="0" fileid="2" />
                <SequencePoint vc="2" uspid="67" ordinal="2" offset="19" sl="91" sc="13" el="91" ec="22" bec="0" bev="0" fileid="2" />
                <SequencePoint vc="2" uspid="68" ordinal="3" offset="35" sl="92" sc="9" el="92" ec="10" bec="0" bev="0" fileid="2" />
              </SequencePoints>
              <BranchPoints />
              <MethodPoint xsi:type="SequencePoint" vc="2" uspid="65" ordinal="0" offset="0" sl="89" sc="9" el="89" ec="10" bec="0" bev="0" fileid="2" />
            </Method>
            <Method visited="true" cyclomaticComplexity="1" nPathComplexity="0" sequenceCoverage="50" branchCoverage="100" crapScore="1.12" isConstructor="false" isStatic="false" isGetter="false" isSetter="false">
              <Summary numSequencePoints="4" visitedSequencePoints="2" numBranchPoints="1" visitedBranchPoints="1" sequenceCoverage="50" branchCoverage="100" maxCyclomaticComplexity="1" minCyclomaticComplexity="1" maxCrapScore="1.12" minCrapScore="1.12" visitedClasses="0" numClasses="0" visitedMethods="1" numMethods="1" />
              <MetadataToken>100663308</MetadataToken>
              <Name>System.Void Power_Point.GuiTests.Robot::ClickButtonByAccessibilityId(System.String)</Name>
              <FileRef uid="2" />
              <SequencePoints>
                <SequencePoint vc="1" uspid="69" ordinal="0" offset="0" sl="96" sc="9" el="96" ec="10" bec="0" bev="0" fileid="2" />
                <SequencePoint vc="1" uspid="70" ordinal="1" offset="1" sl="97" sc="13" el="97" ec="64" bec="0" bev="0" fileid="2" />
                <SequencePoint vc="0" uspid="71" ordinal="2" offset="19" sl="98" sc="13" el="98" ec="22" bec="0" bev="0" fileid="2" />
                <SequencePoint vc="0" uspid="72" ordinal="3" offset="35" sl="99" sc="9" el="99" ec="10" bec="0" bev="0" fileid="2" />
              </SequencePoints>
              <BranchPoints />
              <MethodPoint xsi:type="SequencePoint" vc="1" uspid="69" ordinal="0" offset="0" sl="96" sc="9" el="96" ec="10" bec="0" bev="0" fileid="2" />
            </Method>
            <Method visited="false" cyclomaticComplexity="4" nPathComplexity="2" sequenceCoverage="0" branchCoverage="0" crapScore="20" isConstructor="false" isStatic="false" isGetter="false" isSetter="false">
              <Summary numSequencePoints="11" visitedSequencePoints="0" numBranchPoints="3" visitedBranchPoints="0" sequenceCoverage="0" branchCoverage="0" maxCyclomaticComplexity="4" minCyclomaticComplexity="4" maxCrapScore="20" minCrapScore="20" visitedClasses="0" numClasses="0" visitedMethods="0" numMethods="1" />
              <MetadataToken>100663309</MetadataToken>
              <Name>System.Void Power_Point.GuiTests.Robot::ClickTabControl(System.String)</Name>
              <FileRef uid="2" />
              <SequencePoints>
                <SequencePoint vc="0" uspid="73" ordinal="0" offset="0" sl="103" sc="9" el="103" ec="10" bec="0" bev="0" fileid="2" />
                <SequencePoint vc="0" uspid="74" ordinal="1" offset="1" sl="104" sc="13" el="104" ec="61" bec="0" bev="0" fileid="2" />
                <SequencePoint vc="0" uspid="75" ordinal="2" offset="14" sl="105" sc="13" el="105" ec="20" bec="0" bev="0" fileid="2" />
                <SequencePoint vc="0" uspid="76" ordinal="3" offset="15" sl="105" sc="37" el="105" ec="45" bec="0" bev="0" fileid="2" />
                <SequencePoint vc="0" uspid="77" ordinal="4" offset="24" sl="105" sc="22" el="105" ec="33" bec="0" bev="0" fileid="2" />
                <SequencePoint vc="0" uspid="78" ordinal="5" offset="31" sl="106" sc="13" el="106" ec="14" bec="0" bev="0" fileid="2" />
                <SequencePoint vc="0" uspid="79" ordinal="6" offset="32" sl="107" sc="17" el="107" ec="62" bec="2" bev="0" fileid="2" />
                <SequencePoint vc="0" uspid="80" ordinal="7" offset="52" sl="108" sc="21" el="108" ec="37" bec="0" bev="0" fileid="2" />
                <SequencePoint vc="0" uspid="81" ordinal="8" offset="59" sl="109" sc="13" el="109" ec="14" bec="0" bev="0" fileid="2" />
                <SequencePoint vc="0" uspid="82" ordinal="9" offset="60" sl="105" sc="34" el="105" ec="36" bec="0" bev="0" fileid="2" />
                <SequencePoint vc="0" uspid="83" ordinal="10" offset="81" sl="110" sc="9" el="110" ec="10" bec="0" bev="0" fileid="2" />
              </SequencePoints>
              <BranchPoints>
                <BranchPoint vc="0" uspid="84" ordinal="0" offset="50" sl="107" path="0" offsetend="52" fileid="2" />
                <BranchPoint vc="0" uspid="85" ordinal="1" offset="50" sl="107" path="1" offsetend="59" fileid="2" />
              </BranchPoints>
              <MethodPoint xsi:type="SequencePoint" vc="0" uspid="73" ordinal="0" offset="0" sl="103" sc="9" el="103" ec="10" bec="0" bev="0" fileid="2" />
            </Method>
            <Method visited="false" cyclomaticComplexity="1" nPathComplexity="0" sequenceCoverage="0" branchCoverage="0" crapScore="2" isConstructor="false" isStatic="false" isGetter="false" isSetter="false">
              <Summary numSequencePoints="3" visitedSequencePoints="0" numBranchPoints="1" visitedBranchPoints="0" sequenceCoverage="0" branchCoverage="0" maxCyclomaticComplexity="1" minCyclomaticComplexity="1" maxCrapScore="2" minCrapScore="2" visitedClasses="0" numClasses="0" visitedMethods="0" numMethods="1" />
              <MetadataToken>100663310</MetadataToken>
              <Name>System.Void Power_Point.GuiTests.Robot::CloseWindow()</Name>
              <FileRef uid="2" />
              <SequencePoints>
                <SequencePoint vc="0" uspid="88" ordinal="0" offset="0" sl="114" sc="9" el="114" ec="10" bec="0" bev="0" fileid="2" />
                <SequencePoint vc="0" uspid="89" ordinal="1" offset="1" sl="115" sc="13" el="115" ec="40" bec="0" bev="0" fileid="2" />
                <SequencePoint vc="0" uspid="90" ordinal="2" offset="12" sl="116" sc="9" el="116" ec="10" bec="0" bev="0" fileid="2" />
              </SequencePoints>
              <BranchPoints />
              <MethodPoint xsi:type="SequencePoint" vc="0" uspid="88" ordinal="0" offset="0" sl="114" sc="9" el="114" ec="10" bec="0" bev="0" fileid="2" />
            </Method>
            <Method visited="false" cyclomaticComplexity="1" nPathComplexity="0" sequenceCoverage="0" branchCoverage="0" crapScore="2" isConstructor="false" isStatic="false" isGetter="false" isSetter="false">
              <Summary numSequencePoints="3" visitedSequencePoints="0" numBranchPoints="1" visitedBranchPoints="0" sequenceCoverage="0" branchCoverage="0" maxCyclomaticComplexity="1" minCyclomaticComplexity="1" maxCrapScore="2" minCrapScore="2" visitedClasses="0" numClasses="0" visitedMethods="0" numMethods="1" />
              <MetadataToken>100663311</MetadataToken>
              <Name>System.Void Power_Point.GuiTests.Robot::CloseMessageBox()</Name>
              <FileRef uid="2" />
              <SequencePoints>
                <SequencePoint vc="0" uspid="91" ordinal="0" offset="0" sl="120" sc="9" el="120" ec="10" bec="0" bev="0" fileid="2" />
                <SequencePoint vc="0" uspid="92" ordinal="1" offset="1" sl="121" sc="13" el="121" ec="53" bec="0" bev="0" fileid="2" />
                <SequencePoint vc="0" uspid="93" ordinal="2" offset="23" sl="122" sc="9" el="122" ec="10" bec="0" bev="0" fileid="2" />
              </SequencePoints>
              <BranchPoints />
              <MethodPoint xsi:type="SequencePoint" vc="0" uspid="91" ordinal="0" offset="0" sl="120" sc="9" el="120" ec="10" bec="0" bev="0" fileid="2" />
            </Method>
            <Method visited="false" cyclomaticComplexity="1" nPathComplexity="0" sequenceCoverage="0" branchCoverage="0" crapScore="2" isConstructor="false" isStatic="false" isGetter="false" isSetter="false">
              <Summary numSequencePoints="4" visitedSequencePoints="0" numBranchPoints="1" visitedBranchPoints="0" sequenceCoverage="0" branchCoverage="0" maxCyclomaticComplexity="1" minCyclomaticComplexity="1" maxCrapScore="2" minCrapScore="2" visitedClasses="0" numClasses="0" visitedMethods="0" numMethods="1" />
              <MetadataToken>100663312</MetadataToken>
              <Name>System.Void Power_Point.GuiTests.Robot::ClickDataGridViewCellBy(System.String,System.Int32,System.String)</Name>
              <FileRef uid="2" />
              <SequencePoints>
                <SequencePoint vc="0" uspid="94" ordinal="0" offset="0" sl="126" sc="9" el="126" ec="10" bec="0" bev="0" fileid="2" />
                <SequencePoint vc="0" uspid="95" ordinal="1" offset="1" sl="127" sc="13" el="127" ec="75" bec="0" bev="0" fileid="2" />
                <SequencePoint vc="0" uspid="96" ordinal="2" offset="14" sl="128" sc="13" el="128" ec="79" bec="0" bev="0" fileid="2" />
                <SequencePoint vc="0" uspid="97" ordinal="3" offset="48" sl="129" sc="9" el="129" ec="10" bec="0" bev="0" fileid="2" />
              </SequencePoints>
              <BranchPoints />
              <MethodPoint xsi:type="SequencePoint" vc="0" uspid="94" ordinal="0" offset="0" sl="126" sc="9" el="126" ec="10" bec="0" bev="0" fileid="2" />
            </Method>
            <Method visited="true" cyclomaticComplexity="1" nPathComplexity="0" sequenceCoverage="50" branchCoverage="100" crapScore="1.12" isConstructor="false" isStatic="false" isGetter="false" isSetter="false">
              <Summary numSequencePoints="4" visitedSequencePoints="2" numBranchPoints="1" visitedBranchPoints="1" sequenceCoverage="50" branchCoverage="100" maxCyclomaticComplexity="1" minCyclomaticComplexity="1" maxCrapScore="1.12" minCrapScore="1.12" visitedClasses="0" numClasses="0" visitedMethods="1" numMethods="1" />
              <MetadataToken>100663313</MetadataToken>
              <Name>System.Void Power_Point.GuiTests.Robot::AssertEnable(System.String,System.Boolean)</Name>
              <FileRef uid="2" />
              <SequencePoints>
                <SequencePoint vc="1" uspid="98" ordinal="0" offset="0" sl="133" sc="9" el="133" ec="10" bec="0" bev="0" fileid="2" />
                <SequencePoint vc="1" uspid="99" ordinal="1" offset="1" sl="134" sc="13" el="134" ec="70" bec="0" bev="0" fileid="2" />
                <SequencePoint vc="0" uspid="100" ordinal="2" offset="14" sl="135" sc="13" el="135" ec="53" bec="0" bev="0" fileid="2" />
                <SequencePoint vc="0" uspid="101" ordinal="3" offset="27" sl="136" sc="9" el="136" ec="10" bec="0" bev="0" fileid="2" />
              </SequencePoints>
              <BranchPoints />
              <MethodPoint xsi:type="SequencePoint" vc="1" uspid="98" ordinal="0" offset="0" sl="133" sc="9" el="133" ec="10" bec="0" bev="0" fileid="2" />
            </Method>
            <Method visited="false" cyclomaticComplexity="1" nPathComplexity="0" sequenceCoverage="0" branchCoverage="0" crapScore="2" isConstructor="false" isStatic="false" isGetter="false" isSetter="false">
              <Summary numSequencePoints="4" visitedSequencePoints="0" numBranchPoints="1" visitedBranchPoints="0" sequenceCoverage="0" branchCoverage="0" maxCyclomaticComplexity="1" minCyclomaticComplexity="1" maxCrapScore="2" minCrapScore="2" visitedClasses="0" numClasses="0" visitedMethods="0" numMethods="1" />
              <MetadataToken>100663314</MetadataToken>
              <Name>System.Void Power_Point.GuiTests.Robot::AssertText(System.String,System.String)</Name>
              <FileRef uid="2" />
              <SequencePoints>
                <SequencePoint vc="0" uspid="102" ordinal="0" offset="0" sl="140" sc="9" el="140" ec="10" bec="0" bev="0" fileid="2" />
                <SequencePoint vc="0" uspid="103" ordinal="1" offset="1" sl="141" sc="13" el="141" ec="81" bec="0" bev="0" fileid="2" />
                <SequencePoint vc="0" uspid="104" ordinal="2" offset="14" sl="142" sc="13" el="142" ec="49" bec="0" bev="0" fileid="2" />
                <SequencePoint vc="0" uspid="105" ordinal="3" offset="27" sl="143" sc="9" el="143" ec="10" bec="0" bev="0" fileid="2" />
              </SequencePoints>
              <BranchPoints />
              <MethodPoint xsi:type="SequencePoint" vc="0" uspid="102" ordinal="0" offset="0" sl="140" sc="9" el="140" ec="10" bec="0" bev="0" fileid="2" />
            </Method>
            <Method visited="false" cyclomaticComplexity="2" nPathComplexity="2" sequenceCoverage="0" branchCoverage="0" crapScore="6" isConstructor="false" isStatic="false" isGetter="false" isSetter="false">
              <Summary numSequencePoints="10" visitedSequencePoints="0" numBranchPoints="3" visitedBranchPoints="0" sequenceCoverage="0" branchCoverage="0" maxCyclomaticComplexity="2" minCyclomaticComplexity="2" maxCrapScore="6" minCrapScore="6" visitedClasses="0" numClasses="0" visitedMethods="0" numMethods="1" />
              <MetadataToken>100663315</MetadataToken>
              <Name>System.Void Power_Point.GuiTests.Robot::AssertDataGridViewRowDataBy(System.String,System.Int32,System.String[])</Name>
              <FileRef uid="2" />
              <SequencePoints>
                <SequencePoint vc="0" uspid="106" ordinal="0" offset="0" sl="147" sc="9" el="147" ec="10" bec="0" bev="0" fileid="2" />
                <SequencePoint vc="0" uspid="107" ordinal="1" offset="1" sl="148" sc="13" el="148" ec="75" bec="0" bev="0" fileid="2" />
                <SequencePoint vc="0" uspid="108" ordinal="2" offset="14" sl="149" sc="13" el="149" ec="105" bec="0" bev="0" fileid="2" />
                <SequencePoint vc="0" uspid="109" ordinal="3" offset="47" sl="152" sc="18" el="152" ec="27" bec="0" bev="0" fileid="2" />
                <SequencePoint vc="0" uspid="110" ordinal="4" offset="51" sl="153" sc="13" el="153" ec="14" bec="0" bev="0" fileid="2" />
                <SequencePoint vc="0" uspid="111" ordinal="5" offset="52" sl="154" sc="17" el="154" ec="86" bec="0" bev="0" fileid="2" />
                <SequencePoint vc="0" uspid="112" ordinal="6" offset="90" sl="155" sc="13" el="155" ec="14" bec="0" bev="0" fileid="2" />
                <SequencePoint vc="0" uspid="113" ordinal="7" offset="91" sl="152" sc="49" el="152" ec="52" bec="0" bev="0" fileid="2" />
                <SequencePoint vc="0" uspid="114" ordinal="8" offset="95" sl="152" sc="29" el="152" ec="47" bec="2" bev="0" fileid="2" />
                <SequencePoint vc="0" uspid="115" ordinal="9" offset="108" sl="156" sc="9" el="156" ec="10" bec="0" bev="0" fileid="2" />
              </SequencePoints>
              <BranchPoints>
                <BranchPoint vc="0" uspid="116" ordinal="0" offset="106" sl="152" path="0" offsetend="108" fileid="2" />
                <BranchPoint vc="0" uspid="117" ordinal="1" offset="106" sl="152" path="1" offsetend="51" fileid="2" />
              </BranchPoints>
              <MethodPoint xsi:type="SequencePoint" vc="0" uspid="106" ordinal="0" offset="0" sl="147" sc="9" el="147" ec="10" bec="0" bev="0" fileid="2" />
            </Method>
            <Method visited="true" cyclomaticComplexity="5" nPathComplexity="16" sequenceCoverage="58.82" branchCoverage="66.67" crapScore="6.75" isConstructor="false" isStatic="false" isGetter="false" isSetter="false">
              <Summary numSequencePoints="17" visitedSequencePoints="10" numBranchPoints="9" visitedBranchPoints="6" sequenceCoverage="58.82" branchCoverage="66.67" maxCyclomaticComplexity="5" minCyclomaticComplexity="5" maxCrapScore="6.75" minCrapScore="6.75" visitedClasses="0" numClasses="0" visitedMethods="1" numMethods="1" />
              <MetadataToken>100663316</MetadataToken>
              <Name>System.Void Power_Point.GuiTests.Robot::AssertDataGridViewRowCountBy(System.String,System.Int32)</Name>
              <FileRef uid="2" />
              <SequencePoints>
                <SequencePoint vc="1" uspid="118" ordinal="0" offset="0" sl="160" sc="9" el="160" ec="10" bec="0" bev="0" fileid="2" />
                <SequencePoint vc="1" uspid="119" ordinal="1" offset="1" sl="161" sc="13" el="161" ec="75" bec="0" bev="0" fileid="2" />
                <SequencePoint vc="1" uspid="120" ordinal="2" offset="14" sl="162" sc="13" el="162" ec="87" bec="0" bev="0" fileid="2" />
                <SequencePoint vc="1" uspid="121" ordinal="3" offset="51" sl="163" sc="13" el="163" ec="76" bec="0" bev="0" fileid="2" />
                <SequencePoint vc="4" uspid="122" ordinal="4" offset="60" sl="166" sc="13" el="166" ec="14" bec="0" bev="0" fileid="2" />
                <SequencePoint vc="4" uspid="123" ordinal="5" offset="61" sl="167" sc="17" el="167" ec="71" bec="0" bev="0" fileid="2" />
                <SequencePoint vc="4" uspid="124" ordinal="6" offset="73" sl="168" sc="13" el="168" ec="14" bec="0" bev="0" fileid="2" />
                <SequencePoint vc="5" uspid="125" ordinal="7" offset="74" sl="165" sc="13" el="165" ec="106" bec="4" bev="4" fileid="2" />
                <SequencePoint vc="1" uspid="126" ordinal="8" offset="120" sl="170" sc="13" el="170" ec="33" bec="2" bev="1" fileid="2" />
                <SequencePoint vc="0" uspid="127" ordinal="9" offset="133" sl="171" sc="13" el="171" ec="14" bec="0" bev="0" fileid="2" />
                <SequencePoint vc="0" uspid="128" ordinal="10" offset="134" sl="172" sc="17" el="172" ec="105" bec="0" bev="0" fileid="2" />
                <SequencePoint vc="0" uspid="129" ordinal="11" offset="152" sl="174" sc="17" el="174" ec="41" bec="2" bev="0" fileid="2" />
                <SequencePoint vc="0" uspid="130" ordinal="12" offset="163" sl="175" sc="17" el="175" ec="18" bec="0" bev="0" fileid="2" />
                <SequencePoint vc="0" uspid="131" ordinal="13" offset="164" sl="176" sc="21" el="176" ec="77" bec="0" bev="0" fileid="2" />
                <SequencePoint vc="0" uspid="132" ordinal="14" offset="187" sl="177" sc="17" el="177" ec="18" bec="0" bev="0" fileid="2" />
                <SequencePoint vc="0" uspid="133" ordinal="15" offset="188" sl="178" sc="13" el="178" ec="14" bec="0" bev="0" fileid="2" />
                <SequencePoint vc="1" uspid="134" ordinal="16" offset="189" sl="179" sc="9" el="179" ec="10" bec="0" bev="0" fileid="2" />
              </SequencePoints>
              <BranchPoints>
                <BranchPoint vc="4" uspid="135" ordinal="0" offset="81" sl="165" path="0" offsetend="83" fileid="2" />
                <BranchPoint vc="1" uspid="136" ordinal="1" offset="81" sl="165" path="1" offsetend="113" fileid="2" />
                <BranchPoint vc="1" uspid="137" ordinal="2" offset="118" sl="165" path="0" offsetend="120" fileid="2" />
                <BranchPoint vc="4" uspid="138" ordinal="3" offset="118" sl="165" path="1" offsetend="60" fileid="2" />
                <BranchPoint vc="0" uspid="139" ordinal="4" offset="131" sl="170" path="0" offsetend="133" fileid="2" />
                <BranchPoint vc="1" uspid="140" ordinal="5" offset="131" sl="170" path="1" offsetend="189" fileid="2" />
                <BranchPoint vc="0" uspid="141" ordinal="6" offset="161" sl="174" path="0" offsetend="163" fileid="2" />
                <BranchPoint vc="0" uspid="142" ordinal="7" offset="161" sl="174" path="1" offsetend="188" fileid="2" />
              </BranchPoints>
              <MethodPoint xsi:type="SequencePoint" vc="1" uspid="118" ordinal="0" offset="0" sl="160" sc="9" el="160" ec="10" bec="0" bev="0" fileid="2" />
            </Method>
            <Method visited="false" cyclomaticComplexity="1" nPathComplexity="0" sequenceCoverage="0" branchCoverage="0" crapScore="2" isConstructor="false" isStatic="false" isGetter="false" isSetter="false">
              <Summary numSequencePoints="8" visitedSequencePoints="0" numBranchPoints="1" visitedBranchPoints="0" sequenceCoverage="0" branchCoverage="0" maxCyclomaticComplexity="1" minCyclomaticComplexity="1" maxCrapScore="2" minCrapScore="2" visitedClasses="0" numClasses="0" visitedMethods="0" numMethods="1" />
              <MetadataToken>100663317</MetadataToken>
              <Name>System.Void Power_Point.GuiTests.Robot::Draw(System.Int32,System.Int32,System.Int32,System.Int32)</Name>
              <FileRef uid="2" />
              <SequencePoints>
                <SequencePoint vc="0" uspid="143" ordinal="0" offset="0" sl="182" sc="9" el="182" ec="10" bec="0" bev="0" fileid="2" />
                <SequencePoint vc="0" uspid="144" ordinal="1" offset="1" sl="183" sc="13" el="183" ec="86" bec="0" bev="0" fileid="2" />
                <SequencePoint vc="0" uspid="145" ordinal="2" offset="18" sl="184" sc="13" el="184" ec="39" bec="0" bev="0" fileid="2" />
                <SequencePoint vc="0" uspid="146" ordinal="3" offset="25" sl="185" sc="13" el="185" ec="51" bec="0" bev="0" fileid="2" />
                <SequencePoint vc="0" uspid="147" ordinal="4" offset="37" sl="186" sc="13" el="186" ec="22" bec="0" bev="0" fileid="2" />
                <SequencePoint vc="0" uspid="148" ordinal="5" offset="53" sl="188" sc="13" el="188" ec="147" bec="0" bev="0" fileid="2" />
                <SequencePoint vc="0" uspid="149" ordinal="6" offset="90" sl="189" sc="13" el="189" ec="22" bec="0" bev="0" fileid="2" />
                <SequencePoint vc="0" uspid="150" ordinal="7" offset="106" sl="190" sc="9" el="190" ec="10" bec="0" bev="0" fileid="2" />
              </SequencePoints>
              <BranchPoints />
              <MethodPoint xsi:type="SequencePoint" vc="0" uspid="143" ordinal="0" offset="0" sl="182" sc="9" el="182" ec="10" bec="0" bev="0" fileid="2" />
            </Method>
          </Methods>
        </Class>
      </Classes>
    </Module>
  </Modules>
</CoverageSession>